2026-05-19 14:48:55.297 INFO  [prescription-service] [traceId=none] o.h.validator.internal.util.Version - HV000001: Hibernate Validator 8.0.3.Final
2026-05-19 14:48:55.636 INFO  [prescription-service] [traceId=none] c.m.p.PrescriptionServiceApplication - Starting PrescriptionServiceApplication using Java 20.0.2 with PID 32888 (C:\Users\Aishu\C_MediTrack\MediTrack\prescription-service\target\classes started by Aishu in C:\Users\Aishu\C_MediTrack\MediTrack\prescription-service)
2026-05-19 14:48:55.666 INFO  [prescription-service] [traceId=none] c.m.p.PrescriptionServiceApplication - No active profile set, falling back to 1 default profile: "default"
2026-05-19 14:49:16.093 INFO  [prescription-service] [traceId=none] o.s.d.r.c.RepositoryConfigurationDelegate - Bootstrapping Spring Data JPA repositories in DEFAULT mode.
2026-05-19 14:49:16.775 INFO  [prescription-service] [traceId=none] o.s.d.r.c.RepositoryConfigurationDelegate - Finished Spring Data repository scanning in 651 ms. Found 1 JPA repository interface.
2026-05-19 14:49:18.075 INFO  [prescription-service] [traceId=none] o.s.cloud.context.scope.GenericScope - BeanFactory id=1e4e7d19-f098-3e5f-8203-fdb81d31e6d8
2026-05-19 14:49:20.346 INFO  [prescription-service] [traceId=none] o.s.b.w.e.tomcat.TomcatWebServer - Tomcat initialized with port 8085 (http)
2026-05-19 14:49:20.421 INFO  [prescription-service] [traceId=none] o.a.coyote.http11.Http11NioProtocol - Initializing ProtocolHandler ["http-nio-8085"]
2026-05-19 14:49:20.430 INFO  [prescription-service] [traceId=none] o.a.catalina.core.StandardService - Starting service [Tomcat]
2026-05-19 14:49:20.431 INFO  [prescription-service] [traceId=none] o.a.catalina.core.StandardEngine - Starting Servlet engine: [Apache Tomcat/10.1.53]
2026-05-19 14:49:20.762 INFO  [prescription-service] [traceId=none] o.a.c.c.C.[Tomcat].[localhost].[/] - Initializing Spring embedded WebApplicationContext
2026-05-19 14:49:20.763 INFO  [prescription-service] [traceId=none] o.s.b.w.s.c.ServletWebServerApplicationContext - Root WebApplicationContext: initialization completed in 24308 ms
2026-05-19 14:49:21.923 INFO  [prescription-service] [traceId=none] o.h.jpa.internal.util.LogHelper - HHH000204: Processing PersistenceUnitInfo [name: default]
2026-05-19 14:49:22.180 INFO  [prescription-service] [traceId=none] org.hibernate.Version - HHH000412: Hibernate ORM core version 6.6.45.Final
2026-05-19 14:49:22.311 INFO  [prescription-service] [traceId=none] o.h.c.i.RegionFactoryInitiator - HHH000026: Second-level cache disabled
2026-05-19 14:49:23.894 INFO  [prescription-service] [traceId=none] o.s.o.j.p.SpringPersistenceUnitInfo - No LoadTimeWeaver setup: ignoring JPA class transformer
2026-05-19 14:49:24.154 INFO  [prescription-service] [traceId=none] com.zaxxer.hikari.HikariDataSource - HikariPool-1 - Starting...
2026-05-19 14:49:27.306 INFO  [prescription-service] [traceId=none] com.zaxxer.hikari.pool.HikariPool - HikariPool-1 - Added connection com.mysql.cj.jdbc.ConnectionImpl@7b33deed
2026-05-19 14:49:27.312 INFO  [prescription-service] [traceId=none] com.zaxxer.hikari.HikariDataSource - HikariPool-1 - Start completed.
2026-05-19 14:49:29.289 INFO  [prescription-service] [traceId=none] o.hibernate.orm.connections.pooling - HHH10001005: Database info:
	Database JDBC URL [Connecting through datasource 'HikariDataSource (HikariPool-1)']
	Database driver: undefined/unknown
	Database version: 8.0.45
	Autocommit mode: undefined/unknown
	Isolation level: undefined/unknown
	Minimum pool size: undefined/unknown
	Maximum pool size: undefined/unknown
2026-05-19 14:49:35.350 INFO  [prescription-service] [traceId=none] o.h.e.t.j.p.i.JtaPlatformInitiator - HHH000489: No JTA platform available (set 'hibernate.transaction.jta.platform' to enable JTA platform integration)
2026-05-19 14:49:35.558 INFO  [prescription-service] [traceId=none] o.s.o.j.LocalContainerEntityManagerFactoryBean - Initialized JPA EntityManagerFactory for persistence unit 'default'
2026-05-19 14:49:38.224 WARN  [prescription-service] [traceId=none] o.s.b.a.o.j.JpaBaseConfiguration$JpaWebConfiguration - spring.jpa.open-in-view is enabled by default. Therefore, database queries may be performed during view rendering. Explicitly configure spring.jpa.open-in-view to disable this warning
2026-05-19 14:49:39.931 INFO  [prescription-service] [traceId=none] o.s.c.o.FeignClientFactoryBean - For 'appointment-service' URL not provided. Will try picking an instance via load-balancing.
2026-05-19 14:49:40.777 INFO  [prescription-service] [traceId=none] o.s.c.o.FeignClientFactoryBean - For 'patient-service' URL not provided. Will try picking an instance via load-balancing.
2026-05-19 14:49:40.869 INFO  [prescription-service] [traceId=none] o.s.c.o.FeignClientFactoryBean - For 'notification-service' URL not provided. Will try picking an instance via load-balancing.
2026-05-19 14:49:43.283 WARN  [prescription-service] [traceId=none] o.s.b.a.s.s.UserDetailsServiceAutoConfiguration - 

Using generated security password: c586d1fe-605f-4f0f-aa88-938403dcb5d4

This generated password is for development use only. Your security configuration must be updated before running your application in production.

2026-05-19 14:49:47.147 INFO  [prescription-service] [traceId=none] o.s.c.n.e.c.DiscoveryClientOptionalArgsConfiguration - Eureka HTTP Client uses RestTemplate.
2026-05-19 14:49:47.318 WARN  [prescription-service] [traceId=none] o.s.c.l.c.LoadBalancerCacheAutoConfiguration$LoadBalancerCaffeineWarnLogger - Spring Cloud LoadBalancer is currently working with the default cache. While this cache implementation is useful for development and tests, it's recommended to use Caffeine cache in production.You can switch to using Caffeine cache, by adding it and org.springframework.cache.caffeine.CaffeineCacheManager to the classpath.
2026-05-19 14:49:47.592 INFO  [prescription-service] [traceId=none] o.s.c.n.eureka.InstanceInfoFactory - Setting initial instance status as: STARTING
2026-05-19 14:49:49.301 INFO  [prescription-service] [traceId=none] o.s.c.n.e.s.EurekaServiceRegistry - Registering application PRESCRIPTION-SERVICE with eureka with status UP
2026-05-19 14:49:49.307 INFO  [prescription-service] [traceId=none] o.a.coyote.http11.Http11NioProtocol - Starting ProtocolHandler ["http-nio-8085"]
2026-05-19 14:49:49.449 INFO  [prescription-service] [traceId=none] o.s.b.w.e.tomcat.TomcatWebServer - Tomcat started on port 8085 (http) with context path '/'
2026-05-19 14:49:49.451 INFO  [prescription-service] [traceId=none] o.s.c.n.e.s.EurekaAutoServiceRegistration - Updating port to 8085
2026-05-19 14:49:50.159 INFO  [prescription-service] [traceId=none] c.m.p.PrescriptionServiceApplication - Started PrescriptionServiceApplication in 62.609 seconds (process running for 76.904)
2026-05-19 15:30:07.449 INFO  [prescription-service] [traceId=none] o.a.c.c.C.[Tomcat].[localhost].[/] - Initializing Spring DispatcherServlet 'dispatcherServlet'
2026-05-19 15:30:07.546 INFO  [prescription-service] [traceId=none] o.s.web.servlet.DispatcherServlet - Initializing Servlet 'dispatcherServlet'
2026-05-19 15:30:07.963 INFO  [prescription-service] [traceId=none] o.s.web.servlet.DispatcherServlet - Completed initialization in 407 ms
2026-05-19 15:30:09.996 INFO  [prescription-service] [traceId=742c9913] c.m.prescription.aop.LoggingAspect - [CONTROLLER][742c9913] --> PrescriptionController.getAll() | args: []
2026-05-19 15:30:10.006 INFO  [prescription-service] [traceId=742c9913] c.m.prescription.aop.LoggingAspect - [SERVICE][742c9913] --> PrescriptionService.getAllPrescriptions() | args: []
2026-05-19 15:30:10.025 INFO  [prescription-service] [traceId=742c9913] c.m.p.service.PrescriptionService - getAllPrescriptions called by role: SUPER_ADMIN
2026-05-19 15:30:11.846 INFO  [prescription-service] [traceId=742c9913] c.m.prescription.aop.LoggingAspect - [SERVICE][742c9913] <-- PrescriptionService.getAllPrescriptions() | 1840ms | result: [com.meditrack.prescription.entity.Prescription@755f5c21]
2026-05-19 15:30:11.849 INFO  [prescription-service] [traceId=none] c.m.prescription.aop.LoggingAspect - [CONTROLLER][742c9913] <-- PrescriptionController.getAll() | 1853ms | result: <200 OK OK,[com.meditrack.prescription.entity.Prescription@755f5c21],[]>
2026-05-19 15:30:12.307 INFO  [prescription-service] [traceId=a97024bd] c.m.prescription.aop.LoggingAspect - [CONTROLLER][a97024bd] --> PrescriptionController.getAll() | args: []
2026-05-19 15:30:12.308 INFO  [prescription-service] [traceId=a97024bd] c.m.prescription.aop.LoggingAspect - [SERVICE][a97024bd] --> PrescriptionService.getAllPrescriptions() | args: []
2026-05-19 15:30:12.308 INFO  [prescription-service] [traceId=a97024bd] c.m.p.service.PrescriptionService - getAllPrescriptions called by role: SUPER_ADMIN
2026-05-19 15:30:12.355 INFO  [prescription-service] [traceId=a97024bd] c.m.prescription.aop.LoggingAspect - [SERVICE][a97024bd] <-- PrescriptionService.getAllPrescriptions() | 47ms | result: [com.meditrack.prescription.entity.Prescription@41353858]
2026-05-19 15:30:12.355 INFO  [prescription-service] [traceId=none] c.m.prescription.aop.LoggingAspect - [CONTROLLER][a97024bd] <-- PrescriptionController.getAll() | 48ms | result: <200 OK OK,[com.meditrack.prescription.entity.Prescription@41353858],[]>
2026-05-19 15:47:13.690 WARN  [prescription-service] [traceId=none] c.n.d.s.t.d.RetryableEurekaHttpClient - Request execution failed with message: I/O error on PUT request for "http://localhost:8761/eureka/apps/PRESCRIPTION-SERVICE/DESKTOP-TE08QKM:prescription-service:8085": Connect to http://localhost:8761 failed: Connection refused: no further information
2026-05-19 15:47:13.747 WARN  [prescription-service] [traceId=none] c.n.d.s.t.d.RetryableEurekaHttpClient - Request execution failed with message: I/O error on PUT request for "http://localhost:8761/eureka/apps/PRESCRIPTION-SERVICE/DESKTOP-TE08QKM:prescription-service:8085": Connect to http://localhost:8761 failed: Connection refused: no further information
2026-05-19 15:47:13.752 ERROR [prescription-service] [traceId=none] c.netflix.discovery.DiscoveryClient - DiscoveryClient_PRESCRIPTION-SERVICE/DESKTOP-TE08QKM:prescription-service:8085 - was unable to send heartbeat!
com.netflix.discovery.shared.transport.TransportException: Cannot execute request on any known server
	at com.netflix.discovery.shared.transport.decorator.RetryableEurekaHttpClient.execute(RetryableEurekaHttpClient.java:112)
	at com.netflix.discovery.shared.transport.decorator.EurekaHttpClientDecorator.sendHeartBeat(EurekaHttpClientDecorator.java:89)
	at com.netflix.discovery.shared.transport.decorator.EurekaHttpClientDecorator$3.execute(EurekaHttpClientDecorator.java:92)
	at com.netflix.discovery.shared.transport.decorator.SessionedEurekaHttpClient.execute(SessionedEurekaHttpClient.java:76)
	at com.netflix.discovery.shared.transport.decorator.EurekaHttpClientDecorator.sendHeartBeat(EurekaHttpClientDecorator.java:89)
	at com.netflix.discovery.DiscoveryClient.renew(DiscoveryClient.java:860)
	at com.netflix.discovery.DiscoveryClient$HeartbeatThread.run(DiscoveryClient.java:1418)
	at java.base/java.util.concurrent.Executors$RunnableAdapter.call(Executors.java:577)
	at java.base/java.util.concurrent.FutureTask.run(FutureTask.java:317)
	at java.base/java.util.concurrent.ThreadPoolExecutor.runWorker(ThreadPoolExecutor.java:1144)
	at java.base/java.util.concurrent.ThreadPoolExecutor$Worker.run(ThreadPoolExecutor.java:642)
	at java.base/java.lang.Thread.run(Thread.java:1623)
2026-05-19 15:47:17.787 WARN  [prescription-service] [traceId=none] c.n.d.s.t.d.RetryableEurekaHttpClient - Request execution failed with message: I/O error on GET request for "http://localhost:8761/eureka/apps/delta": Connect to http://localhost:8761 failed: Connection refused: no further information
2026-05-19 15:47:17.828 WARN  [prescription-service] [traceId=none] c.n.d.s.t.d.RetryableEurekaHttpClient - Request execution failed with message: I/O error on GET request for "http://localhost:8761/eureka/apps/delta": Connect to http://localhost:8761 failed: Connection refused: no further information
2026-05-19 15:47:18.322 INFO  [prescription-service] [traceId=none] o.s.b.a.SpringApplicationAdminMXBeanRegistrar$SpringApplicationAdmin - Application shutdown requested.
2026-05-19 15:47:18.374 INFO  [prescription-service] [traceId=none] o.s.c.n.e.s.EurekaServiceRegistry - Unregistering application PRESCRIPTION-SERVICE with eureka with status DOWN
2026-05-19 15:47:18.441 WARN  [prescription-service] [traceId=none] c.n.d.s.t.d.RetryableEurekaHttpClient - Request execution failed with message: I/O error on POST request for "http://localhost:8761/eureka/apps/PRESCRIPTION-SERVICE": Connect to http://localhost:8761 failed: Connection refused: no further information
2026-05-19 15:47:18.442 WARN  [prescription-service] [traceId=none] c.netflix.discovery.DiscoveryClient - DiscoveryClient_PRESCRIPTION-SERVICE/DESKTOP-TE08QKM:prescription-service:8085 - registration failed Cannot execute request on any known server
com.netflix.discovery.shared.transport.TransportException: Cannot execute request on any known server
	at com.netflix.discovery.shared.transport.decorator.RetryableEurekaHttpClient.execute(RetryableEurekaHttpClient.java:112)
	at com.netflix.discovery.shared.transport.decorator.EurekaHttpClientDecorator.register(EurekaHttpClientDecorator.java:56)
	at com.netflix.discovery.shared.transport.decorator.EurekaHttpClientDecorator$1.execute(EurekaHttpClientDecorator.java:59)
	at com.netflix.discovery.shared.transport.decorator.SessionedEurekaHttpClient.execute(SessionedEurekaHttpClient.java:76)
	at com.netflix.discovery.shared.transport.decorator.EurekaHttpClientDecorator.register(EurekaHttpClientDecorator.java:56)
	at com.netflix.discovery.DiscoveryClient.register(DiscoveryClient.java:843)
	at com.netflix.discovery.InstanceInfoReplicator.run(InstanceInfoReplicator.java:125)
	at com.netflix.discovery.InstanceInfoReplicator$2.run(InstanceInfoReplicator.java:105)
	at java.base/java.util.concurrent.Executors$RunnableAdapter.call(Executors.java:577)
	at java.base/java.util.concurrent.FutureTask.run(FutureTask.java:317)
	at java.base/java.util.concurrent.ScheduledThreadPoolExecutor$ScheduledFutureTask.run(ScheduledThreadPoolExecutor.java:304)
	at java.base/java.util.concurrent.ThreadPoolExecutor.runWorker(ThreadPoolExecutor.java:1144)
	at java.base/java.util.concurrent.ThreadPoolExecutor$Worker.run(ThreadPoolExecutor.java:642)
	at java.base/java.lang.Thread.run(Thread.java:1623)
2026-05-19 15:47:18.442 WARN  [prescription-service] [traceId=none] c.n.discovery.InstanceInfoReplicator - There was a problem with the instance info replicator
com.netflix.discovery.shared.transport.TransportException: Cannot execute request on any known server
	at com.netflix.discovery.shared.transport.decorator.RetryableEurekaHttpClient.execute(RetryableEurekaHttpClient.java:112)
	at com.netflix.discovery.shared.transport.decorator.EurekaHttpClientDecorator.register(EurekaHttpClientDecorator.java:56)
	at com.netflix.discovery.shared.transport.decorator.EurekaHttpClientDecorator$1.execute(EurekaHttpClientDecorator.java:59)
	at com.netflix.discovery.shared.transport.decorator.SessionedEurekaHttpClient.execute(SessionedEurekaHttpClient.java:76)
	at com.netflix.discovery.shared.transport.decorator.EurekaHttpClientDecorator.register(EurekaHttpClientDecorator.java:56)
	at com.netflix.discovery.DiscoveryClient.register(DiscoveryClient.java:843)
	at com.netflix.discovery.InstanceInfoReplicator.run(InstanceInfoReplicator.java:125)
	at com.netflix.discovery.InstanceInfoReplicator$2.run(InstanceInfoReplicator.java:105)
	at java.base/java.util.concurrent.Executors$RunnableAdapter.call(Executors.java:577)
	at java.base/java.util.concurrent.FutureTask.run(FutureTask.java:317)
	at java.base/java.util.concurrent.ScheduledThreadPoolExecutor$ScheduledFutureTask.run(ScheduledThreadPoolExecutor.java:304)
	at java.base/java.util.concurrent.ThreadPoolExecutor.runWorker(ThreadPoolExecutor.java:1144)
	at java.base/java.util.concurrent.ThreadPoolExecutor$Worker.run(ThreadPoolExecutor.java:642)
	at java.base/java.lang.Thread.run(Thread.java:1623)
2026-05-19 15:47:18.489 INFO  [prescription-service] [traceId=none] o.s.b.w.e.tomcat.GracefulShutdown - Commencing graceful shutdown. Waiting for active requests to complete
2026-05-19 15:47:18.516 INFO  [prescription-service] [traceId=none] o.a.coyote.http11.Http11NioProtocol - Pausing ProtocolHandler ["http-nio-8085"]
2026-05-19 15:47:18.596 INFO  [prescription-service] [traceId=none] o.s.b.w.e.tomcat.GracefulShutdown - Graceful shutdown complete
2026-05-19 15:47:18.607 INFO  [prescription-service] [traceId=none] o.a.coyote.http11.Http11NioProtocol - Stopping ProtocolHandler ["http-nio-8085"]
2026-05-19 15:47:18.713 INFO  [prescription-service] [traceId=none] o.s.o.j.LocalContainerEntityManagerFactoryBean - Closing JPA EntityManagerFactory for persistence unit 'default'
2026-05-19 15:47:18.786 INFO  [prescription-service] [traceId=none] com.zaxxer.hikari.HikariDataSource - HikariPool-1 - Shutdown initiated...
2026-05-19 15:47:18.830 INFO  [prescription-service] [traceId=none] com.zaxxer.hikari.HikariDataSource - HikariPool-1 - Shutdown completed.
2026-05-19 15:47:21.906 WARN  [prescription-service] [traceId=none] c.n.d.s.t.d.RetryableEurekaHttpClient - Request execution failed with message: I/O error on DELETE request for "http://localhost:8761/eureka/apps/PRESCRIPTION-SERVICE/DESKTOP-TE08QKM:prescription-service:8085": Connect to http://localhost:8761 failed: Connection refused: no further information
2026-05-19 15:47:21.907 ERROR [prescription-service] [traceId=none] c.netflix.discovery.DiscoveryClient - DiscoveryClient_PRESCRIPTION-SERVICE/DESKTOP-TE08QKM:prescription-service:8085 - de-registration failedCannot execute request on any known server
com.netflix.discovery.shared.transport.TransportException: Cannot execute request on any known server
	at com.netflix.discovery.shared.transport.decorator.RetryableEurekaHttpClient.execute(RetryableEurekaHttpClient.java:112)
	at com.netflix.discovery.shared.transport.decorator.EurekaHttpClientDecorator.cancel(EurekaHttpClientDecorator.java:71)
	at com.netflix.discovery.shared.transport.decorator.EurekaHttpClientDecorator$2.execute(EurekaHttpClientDecorator.java:74)
	at com.netflix.discovery.shared.transport.decorator.SessionedEurekaHttpClient.execute(SessionedEurekaHttpClient.java:76)
	at com.netflix.discovery.shared.transport.decorator.EurekaHttpClientDecorator.cancel(EurekaHttpClientDecorator.java:71)
	at com.netflix.discovery.DiscoveryClient.unregister(DiscoveryClient.java:934)
	at com.netflix.discovery.DiscoveryClient.shutdown(DiscoveryClient.java:915)
	at java.base/jdk.internal.reflect.DirectMethodHandleAccessor.invoke(DirectMethodHandleAccessor.java:104)
	at java.base/java.lang.reflect.Method.invoke(Method.java:578)
	at org.springframework.beans.factory.annotation.InitDestroyAnnotationBeanPostProcessor$LifecycleMethod.invoke(InitDestroyAnnotationBeanPostProcessor.java:457)
	at org.springframework.beans.factory.annotation.InitDestroyAnnotationBeanPostProcessor$LifecycleMetadata.invokeDestroyMethods(InitDestroyAnnotationBeanPostProcessor.java:415)
	at org.springframework.beans.factory.annotation.InitDestroyAnnotationBeanPostProcessor.postProcessBeforeDestruction(InitDestroyAnnotationBeanPostProcessor.java:239)
	at org.springframework.beans.factory.support.DisposableBeanAdapter.destroy(DisposableBeanAdapter.java:203)
	at org.springframework.beans.factory.support.DisposableBeanAdapter.run(DisposableBeanAdapter.java:196)
	at org.springframework.cloud.context.scope.GenericScope$BeanLifecycleWrapper.destroy(GenericScope.java:387)
	at org.springframework.cloud.context.scope.GenericScope.destroy(GenericScope.java:134)
	at org.springframework.beans.factory.support.DisposableBeanAdapter.destroy(DisposableBeanAdapter.java:212)
	at org.springframework.beans.factory.support.DefaultSingletonBeanRegistry.destroyBean(DefaultSingletonBeanRegistry.java:798)
	at org.springframework.beans.factory.support.DefaultSingletonBeanRegistry.destroySingleton(DefaultSingletonBeanRegistry.java:748)
	at org.springframework.beans.factory.support.DefaultListableBeanFactory.destroySingleton(DefaultListableBeanFactory.java:1499)
	at org.springframework.beans.factory.support.DefaultSingletonBeanRegistry.destroySingletons(DefaultSingletonBeanRegistry.java:707)
	at org.springframework.beans.factory.support.DefaultListableBeanFactory.destroySingletons(DefaultListableBeanFactory.java:1492)
	at org.springframework.context.support.AbstractApplicationContext.destroyBeans(AbstractApplicationContext.java:1243)
	at org.springframework.context.support.AbstractApplicationContext.doClose(AbstractApplicationContext.java:1204)
	at org.springframework.boot.web.servlet.context.ServletWebServerApplicationContext.doClose(ServletWebServerApplicationContext.java:179)
	at org.springframework.context.support.AbstractApplicationContext.close(AbstractApplicationContext.java:1150)
	at org.springframework.boot.admin.SpringApplicationAdminMXBeanRegistrar$SpringApplicationAdmin.shutdown(SpringApplicationAdminMXBeanRegistrar.java:160)
	at java.base/jdk.internal.reflect.DirectMethodHandleAccessor.invoke(DirectMethodHandleAccessor.java:104)
	at java.base/java.lang.reflect.Method.invoke(Method.java:578)
	at sun.reflect.misc.Trampoline.invoke(MethodUtil.java:64)
	at java.base/jdk.internal.reflect.DirectMethodHandleAccessor.invoke(DirectMethodHandleAccessor.java:104)
	at java.base/java.lang.reflect.Method.invoke(Method.java:578)
	at java.base/sun.reflect.misc.MethodUtil.invoke(MethodUtil.java:97)
	at java.management/com.sun.jmx.mbeanserver.ConvertingMethod.invokeWithOpenReturn(ConvertingMethod.java:193)
	at java.management/com.sun.jmx.mbeanserver.ConvertingMethod.invokeWithOpenReturn(ConvertingMethod.java:175)
	at java.management/com.sun.jmx.mbeanserver.MXBeanIntrospector.invokeM2(MXBeanIntrospector.java:115)
	at java.management/com.sun.jmx.mbeanserver.MXBeanIntrospector.invokeM2(MXBeanIntrospector.java:52)
	at java.management/com.sun.jmx.mbeanserver.MBeanIntrospector.invokeM(MBeanIntrospector.java:236)
	at java.management/com.sun.jmx.mbeanserver.PerInterface.invoke(PerInterface.java:138)
	at java.management/com.sun.jmx.mbeanserver.MBeanSupport.invoke(MBeanSupport.java:252)
	at java.management/com.sun.jmx.interceptor.DefaultMBeanServerInterceptor.invoke(DefaultMBeanServerInterceptor.java:803)
	at java.management/com.sun.jmx.mbeanserver.JmxMBeanServer.invoke(JmxMBeanServer.java:802)
	at java.management.rmi/javax.management.remote.rmi.RMIConnectionImpl.doOperation(RMIConnectionImpl.java:1472)
	at java.management.rmi/javax.management.remote.rmi.RMIConnectionImpl$PrivilegedOperation.run(RMIConnectionImpl.java:1310)
	at java.management.rmi/javax.management.remote.rmi.RMIConnectionImpl.doPrivilegedOperation(RMIConnectionImpl.java:1405)
	at java.management.rmi/javax.management.remote.rmi.RMIConnectionImpl.invoke(RMIConnectionImpl.java:829)
	at java.base/jdk.internal.reflect.DirectMethodHandleAccessor.invoke(DirectMethodHandleAccessor.java:104)
	at java.base/java.lang.reflect.Method.invoke(Method.java:578)
	at java.rmi/sun.rmi.server.UnicastServerRef.dispatch(UnicastServerRef.java:360)
	at java.rmi/sun.rmi.transport.Transport$1.run(Transport.java:200)
	at java.rmi/sun.rmi.transport.Transport$1.run(Transport.java:197)
	at java.base/java.security.AccessController.doPrivileged(AccessController.java:714)
	at java.rmi/sun.rmi.transport.Transport.serviceCall(Transport.java:196)
	at java.rmi/sun.rmi.transport.tcp.TCPTransport.handleMessages(TCPTransport.java:598)
	at java.rmi/sun.rmi.transport.tcp.TCPTransport$ConnectionHandler.run0(TCPTransport.java:844)
	at java.rmi/sun.rmi.transport.tcp.TCPTransport$ConnectionHandler.lambda$run$0(TCPTransport.java:721)
	at java.base/java.security.AccessController.doPrivileged(AccessController.java:400)
	at java.rmi/sun.rmi.transport.tcp.TCPTransport$ConnectionHandler.run(TCPTransport.java:720)
	at java.base/java.util.concurrent.ThreadPoolExecutor.runWorker(ThreadPoolExecutor.java:1144)
	at java.base/java.util.concurrent.ThreadPoolExecutor$Worker.run(ThreadPoolExecutor.java:642)
	at java.base/java.lang.Thread.run(Thread.java:1623)
2026-05-19 15:50:20.916 INFO  [prescription-service] [traceId=none] o.h.validator.internal.util.Version - HV000001: Hibernate Validator 8.0.3.Final
2026-05-19 15:50:20.947 INFO  [prescription-service] [traceId=none] c.m.p.PrescriptionServiceApplication - Starting PrescriptionServiceApplication using Java 20.0.2 with PID 12640 (C:\Users\Aishu\C_MediTrack\MediTrack\prescription-service\target\classes started by Aishu in C:\Users\Aishu\C_MediTrack\MediTrack\prescription-service)
2026-05-19 15:50:20.949 INFO  [prescription-service] [traceId=none] c.m.p.PrescriptionServiceApplication - No active profile set, falling back to 1 default profile: "default"
2026-05-19 15:50:25.943 INFO  [prescription-service] [traceId=none] o.s.d.r.c.RepositoryConfigurationDelegate - Bootstrapping Spring Data JPA repositories in DEFAULT mode.
2026-05-19 15:50:26.317 INFO  [prescription-service] [traceId=none] o.s.d.r.c.RepositoryConfigurationDelegate - Finished Spring Data repository scanning in 354 ms. Found 1 JPA repository interface.
2026-05-19 15:50:27.469 INFO  [prescription-service] [traceId=none] o.s.cloud.context.scope.GenericScope - BeanFactory id=1e4e7d19-f098-3e5f-8203-fdb81d31e6d8
2026-05-19 15:50:29.395 INFO  [prescription-service] [traceId=none] o.s.b.w.e.tomcat.TomcatWebServer - Tomcat initialized with port 8085 (http)
2026-05-19 15:50:29.424 INFO  [prescription-service] [traceId=none] o.a.coyote.http11.Http11NioProtocol - Initializing ProtocolHandler ["http-nio-8085"]
2026-05-19 15:50:29.430 INFO  [prescription-service] [traceId=none] o.a.catalina.core.StandardService - Starting service [Tomcat]
2026-05-19 15:50:29.432 INFO  [prescription-service] [traceId=none] o.a.catalina.core.StandardEngine - Starting Servlet engine: [Apache Tomcat/10.1.53]
2026-05-19 15:50:29.625 INFO  [prescription-service] [traceId=none] o.a.c.c.C.[Tomcat].[localhost].[/] - Initializing Spring embedded WebApplicationContext
2026-05-19 15:50:29.626 INFO  [prescription-service] [traceId=none] o.s.b.w.s.c.ServletWebServerApplicationContext - Root WebApplicationContext: initialization completed in 8456 ms
2026-05-19 15:50:30.244 INFO  [prescription-service] [traceId=none] o.h.jpa.internal.util.LogHelper - HHH000204: Processing PersistenceUnitInfo [name: default]
2026-05-19 15:50:30.382 INFO  [prescription-service] [traceId=none] org.hibernate.Version - HHH000412: Hibernate ORM core version 6.6.45.Final
2026-05-19 15:50:30.460 INFO  [prescription-service] [traceId=none] o.h.c.i.RegionFactoryInitiator - HHH000026: Second-level cache disabled
2026-05-19 15:50:31.224 INFO  [prescription-service] [traceId=none] o.s.o.j.p.SpringPersistenceUnitInfo - No LoadTimeWeaver setup: ignoring JPA class transformer
2026-05-19 15:50:31.328 INFO  [prescription-service] [traceId=none] com.zaxxer.hikari.HikariDataSource - HikariPool-1 - Starting...
2026-05-19 15:50:32.529 INFO  [prescription-service] [traceId=none] com.zaxxer.hikari.pool.HikariPool - HikariPool-1 - Added connection com.mysql.cj.jdbc.ConnectionImpl@c6d7256
2026-05-19 15:50:32.532 INFO  [prescription-service] [traceId=none] com.zaxxer.hikari.HikariDataSource - HikariPool-1 - Start completed.
2026-05-19 15:50:32.796 INFO  [prescription-service] [traceId=none] o.hibernate.orm.connections.pooling - HHH10001005: Database info:
	Database JDBC URL [Connecting through datasource 'HikariDataSource (HikariPool-1)']
	Database driver: undefined/unknown
	Database version: 8.0.45
	Autocommit mode: undefined/unknown
	Isolation level: undefined/unknown
	Minimum pool size: undefined/unknown
	Maximum pool size: undefined/unknown
2026-05-19 15:50:35.623 INFO  [prescription-service] [traceId=none] o.h.e.t.j.p.i.JtaPlatformInitiator - HHH000489: No JTA platform available (set 'hibernate.transaction.jta.platform' to enable JTA platform integration)
2026-05-19 15:50:35.829 INFO  [prescription-service] [traceId=none] o.s.o.j.LocalContainerEntityManagerFactoryBean - Initialized JPA EntityManagerFactory for persistence unit 'default'
2026-05-19 15:50:37.443 WARN  [prescription-service] [traceId=none] o.s.b.a.o.j.JpaBaseConfiguration$JpaWebConfiguration - spring.jpa.open-in-view is enabled by default. Therefore, database queries may be performed during view rendering. Explicitly configure spring.jpa.open-in-view to disable this warning
2026-05-19 15:50:38.420 INFO  [prescription-service] [traceId=none] o.s.c.o.FeignClientFactoryBean - For 'appointment-service' URL not provided. Will try picking an instance via load-balancing.
2026-05-19 15:50:38.928 INFO  [prescription-service] [traceId=none] o.s.c.o.FeignClientFactoryBean - For 'patient-service' URL not provided. Will try picking an instance via load-balancing.
2026-05-19 15:50:39.083 INFO  [prescription-service] [traceId=none] o.s.c.o.FeignClientFactoryBean - For 'notification-service' URL not provided. Will try picking an instance via load-balancing.
2026-05-19 15:50:40.985 WARN  [prescription-service] [traceId=none] o.s.b.a.s.s.UserDetailsServiceAutoConfiguration - 

Using generated security password: 0e9b9eab-e9db-48b6-a115-6f0f95510356

This generated password is for development use only. Your security configuration must be updated before running your application in production.

2026-05-19 15:50:45.437 INFO  [prescription-service] [traceId=none] o.s.c.n.e.c.DiscoveryClientOptionalArgsConfiguration - Eureka HTTP Client uses RestTemplate.
2026-05-19 15:50:45.537 WARN  [prescription-service] [traceId=none] o.s.c.l.c.LoadBalancerCacheAutoConfiguration$LoadBalancerCaffeineWarnLogger - Spring Cloud LoadBalancer is currently working with the default cache. While this cache implementation is useful for development and tests, it's recommended to use Caffeine cache in production.You can switch to using Caffeine cache, by adding it and org.springframework.cache.caffeine.CaffeineCacheManager to the classpath.
2026-05-19 15:50:45.856 INFO  [prescription-service] [traceId=none] o.s.c.n.eureka.InstanceInfoFactory - Setting initial instance status as: STARTING
2026-05-19 15:50:47.237 INFO  [prescription-service] [traceId=none] o.s.c.n.e.s.EurekaServiceRegistry - Registering application PRESCRIPTION-SERVICE with eureka with status UP
2026-05-19 15:50:47.246 INFO  [prescription-service] [traceId=none] o.a.coyote.http11.Http11NioProtocol - Starting ProtocolHandler ["http-nio-8085"]
2026-05-19 15:50:47.430 INFO  [prescription-service] [traceId=none] o.s.b.w.e.tomcat.TomcatWebServer - Tomcat started on port 8085 (http) with context path '/'
2026-05-19 15:50:47.432 INFO  [prescription-service] [traceId=none] o.s.c.n.e.s.EurekaAutoServiceRegistration - Updating port to 8085
2026-05-19 15:50:47.965 INFO  [prescription-service] [traceId=none] c.m.p.PrescriptionServiceApplication - Started PrescriptionServiceApplication in 29.586 seconds (process running for 32.016)
2026-05-19 15:55:07.554 INFO  [prescription-service] [traceId=none] o.a.c.c.C.[Tomcat].[localhost].[/] - Initializing Spring DispatcherServlet 'dispatcherServlet'
2026-05-19 15:55:07.579 INFO  [prescription-service] [traceId=none] o.s.web.servlet.DispatcherServlet - Initializing Servlet 'dispatcherServlet'
2026-05-19 15:55:07.717 INFO  [prescription-service] [traceId=none] o.s.web.servlet.DispatcherServlet - Completed initialization in 137 ms
2026-05-19 15:55:08.243 INFO  [prescription-service] [traceId=4e460d05] c.m.prescription.aop.LoggingAspect - [CONTROLLER][4e460d05] --> PrescriptionController.getByDoctor(..) | args: [2]
2026-05-19 15:55:08.243 INFO  [prescription-service] [traceId=4e460d05] c.m.prescription.aop.LoggingAspect - [SERVICE][4e460d05] --> PrescriptionService.getPrescriptionsByDoctor(..) | args: [2]
2026-05-19 15:55:08.843 INFO  [prescription-service] [traceId=4e460d05] c.m.prescription.aop.LoggingAspect - [SERVICE][4e460d05] <-- PrescriptionService.getPrescriptionsByDoctor(..) | 600ms | result: []
2026-05-19 15:55:08.845 INFO  [prescription-service] [traceId=none] c.m.prescription.aop.LoggingAspect - [CONTROLLER][4e460d05] <-- PrescriptionController.getByDoctor(..) | 602ms | result: <200 OK OK,[],[]>
2026-05-19 15:55:08.940 INFO  [prescription-service] [traceId=60bdac1e] c.m.prescription.aop.LoggingAspect - [CONTROLLER][60bdac1e] --> PrescriptionController.getByDoctor(..) | args: [2]
2026-05-19 15:55:08.940 INFO  [prescription-service] [traceId=60bdac1e] c.m.prescription.aop.LoggingAspect - [SERVICE][60bdac1e] --> PrescriptionService.getPrescriptionsByDoctor(..) | args: [2]
2026-05-19 15:55:08.948 INFO  [prescription-service] [traceId=60bdac1e] c.m.prescription.aop.LoggingAspect - [SERVICE][60bdac1e] <-- PrescriptionService.getPrescriptionsByDoctor(..) | 8ms | result: []
2026-05-19 15:55:08.949 INFO  [prescription-service] [traceId=none] c.m.prescription.aop.LoggingAspect - [CONTROLLER][60bdac1e] <-- PrescriptionController.getByDoctor(..) | 9ms | result: <200 OK OK,[],[]>
2026-05-19 16:07:22.467 WARN  [prescription-service] [traceId=none] c.n.d.s.t.d.RetryableEurekaHttpClient - Request execution failed with message: I/O error on PUT request for "http://localhost:8761/eureka/apps/PRESCRIPTION-SERVICE/DESKTOP-TE08QKM:prescription-service:8085": Connect to http://localhost:8761 failed: Connection refused: no further information
2026-05-19 16:07:22.562 WARN  [prescription-service] [traceId=none] c.n.d.s.t.d.RetryableEurekaHttpClient - Request execution failed with message: I/O error on PUT request for "http://localhost:8761/eureka/apps/PRESCRIPTION-SERVICE/DESKTOP-TE08QKM:prescription-service:8085": Connect to http://localhost:8761 failed: Connection refused: no further information
2026-05-19 16:07:22.566 ERROR [prescription-service] [traceId=none] c.netflix.discovery.DiscoveryClient - DiscoveryClient_PRESCRIPTION-SERVICE/DESKTOP-TE08QKM:prescription-service:8085 - was unable to send heartbeat!
com.netflix.discovery.shared.transport.TransportException: Cannot execute request on any known server
	at com.netflix.discovery.shared.transport.decorator.RetryableEurekaHttpClient.execute(RetryableEurekaHttpClient.java:112)
	at com.netflix.discovery.shared.transport.decorator.EurekaHttpClientDecorator.sendHeartBeat(EurekaHttpClientDecorator.java:89)
	at com.netflix.discovery.shared.transport.decorator.EurekaHttpClientDecorator$3.execute(EurekaHttpClientDecorator.java:92)
	at com.netflix.discovery.shared.transport.decorator.SessionedEurekaHttpClient.execute(SessionedEurekaHttpClient.java:76)
	at com.netflix.discovery.shared.transport.decorator.EurekaHttpClientDecorator.sendHeartBeat(EurekaHttpClientDecorator.java:89)
	at com.netflix.discovery.DiscoveryClient.renew(DiscoveryClient.java:860)
	at com.netflix.discovery.DiscoveryClient$HeartbeatThread.run(DiscoveryClient.java:1418)
	at java.base/java.util.concurrent.Executors$RunnableAdapter.call(Executors.java:577)
	at java.base/java.util.concurrent.FutureTask.run(FutureTask.java:317)
	at java.base/java.util.concurrent.ThreadPoolExecutor.runWorker(ThreadPoolExecutor.java:1144)
	at java.base/java.util.concurrent.ThreadPoolExecutor$Worker.run(ThreadPoolExecutor.java:642)
	at java.base/java.lang.Thread.run(Thread.java:1623)
2026-05-19 16:07:28.506 WARN  [prescription-service] [traceId=none] c.n.d.s.t.d.RetryableEurekaHttpClient - Request execution failed with message: I/O error on GET request for "http://localhost:8761/eureka/apps/delta": Connect to http://localhost:8761 failed: Connection refused: no further information
2026-05-19 16:07:28.563 WARN  [prescription-service] [traceId=none] c.n.d.s.t.d.RetryableEurekaHttpClient - Request execution failed with message: I/O error on GET request for "http://localhost:8761/eureka/apps/delta": Connect to http://localhost:8761 failed: Connection refused: no further information
2026-05-19 16:07:48.134 INFO  [prescription-service] [traceId=none] o.s.b.a.SpringApplicationAdminMXBeanRegistrar$SpringApplicationAdmin - Application shutdown requested.
2026-05-19 16:07:48.134 INFO  [prescription-service] [traceId=none] o.s.b.a.SpringApplicationAdminMXBeanRegistrar$SpringApplicationAdmin - Application shutdown requested.
2026-05-19 16:07:48.176 INFO  [prescription-service] [traceId=none] o.s.c.n.e.s.EurekaServiceRegistry - Unregistering application PRESCRIPTION-SERVICE with eureka with status DOWN
2026-05-19 16:07:48.222 WARN  [prescription-service] [traceId=none] c.n.d.s.t.d.RetryableEurekaHttpClient - Request execution failed with message: I/O error on POST request for "http://localhost:8761/eureka/apps/PRESCRIPTION-SERVICE": Connect to http://localhost:8761 failed: Connection refused: no further information
2026-05-19 16:07:48.222 WARN  [prescription-service] [traceId=none] c.netflix.discovery.DiscoveryClient - DiscoveryClient_PRESCRIPTION-SERVICE/DESKTOP-TE08QKM:prescription-service:8085 - registration failed Cannot execute request on any known server
com.netflix.discovery.shared.transport.TransportException: Cannot execute request on any known server
	at com.netflix.discovery.shared.transport.decorator.RetryableEurekaHttpClient.execute(RetryableEurekaHttpClient.java:112)
	at com.netflix.discovery.shared.transport.decorator.EurekaHttpClientDecorator.register(EurekaHttpClientDecorator.java:56)
	at com.netflix.discovery.shared.transport.decorator.EurekaHttpClientDecorator$1.execute(EurekaHttpClientDecorator.java:59)
	at com.netflix.discovery.shared.transport.decorator.SessionedEurekaHttpClient.execute(SessionedEurekaHttpClient.java:76)
	at com.netflix.discovery.shared.transport.decorator.EurekaHttpClientDecorator.register(EurekaHttpClientDecorator.java:56)
	at com.netflix.discovery.DiscoveryClient.register(DiscoveryClient.java:843)
	at com.netflix.discovery.InstanceInfoReplicator.run(InstanceInfoReplicator.java:125)
	at com.netflix.discovery.InstanceInfoReplicator$2.run(InstanceInfoReplicator.java:105)
	at java.base/java.util.concurrent.Executors$RunnableAdapter.call(Executors.java:577)
	at java.base/java.util.concurrent.FutureTask.run(FutureTask.java:317)
	at java.base/java.util.concurrent.ScheduledThreadPoolExecutor$ScheduledFutureTask.run(ScheduledThreadPoolExecutor.java:304)
	at java.base/java.util.concurrent.ThreadPoolExecutor.runWorker(ThreadPoolExecutor.java:1144)
	at java.base/java.util.concurrent.ThreadPoolExecutor$Worker.run(ThreadPoolExecutor.java:642)
	at java.base/java.lang.Thread.run(Thread.java:1623)
2026-05-19 16:07:48.223 WARN  [prescription-service] [traceId=none] c.n.discovery.InstanceInfoReplicator - There was a problem with the instance info replicator
com.netflix.discovery.shared.transport.TransportException: Cannot execute request on any known server
	at com.netflix.discovery.shared.transport.decorator.RetryableEurekaHttpClient.execute(RetryableEurekaHttpClient.java:112)
	at com.netflix.discovery.shared.transport.decorator.EurekaHttpClientDecorator.register(EurekaHttpClientDecorator.java:56)
	at com.netflix.discovery.shared.transport.decorator.EurekaHttpClientDecorator$1.execute(EurekaHttpClientDecorator.java:59)
	at com.netflix.discovery.shared.transport.decorator.SessionedEurekaHttpClient.execute(SessionedEurekaHttpClient.java:76)
	at com.netflix.discovery.shared.transport.decorator.EurekaHttpClientDecorator.register(EurekaHttpClientDecorator.java:56)
	at com.netflix.discovery.DiscoveryClient.register(DiscoveryClient.java:843)
	at com.netflix.discovery.InstanceInfoReplicator.run(InstanceInfoReplicator.java:125)
	at com.netflix.discovery.InstanceInfoReplicator$2.run(InstanceInfoReplicator.java:105)
	at java.base/java.util.concurrent.Executors$RunnableAdapter.call(Executors.java:577)
	at java.base/java.util.concurrent.FutureTask.run(FutureTask.java:317)
	at java.base/java.util.concurrent.ScheduledThreadPoolExecutor$ScheduledFutureTask.run(ScheduledThreadPoolExecutor.java:304)
	at java.base/java.util.concurrent.ThreadPoolExecutor.runWorker(ThreadPoolExecutor.java:1144)
	at java.base/java.util.concurrent.ThreadPoolExecutor$Worker.run(ThreadPoolExecutor.java:642)
	at java.base/java.lang.Thread.run(Thread.java:1623)
2026-05-19 16:07:48.261 INFO  [prescription-service] [traceId=none] o.s.b.w.e.tomcat.GracefulShutdown - Commencing graceful shutdown. Waiting for active requests to complete
2026-05-19 16:07:48.269 INFO  [prescription-service] [traceId=none] o.s.b.a.SpringApplicationAdminMXBeanRegistrar$SpringApplicationAdmin - Application shutdown requested.
2026-05-19 16:07:48.286 INFO  [prescription-service] [traceId=none] o.a.coyote.http11.Http11NioProtocol - Pausing ProtocolHandler ["http-nio-8085"]
2026-05-19 16:07:48.349 INFO  [prescription-service] [traceId=none] o.s.b.w.e.tomcat.GracefulShutdown - Graceful shutdown complete
2026-05-19 16:07:48.354 INFO  [prescription-service] [traceId=none] o.a.coyote.http11.Http11NioProtocol - Stopping ProtocolHandler ["http-nio-8085"]
2026-05-19 16:07:48.416 INFO  [prescription-service] [traceId=none] o.s.o.j.LocalContainerEntityManagerFactoryBean - Closing JPA EntityManagerFactory for persistence unit 'default'
2026-05-19 16:07:48.464 INFO  [prescription-service] [traceId=none] com.zaxxer.hikari.HikariDataSource - HikariPool-1 - Shutdown initiated...
2026-05-19 16:07:48.512 INFO  [prescription-service] [traceId=none] com.zaxxer.hikari.HikariDataSource - HikariPool-1 - Shutdown completed.
2026-05-19 16:09:31.876 INFO  [prescription-service] [traceId=none] o.h.validator.internal.util.Version - HV000001: Hibernate Validator 8.0.3.Final
2026-05-19 16:09:32.226 INFO  [prescription-service] [traceId=none] c.m.p.PrescriptionServiceApplication - Starting PrescriptionServiceApplication using Java 20.0.2 with PID 36472 (C:\Users\Aishu\C_MediTrack\MediTrack\prescription-service\target\classes started by Aishu in C:\Users\Aishu\C_MediTrack\MediTrack\prescription-service)
2026-05-19 16:09:32.230 INFO  [prescription-service] [traceId=none] c.m.p.PrescriptionServiceApplication - No active profile set, falling back to 1 default profile: "default"
2026-05-19 16:09:36.756 INFO  [prescription-service] [traceId=none] o.s.d.r.c.RepositoryConfigurationDelegate - Bootstrapping Spring Data JPA repositories in DEFAULT mode.
2026-05-19 16:09:37.179 INFO  [prescription-service] [traceId=none] o.s.d.r.c.RepositoryConfigurationDelegate - Finished Spring Data repository scanning in 400 ms. Found 1 JPA repository interface.
2026-05-19 16:09:38.397 INFO  [prescription-service] [traceId=none] o.s.cloud.context.scope.GenericScope - BeanFactory id=1e4e7d19-f098-3e5f-8203-fdb81d31e6d8
2026-05-19 16:09:40.771 INFO  [prescription-service] [traceId=none] o.s.b.w.e.tomcat.TomcatWebServer - Tomcat initialized with port 8085 (http)
2026-05-19 16:09:40.841 INFO  [prescription-service] [traceId=none] o.a.coyote.http11.Http11NioProtocol - Initializing ProtocolHandler ["http-nio-8085"]
2026-05-19 16:09:40.847 INFO  [prescription-service] [traceId=none] o.a.catalina.core.StandardService - Starting service [Tomcat]
2026-05-19 16:09:40.848 INFO  [prescription-service] [traceId=none] o.a.catalina.core.StandardEngine - Starting Servlet engine: [Apache Tomcat/10.1.53]
2026-05-19 16:09:41.546 INFO  [prescription-service] [traceId=none] o.a.c.c.C.[Tomcat].[localhost].[/] - Initializing Spring embedded WebApplicationContext
2026-05-19 16:09:41.546 INFO  [prescription-service] [traceId=none] o.s.b.w.s.c.ServletWebServerApplicationContext - Root WebApplicationContext: initialization completed in 9186 ms
2026-05-19 16:09:42.834 INFO  [prescription-service] [traceId=none] o.h.jpa.internal.util.LogHelper - HHH000204: Processing PersistenceUnitInfo [name: default]
2026-05-19 16:09:43.147 INFO  [prescription-service] [traceId=none] org.hibernate.Version - HHH000412: Hibernate ORM core version 6.6.45.Final
2026-05-19 16:09:43.437 INFO  [prescription-service] [traceId=none] o.h.c.i.RegionFactoryInitiator - HHH000026: Second-level cache disabled
2026-05-19 16:09:44.686 INFO  [prescription-service] [traceId=none] o.s.o.j.p.SpringPersistenceUnitInfo - No LoadTimeWeaver setup: ignoring JPA class transformer
2026-05-19 16:09:44.823 INFO  [prescription-service] [traceId=none] com.zaxxer.hikari.HikariDataSource - HikariPool-1 - Starting...
2026-05-19 16:09:46.082 INFO  [prescription-service] [traceId=none] com.zaxxer.hikari.pool.HikariPool - HikariPool-1 - Added connection com.mysql.cj.jdbc.ConnectionImpl@5a24390b
2026-05-19 16:09:46.085 INFO  [prescription-service] [traceId=none] com.zaxxer.hikari.HikariDataSource - HikariPool-1 - Start completed.
2026-05-19 16:09:46.330 INFO  [prescription-service] [traceId=none] o.hibernate.orm.connections.pooling - HHH10001005: Database info:
	Database JDBC URL [Connecting through datasource 'HikariDataSource (HikariPool-1)']
	Database driver: undefined/unknown
	Database version: 8.0.45
	Autocommit mode: undefined/unknown
	Isolation level: undefined/unknown
	Minimum pool size: undefined/unknown
	Maximum pool size: undefined/unknown
2026-05-19 16:09:49.688 INFO  [prescription-service] [traceId=none] o.h.e.t.j.p.i.JtaPlatformInitiator - HHH000489: No JTA platform available (set 'hibernate.transaction.jta.platform' to enable JTA platform integration)
2026-05-19 16:09:49.813 INFO  [prescription-service] [traceId=none] o.s.o.j.LocalContainerEntityManagerFactoryBean - Initialized JPA EntityManagerFactory for persistence unit 'default'
2026-05-19 16:09:52.039 WARN  [prescription-service] [traceId=none] o.s.b.a.o.j.JpaBaseConfiguration$JpaWebConfiguration - spring.jpa.open-in-view is enabled by default. Therefore, database queries may be performed during view rendering. Explicitly configure spring.jpa.open-in-view to disable this warning
2026-05-19 16:09:53.612 INFO  [prescription-service] [traceId=none] o.s.c.o.FeignClientFactoryBean - For 'appointment-service' URL not provided. Will try picking an instance via load-balancing.
2026-05-19 16:09:53.809 INFO  [prescription-service] [traceId=none] o.s.c.o.FeignClientFactoryBean - For 'patient-service' URL not provided. Will try picking an instance via load-balancing.
2026-05-19 16:09:53.893 INFO  [prescription-service] [traceId=none] o.s.c.o.FeignClientFactoryBean - For 'notification-service' URL not provided. Will try picking an instance via load-balancing.
2026-05-19 16:09:55.035 WARN  [prescription-service] [traceId=none] o.s.b.a.s.s.UserDetailsServiceAutoConfiguration - 

Using generated security password: 929120bc-06d9-4a23-a95e-1b964330b0c7

This generated password is for development use only. Your security configuration must be updated before running your application in production.

2026-05-19 16:09:58.297 INFO  [prescription-service] [traceId=none] o.s.c.n.e.c.DiscoveryClientOptionalArgsConfiguration - Eureka HTTP Client uses RestTemplate.
2026-05-19 16:09:58.468 WARN  [prescription-service] [traceId=none] o.s.c.l.c.LoadBalancerCacheAutoConfiguration$LoadBalancerCaffeineWarnLogger - Spring Cloud LoadBalancer is currently working with the default cache. While this cache implementation is useful for development and tests, it's recommended to use Caffeine cache in production.You can switch to using Caffeine cache, by adding it and org.springframework.cache.caffeine.CaffeineCacheManager to the classpath.
2026-05-19 16:09:58.671 INFO  [prescription-service] [traceId=none] o.s.c.n.eureka.InstanceInfoFactory - Setting initial instance status as: STARTING
2026-05-19 16:10:00.454 INFO  [prescription-service] [traceId=none] o.s.c.n.e.s.EurekaServiceRegistry - Registering application PRESCRIPTION-SERVICE with eureka with status UP
2026-05-19 16:10:00.511 INFO  [prescription-service] [traceId=none] o.a.coyote.http11.Http11NioProtocol - Starting ProtocolHandler ["http-nio-8085"]
2026-05-19 16:10:00.695 INFO  [prescription-service] [traceId=none] o.s.b.w.e.tomcat.TomcatWebServer - Tomcat started on port 8085 (http) with context path '/'
2026-05-19 16:10:00.697 INFO  [prescription-service] [traceId=none] o.s.c.n.e.s.EurekaAutoServiceRegistration - Updating port to 8085
2026-05-19 16:10:01.233 INFO  [prescription-service] [traceId=none] c.m.p.PrescriptionServiceApplication - Started PrescriptionServiceApplication in 32.336 seconds (process running for 36.78)
2026-05-19 16:16:42.247 INFO  [prescription-service] [traceId=none] o.a.c.c.C.[Tomcat].[localhost].[/] - Initializing Spring DispatcherServlet 'dispatcherServlet'
2026-05-19 16:16:42.266 INFO  [prescription-service] [traceId=none] o.s.web.servlet.DispatcherServlet - Initializing Servlet 'dispatcherServlet'
2026-05-19 16:16:42.410 INFO  [prescription-service] [traceId=none] o.s.web.servlet.DispatcherServlet - Completed initialization in 142 ms
2026-05-19 16:16:42.905 INFO  [prescription-service] [traceId=b9a9fee0] c.m.prescription.aop.LoggingAspect - [CONTROLLER][b9a9fee0] --> PrescriptionController.getByDoctor(..) | args: [2]
2026-05-19 16:16:42.906 INFO  [prescription-service] [traceId=b9a9fee0] c.m.prescription.aop.LoggingAspect - [SERVICE][b9a9fee0] --> PrescriptionService.getPrescriptionsByDoctor(..) | args: [2]
2026-05-19 16:16:43.451 INFO  [prescription-service] [traceId=b9a9fee0] c.m.prescription.aop.LoggingAspect - [SERVICE][b9a9fee0] <-- PrescriptionService.getPrescriptionsByDoctor(..) | 545ms | result: []
2026-05-19 16:16:43.453 INFO  [prescription-service] [traceId=none] c.m.prescription.aop.LoggingAspect - [CONTROLLER][b9a9fee0] <-- PrescriptionController.getByDoctor(..) | 548ms | result: <200 OK OK,[],[]>
2026-05-19 16:16:43.556 INFO  [prescription-service] [traceId=b779950a] c.m.prescription.aop.LoggingAspect - [CONTROLLER][b779950a] --> PrescriptionController.getByDoctor(..) | args: [2]
2026-05-19 16:16:43.557 INFO  [prescription-service] [traceId=b779950a] c.m.prescription.aop.LoggingAspect - [SERVICE][b779950a] --> PrescriptionService.getPrescriptionsByDoctor(..) | args: [2]
2026-05-19 16:16:43.566 INFO  [prescription-service] [traceId=b779950a] c.m.prescription.aop.LoggingAspect - [SERVICE][b779950a] <-- PrescriptionService.getPrescriptionsByDoctor(..) | 9ms | result: []
2026-05-19 16:16:43.568 INFO  [prescription-service] [traceId=none] c.m.prescription.aop.LoggingAspect - [CONTROLLER][b779950a] <-- PrescriptionController.getByDoctor(..) | 12ms | result: <200 OK OK,[],[]>
2026-05-19 16:17:41.494 INFO  [prescription-service] [traceId=a19ea9ed] c.m.prescription.aop.LoggingAspect - [CONTROLLER][a19ea9ed] --> PrescriptionController.getByPatient(..) | args: [1]
2026-05-19 16:17:41.495 INFO  [prescription-service] [traceId=a19ea9ed] c.m.prescription.aop.LoggingAspect - [SERVICE][a19ea9ed] --> PrescriptionService.getPrescriptionsByPatient(..) | args: [1]
2026-05-19 16:17:42.031 INFO  [prescription-service] [traceId=a19ea9ed] c.m.prescription.aop.LoggingAspect - [SERVICE][a19ea9ed] <-- PrescriptionService.getPrescriptionsByPatient(..) | 536ms | result: [com.meditrack.prescription.entity.Prescription@307a6d97]
2026-05-19 16:17:42.031 INFO  [prescription-service] [traceId=none] c.m.prescription.aop.LoggingAspect - [CONTROLLER][a19ea9ed] <-- PrescriptionController.getByPatient(..) | 537ms | result: <200 OK OK,[com.meditrack.prescription.entity.Prescription@307a6d97],[]>
2026-05-19 16:17:42.064 INFO  [prescription-service] [traceId=123ff72c] c.m.prescription.aop.LoggingAspect - [CONTROLLER][123ff72c] --> PrescriptionController.getByPatient(..) | args: [1]
2026-05-19 16:17:42.064 INFO  [prescription-service] [traceId=123ff72c] c.m.prescription.aop.LoggingAspect - [SERVICE][123ff72c] --> PrescriptionService.getPrescriptionsByPatient(..) | args: [1]
2026-05-19 16:17:42.088 INFO  [prescription-service] [traceId=123ff72c] c.m.prescription.aop.LoggingAspect - [SERVICE][123ff72c] <-- PrescriptionService.getPrescriptionsByPatient(..) | 24ms | result: [com.meditrack.prescription.entity.Prescription@23ddae74]
2026-05-19 16:17:42.088 INFO  [prescription-service] [traceId=none] c.m.prescription.aop.LoggingAspect - [CONTROLLER][123ff72c] <-- PrescriptionController.getByPatient(..) | 24ms | result: <200 OK OK,[com.meditrack.prescription.entity.Prescription@23ddae74],[]>
2026-05-19 16:40:57.865 WARN  [prescription-service] [traceId=none] com.zaxxer.hikari.pool.HikariPool - HikariPool-1 - Thread starvation or clock leap detected (housekeeper delta=12m40s305ms610µs200ns).
2026-05-19 16:42:08.386 INFO  [prescription-service] [traceId=none] o.s.b.a.SpringApplicationAdminMXBeanRegistrar$SpringApplicationAdmin - Application shutdown requested.
2026-05-19 16:42:08.466 INFO  [prescription-service] [traceId=none] o.s.c.n.e.s.EurekaServiceRegistry - Unregistering application PRESCRIPTION-SERVICE with eureka with status DOWN
2026-05-19 16:42:08.622 INFO  [prescription-service] [traceId=none] o.s.b.w.e.tomcat.GracefulShutdown - Commencing graceful shutdown. Waiting for active requests to complete
2026-05-19 16:42:08.650 INFO  [prescription-service] [traceId=none] o.a.coyote.http11.Http11NioProtocol - Pausing ProtocolHandler ["http-nio-8085"]
2026-05-19 16:42:08.681 WARN  [prescription-service] [traceId=none] c.n.d.s.t.d.RetryableEurekaHttpClient - Request execution failed with message: I/O error on POST request for "http://localhost:8761/eureka/apps/PRESCRIPTION-SERVICE": Connect to http://localhost:8761 failed: Connection refused: no further information
2026-05-19 16:42:08.702 INFO  [prescription-service] [traceId=none] o.s.b.w.e.tomcat.GracefulShutdown - Graceful shutdown complete
2026-05-19 16:42:08.710 INFO  [prescription-service] [traceId=none] o.a.coyote.http11.Http11NioProtocol - Stopping ProtocolHandler ["http-nio-8085"]
2026-05-19 16:42:08.718 WARN  [prescription-service] [traceId=none] c.n.d.s.t.d.RetryableEurekaHttpClient - Request execution failed with message: I/O error on POST request for "http://localhost:8761/eureka/apps/PRESCRIPTION-SERVICE": Connect to http://localhost:8761 failed: Connection refused: no further information
2026-05-19 16:42:08.719 WARN  [prescription-service] [traceId=none] c.netflix.discovery.DiscoveryClient - DiscoveryClient_PRESCRIPTION-SERVICE/DESKTOP-TE08QKM:prescription-service:8085 - registration failed Cannot execute request on any known server
com.netflix.discovery.shared.transport.TransportException: Cannot execute request on any known server
	at com.netflix.discovery.shared.transport.decorator.RetryableEurekaHttpClient.execute(RetryableEurekaHttpClient.java:112)
	at com.netflix.discovery.shared.transport.decorator.EurekaHttpClientDecorator.register(EurekaHttpClientDecorator.java:56)
	at com.netflix.discovery.shared.transport.decorator.EurekaHttpClientDecorator$1.execute(EurekaHttpClientDecorator.java:59)
	at com.netflix.discovery.shared.transport.decorator.SessionedEurekaHttpClient.execute(SessionedEurekaHttpClient.java:76)
	at com.netflix.discovery.shared.transport.decorator.EurekaHttpClientDecorator.register(EurekaHttpClientDecorator.java:56)
	at com.netflix.discovery.DiscoveryClient.register(DiscoveryClient.java:843)
	at com.netflix.discovery.InstanceInfoReplicator.run(InstanceInfoReplicator.java:125)
	at com.netflix.discovery.InstanceInfoReplicator$2.run(InstanceInfoReplicator.java:105)
	at java.base/java.util.concurrent.Executors$RunnableAdapter.call(Executors.java:577)
	at java.base/java.util.concurrent.FutureTask.run(FutureTask.java:317)
	at java.base/java.util.concurrent.ScheduledThreadPoolExecutor$ScheduledFutureTask.run(ScheduledThreadPoolExecutor.java:304)
	at java.base/java.util.concurrent.ThreadPoolExecutor.runWorker(ThreadPoolExecutor.java:1144)
	at java.base/java.util.concurrent.ThreadPoolExecutor$Worker.run(ThreadPoolExecutor.java:642)
	at java.base/java.lang.Thread.run(Thread.java:1623)
2026-05-19 16:42:08.758 WARN  [prescription-service] [traceId=none] c.n.discovery.InstanceInfoReplicator - There was a problem with the instance info replicator
com.netflix.discovery.shared.transport.TransportException: Cannot execute request on any known server
	at com.netflix.discovery.shared.transport.decorator.RetryableEurekaHttpClient.execute(RetryableEurekaHttpClient.java:112)
	at com.netflix.discovery.shared.transport.decorator.EurekaHttpClientDecorator.register(EurekaHttpClientDecorator.java:56)
	at com.netflix.discovery.shared.transport.decorator.EurekaHttpClientDecorator$1.execute(EurekaHttpClientDecorator.java:59)
	at com.netflix.discovery.shared.transport.decorator.SessionedEurekaHttpClient.execute(SessionedEurekaHttpClient.java:76)
	at com.netflix.discovery.shared.transport.decorator.EurekaHttpClientDecorator.register(EurekaHttpClientDecorator.java:56)
	at com.netflix.discovery.DiscoveryClient.register(DiscoveryClient.java:843)
	at com.netflix.discovery.InstanceInfoReplicator.run(InstanceInfoReplicator.java:125)
	at com.netflix.discovery.InstanceInfoReplicator$2.run(InstanceInfoReplicator.java:105)
	at java.base/java.util.concurrent.Executors$RunnableAdapter.call(Executors.java:577)
	at java.base/java.util.concurrent.FutureTask.run(FutureTask.java:317)
	at java.base/java.util.concurrent.ScheduledThreadPoolExecutor$ScheduledFutureTask.run(ScheduledThreadPoolExecutor.java:304)
	at java.base/java.util.concurrent.ThreadPoolExecutor.runWorker(ThreadPoolExecutor.java:1144)
	at java.base/java.util.concurrent.ThreadPoolExecutor$Worker.run(ThreadPoolExecutor.java:642)
	at java.base/java.lang.Thread.run(Thread.java:1623)
2026-05-19 16:42:08.776 INFO  [prescription-service] [traceId=none] o.s.o.j.LocalContainerEntityManagerFactoryBean - Closing JPA EntityManagerFactory for persistence unit 'default'
2026-05-19 16:42:08.828 INFO  [prescription-service] [traceId=none] com.zaxxer.hikari.HikariDataSource - HikariPool-1 - Shutdown initiated...
2026-05-19 16:42:08.862 INFO  [prescription-service] [traceId=none] com.zaxxer.hikari.HikariDataSource - HikariPool-1 - Shutdown completed.
2026-05-19 16:42:11.950 WARN  [prescription-service] [traceId=none] c.n.d.s.t.d.RetryableEurekaHttpClient - Request execution failed with message: I/O error on DELETE request for "http://localhost:8761/eureka/apps/PRESCRIPTION-SERVICE/DESKTOP-TE08QKM:prescription-service:8085": Connect to http://localhost:8761 failed: Connection refused: no further information
2026-05-19 16:42:11.951 ERROR [prescription-service] [traceId=none] c.netflix.discovery.DiscoveryClient - DiscoveryClient_PRESCRIPTION-SERVICE/DESKTOP-TE08QKM:prescription-service:8085 - de-registration failedCannot execute request on any known server
com.netflix.discovery.shared.transport.TransportException: Cannot execute request on any known server
	at com.netflix.discovery.shared.transport.decorator.RetryableEurekaHttpClient.execute(RetryableEurekaHttpClient.java:112)
	at com.netflix.discovery.shared.transport.decorator.EurekaHttpClientDecorator.cancel(EurekaHttpClientDecorator.java:71)
	at com.netflix.discovery.shared.transport.decorator.EurekaHttpClientDecorator$2.execute(EurekaHttpClientDecorator.java:74)
	at com.netflix.discovery.shared.transport.decorator.SessionedEurekaHttpClient.execute(SessionedEurekaHttpClient.java:76)
	at com.netflix.discovery.shared.transport.decorator.EurekaHttpClientDecorator.cancel(EurekaHttpClientDecorator.java:71)
	at com.netflix.discovery.DiscoveryClient.unregister(DiscoveryClient.java:934)
	at com.netflix.discovery.DiscoveryClient.shutdown(DiscoveryClient.java:915)
	at java.base/jdk.internal.reflect.DirectMethodHandleAccessor.invoke(DirectMethodHandleAccessor.java:104)
	at java.base/java.lang.reflect.Method.invoke(Method.java:578)
	at org.springframework.beans.factory.annotation.InitDestroyAnnotationBeanPostProcessor$LifecycleMethod.invoke(InitDestroyAnnotationBeanPostProcessor.java:457)
	at org.springframework.beans.factory.annotation.InitDestroyAnnotationBeanPostProcessor$LifecycleMetadata.invokeDestroyMethods(InitDestroyAnnotationBeanPostProcessor.java:415)
	at org.springframework.beans.factory.annotation.InitDestroyAnnotationBeanPostProcessor.postProcessBeforeDestruction(InitDestroyAnnotationBeanPostProcessor.java:239)
	at org.springframework.beans.factory.support.DisposableBeanAdapter.destroy(DisposableBeanAdapter.java:203)
	at org.springframework.beans.factory.support.DisposableBeanAdapter.run(DisposableBeanAdapter.java:196)
	at org.springframework.cloud.context.scope.GenericScope$BeanLifecycleWrapper.destroy(GenericScope.java:387)
	at org.springframework.cloud.context.scope.GenericScope.destroy(GenericScope.java:134)
	at org.springframework.beans.factory.support.DisposableBeanAdapter.destroy(DisposableBeanAdapter.java:212)
	at org.springframework.beans.factory.support.DefaultSingletonBeanRegistry.destroyBean(DefaultSingletonBeanRegistry.java:798)
	at org.springframework.beans.factory.support.DefaultSingletonBeanRegistry.destroySingleton(DefaultSingletonBeanRegistry.java:748)
	at org.springframework.beans.factory.support.DefaultListableBeanFactory.destroySingleton(DefaultListableBeanFactory.java:1499)
	at org.springframework.beans.factory.support.DefaultSingletonBeanRegistry.destroySingletons(DefaultSingletonBeanRegistry.java:707)
	at org.springframework.beans.factory.support.DefaultListableBeanFactory.destroySingletons(DefaultListableBeanFactory.java:1492)
	at org.springframework.context.support.AbstractApplicationContext.destroyBeans(AbstractApplicationContext.java:1243)
	at org.springframework.context.support.AbstractApplicationContext.doClose(AbstractApplicationContext.java:1204)
	at org.springframework.boot.web.servlet.context.ServletWebServerApplicationContext.doClose(ServletWebServerApplicationContext.java:179)
	at org.springframework.context.support.AbstractApplicationContext.close(AbstractApplicationContext.java:1150)
	at org.springframework.boot.admin.SpringApplicationAdminMXBeanRegistrar$SpringApplicationAdmin.shutdown(SpringApplicationAdminMXBeanRegistrar.java:160)
	at java.base/jdk.internal.reflect.DirectMethodHandleAccessor.invoke(DirectMethodHandleAccessor.java:104)
	at java.base/java.lang.reflect.Method.invoke(Method.java:578)
	at sun.reflect.misc.Trampoline.invoke(MethodUtil.java:64)
	at java.base/jdk.internal.reflect.DirectMethodHandleAccessor.invoke(DirectMethodHandleAccessor.java:104)
	at java.base/java.lang.reflect.Method.invoke(Method.java:578)
	at java.base/sun.reflect.misc.MethodUtil.invoke(MethodUtil.java:97)
	at java.management/com.sun.jmx.mbeanserver.ConvertingMethod.invokeWithOpenReturn(ConvertingMethod.java:193)
	at java.management/com.sun.jmx.mbeanserver.ConvertingMethod.invokeWithOpenReturn(ConvertingMethod.java:175)
	at java.management/com.sun.jmx.mbeanserver.MXBeanIntrospector.invokeM2(MXBeanIntrospector.java:115)
	at java.management/com.sun.jmx.mbeanserver.MXBeanIntrospector.invokeM2(MXBeanIntrospector.java:52)
	at java.management/com.sun.jmx.mbeanserver.MBeanIntrospector.invokeM(MBeanIntrospector.java:236)
	at java.management/com.sun.jmx.mbeanserver.PerInterface.invoke(PerInterface.java:138)
	at java.management/com.sun.jmx.mbeanserver.MBeanSupport.invoke(MBeanSupport.java:252)
	at java.management/com.sun.jmx.interceptor.DefaultMBeanServerInterceptor.invoke(DefaultMBeanServerInterceptor.java:803)
	at java.management/com.sun.jmx.mbeanserver.JmxMBeanServer.invoke(JmxMBeanServer.java:802)
	at java.management.rmi/javax.management.remote.rmi.RMIConnectionImpl.doOperation(RMIConnectionImpl.java:1472)
	at java.management.rmi/javax.management.remote.rmi.RMIConnectionImpl$PrivilegedOperation.run(RMIConnectionImpl.java:1310)
	at java.management.rmi/javax.management.remote.rmi.RMIConnectionImpl.doPrivilegedOperation(RMIConnectionImpl.java:1405)
	at java.management.rmi/javax.management.remote.rmi.RMIConnectionImpl.invoke(RMIConnectionImpl.java:829)
	at java.base/jdk.internal.reflect.DirectMethodHandleAccessor.invoke(DirectMethodHandleAccessor.java:104)
	at java.base/java.lang.reflect.Method.invoke(Method.java:578)
	at java.rmi/sun.rmi.server.UnicastServerRef.dispatch(UnicastServerRef.java:360)
	at java.rmi/sun.rmi.transport.Transport$1.run(Transport.java:200)
	at java.rmi/sun.rmi.transport.Transport$1.run(Transport.java:197)
	at java.base/java.security.AccessController.doPrivileged(AccessController.java:714)
	at java.rmi/sun.rmi.transport.Transport.serviceCall(Transport.java:196)
	at java.rmi/sun.rmi.transport.tcp.TCPTransport.handleMessages(TCPTransport.java:598)
	at java.rmi/sun.rmi.transport.tcp.TCPTransport$ConnectionHandler.run0(TCPTransport.java:844)
	at java.rmi/sun.rmi.transport.tcp.TCPTransport$ConnectionHandler.lambda$run$0(TCPTransport.java:721)
	at java.base/java.security.AccessController.doPrivileged(AccessController.java:400)
	at java.rmi/sun.rmi.transport.tcp.TCPTransport$ConnectionHandler.run(TCPTransport.java:720)
	at java.base/java.util.concurrent.ThreadPoolExecutor.runWorker(ThreadPoolExecutor.java:1144)
	at java.base/java.util.concurrent.ThreadPoolExecutor$Worker.run(ThreadPoolExecutor.java:642)
	at java.base/java.lang.Thread.run(Thread.java:1623)
