2026-05-11 12:33:01.879 INFO  [prescription-service] [traceId=none] o.h.validator.internal.util.Version - HV000001: Hibernate Validator 8.0.3.Final
2026-05-11 12:33:02.397 INFO  [prescription-service] [traceId=none] c.m.p.PrescriptionServiceApplication - Starting PrescriptionServiceApplication using Java 20.0.2 with PID 10504 (C:\Users\Aishu\C_MediTrack\MediTrack\prescription-service\target\classes started by Aishu in C:\Users\Aishu\C_MediTrack\MediTrack\prescription-service)
2026-05-11 12:33:02.411 INFO  [prescription-service] [traceId=none] c.m.p.PrescriptionServiceApplication - No active profile set, falling back to 1 default profile: "default"
2026-05-11 12:33:08.795 INFO  [prescription-service] [traceId=none] o.s.d.r.c.RepositoryConfigurationDelegate - Bootstrapping Spring Data JPA repositories in DEFAULT mode.
2026-05-11 12:33:09.433 INFO  [prescription-service] [traceId=none] o.s.d.r.c.RepositoryConfigurationDelegate - Finished Spring Data repository scanning in 610 ms. Found 1 JPA repository interface.
2026-05-11 12:33:10.948 INFO  [prescription-service] [traceId=none] o.s.cloud.context.scope.GenericScope - BeanFactory id=1e4e7d19-f098-3e5f-8203-fdb81d31e6d8
2026-05-11 12:33:14.849 INFO  [prescription-service] [traceId=none] o.s.b.w.e.tomcat.TomcatWebServer - Tomcat initialized with port 8085 (http)
2026-05-11 12:33:14.959 INFO  [prescription-service] [traceId=none] o.a.coyote.http11.Http11NioProtocol - Initializing ProtocolHandler ["http-nio-8085"]
2026-05-11 12:33:14.963 INFO  [prescription-service] [traceId=none] o.a.catalina.core.StandardService - Starting service [Tomcat]
2026-05-11 12:33:14.964 INFO  [prescription-service] [traceId=none] o.a.catalina.core.StandardEngine - Starting Servlet engine: [Apache Tomcat/10.1.53]
2026-05-11 12:33:15.380 INFO  [prescription-service] [traceId=none] o.a.c.c.C.[Tomcat].[localhost].[/] - Initializing Spring embedded WebApplicationContext
2026-05-11 12:33:15.380 INFO  [prescription-service] [traceId=none] o.s.b.w.s.c.ServletWebServerApplicationContext - Root WebApplicationContext: initialization completed in 12582 ms
2026-05-11 12:33:16.202 INFO  [prescription-service] [traceId=none] o.h.jpa.internal.util.LogHelper - HHH000204: Processing PersistenceUnitInfo [name: default]
2026-05-11 12:33:16.411 INFO  [prescription-service] [traceId=none] org.hibernate.Version - HHH000412: Hibernate ORM core version 6.6.45.Final
2026-05-11 12:33:16.525 INFO  [prescription-service] [traceId=none] o.h.c.i.RegionFactoryInitiator - HHH000026: Second-level cache disabled
2026-05-11 12:33:17.743 INFO  [prescription-service] [traceId=none] o.s.o.j.p.SpringPersistenceUnitInfo - No LoadTimeWeaver setup: ignoring JPA class transformer
2026-05-11 12:33:17.852 INFO  [prescription-service] [traceId=none] com.zaxxer.hikari.HikariDataSource - HikariPool-1 - Starting...
2026-05-11 12:33:19.149 INFO  [prescription-service] [traceId=none] com.zaxxer.hikari.pool.HikariPool - HikariPool-1 - Added connection com.mysql.cj.jdbc.ConnectionImpl@51aaa9d4
2026-05-11 12:33:19.154 INFO  [prescription-service] [traceId=none] com.zaxxer.hikari.HikariDataSource - HikariPool-1 - Start completed.
2026-05-11 12:33:19.759 INFO  [prescription-service] [traceId=none] o.hibernate.orm.connections.pooling - HHH10001005: Database info:
	Database JDBC URL [Connecting through datasource 'HikariDataSource (HikariPool-1)']
	Database driver: undefined/unknown
	Database version: 8.0.45
	Autocommit mode: undefined/unknown
	Isolation level: undefined/unknown
	Minimum pool size: undefined/unknown
	Maximum pool size: undefined/unknown
2026-05-11 12:33:23.809 INFO  [prescription-service] [traceId=none] o.h.e.t.j.p.i.JtaPlatformInitiator - HHH000489: No JTA platform available (set 'hibernate.transaction.jta.platform' to enable JTA platform integration)
2026-05-11 12:33:24.176 INFO  [prescription-service] [traceId=none] o.s.o.j.LocalContainerEntityManagerFactoryBean - Initialized JPA EntityManagerFactory for persistence unit 'default'
2026-05-11 12:33:28.075 WARN  [prescription-service] [traceId=none] o.s.b.a.o.j.JpaBaseConfiguration$JpaWebConfiguration - spring.jpa.open-in-view is enabled by default. Therefore, database queries may be performed during view rendering. Explicitly configure spring.jpa.open-in-view to disable this warning
2026-05-11 12:33:31.163 INFO  [prescription-service] [traceId=none] o.s.c.o.FeignClientFactoryBean - For 'appointment-service' URL not provided. Will try picking an instance via load-balancing.
2026-05-11 12:33:31.781 INFO  [prescription-service] [traceId=none] o.s.c.o.FeignClientFactoryBean - For 'patient-service' URL not provided. Will try picking an instance via load-balancing.
2026-05-11 12:33:32.159 INFO  [prescription-service] [traceId=none] o.s.c.o.FeignClientFactoryBean - For 'notification-service' URL not provided. Will try picking an instance via load-balancing.
2026-05-11 12:33:34.284 WARN  [prescription-service] [traceId=none] o.s.b.a.s.s.UserDetailsServiceAutoConfiguration - 

Using generated security password: 3ba71ccc-4f9f-4ce7-bfdb-3eb411d5328a

This generated password is for development use only. Your security configuration must be updated before running your application in production.

2026-05-11 12:33:37.329 INFO  [prescription-service] [traceId=none] o.s.c.n.e.c.DiscoveryClientOptionalArgsConfiguration - Eureka HTTP Client uses RestTemplate.
2026-05-11 12:33:37.566 WARN  [prescription-service] [traceId=none] o.s.c.l.c.LoadBalancerCacheAutoConfiguration$LoadBalancerCaffeineWarnLogger - Spring Cloud LoadBalancer is currently working with the default cache. While this cache implementation is useful for development and tests, it's recommended to use Caffeine cache in production.You can switch to using Caffeine cache, by adding it and org.springframework.cache.caffeine.CaffeineCacheManager to the classpath.
2026-05-11 12:33:37.927 INFO  [prescription-service] [traceId=none] o.s.c.n.eureka.InstanceInfoFactory - Setting initial instance status as: STARTING
2026-05-11 12:33:40.702 INFO  [prescription-service] [traceId=none] o.s.c.n.e.s.EurekaServiceRegistry - Registering application PRESCRIPTION-SERVICE with eureka with status UP
2026-05-11 12:33:40.712 INFO  [prescription-service] [traceId=none] o.a.coyote.http11.Http11NioProtocol - Starting ProtocolHandler ["http-nio-8085"]
2026-05-11 12:33:40.925 INFO  [prescription-service] [traceId=none] o.s.b.w.e.tomcat.TomcatWebServer - Tomcat started on port 8085 (http) with context path '/'
2026-05-11 12:33:40.928 INFO  [prescription-service] [traceId=none] o.s.c.n.e.s.EurekaAutoServiceRegistration - Updating port to 8085
2026-05-11 12:33:41.459 INFO  [prescription-service] [traceId=none] c.m.p.PrescriptionServiceApplication - Started PrescriptionServiceApplication in 42.316 seconds (process running for 48.308)
2026-05-11 12:35:10.776 INFO  [prescription-service] [traceId=none] o.a.c.c.C.[Tomcat].[localhost].[/] - Initializing Spring DispatcherServlet 'dispatcherServlet'
2026-05-11 12:35:10.806 INFO  [prescription-service] [traceId=none] o.s.web.servlet.DispatcherServlet - Initializing Servlet 'dispatcherServlet'
2026-05-11 12:35:10.952 INFO  [prescription-service] [traceId=none] o.s.web.servlet.DispatcherServlet - Completed initialization in 146 ms
2026-05-11 12:35:16.520 INFO  [prescription-service] [traceId=ec6cbcea] c.m.prescription.aop.LoggingAspect - [CONTROLLER][ec6cbcea] --> PrescriptionController.getAll() | args: []
2026-05-11 12:35:16.524 INFO  [prescription-service] [traceId=ec6cbcea] c.m.prescription.aop.LoggingAspect - [SERVICE][ec6cbcea] --> PrescriptionService.getAllPrescriptions() | args: []
2026-05-11 12:35:16.557 INFO  [prescription-service] [traceId=ec6cbcea] c.m.p.service.PrescriptionService - getAllPrescriptions called by role: SUPER_ADMIN
2026-05-11 12:35:18.442 INFO  [prescription-service] [traceId=ec6cbcea] c.m.prescription.aop.LoggingAspect - [SERVICE][ec6cbcea] <-- PrescriptionService.getAllPrescriptions() | 1918ms | result: [com.meditrack.prescription.entity.Prescription@36fc02ae, com.meditrack.prescription.entity.Prescription@4b7431e4]
2026-05-11 12:35:18.443 INFO  [prescription-service] [traceId=none] c.m.prescription.aop.LoggingAspect - [CONTROLLER][ec6cbcea] <-- PrescriptionController.getAll() | 1925ms | result: <200 OK OK,[com.meditrack.prescription.entity.Prescription@36fc02ae, com.meditrack.prescription.entity.Prescription@4b7431e4],[]>
2026-05-11 12:35:18.843 INFO  [prescription-service] [traceId=1e160fb3] c.m.prescription.aop.LoggingAspect - [CONTROLLER][1e160fb3] --> PrescriptionController.getAll() | args: []
2026-05-11 12:35:18.844 INFO  [prescription-service] [traceId=1e160fb3] c.m.prescription.aop.LoggingAspect - [SERVICE][1e160fb3] --> PrescriptionService.getAllPrescriptions() | args: []
2026-05-11 12:35:18.844 INFO  [prescription-service] [traceId=1e160fb3] c.m.p.service.PrescriptionService - getAllPrescriptions called by role: SUPER_ADMIN
2026-05-11 12:35:18.859 INFO  [prescription-service] [traceId=1e160fb3] c.m.prescription.aop.LoggingAspect - [SERVICE][1e160fb3] <-- PrescriptionService.getAllPrescriptions() | 15ms | result: [com.meditrack.prescription.entity.Prescription@4856b348, com.meditrack.prescription.entity.Prescription@5d3c7bf5]
2026-05-11 12:35:18.859 INFO  [prescription-service] [traceId=none] c.m.prescription.aop.LoggingAspect - [CONTROLLER][1e160fb3] <-- PrescriptionController.getAll() | 16ms | result: <200 OK OK,[com.meditrack.prescription.entity.Prescription@4856b348, com.meditrack.prescription.entity.Prescription@5d3c7bf5],[]>
2026-05-11 12:53:40.396 INFO  [prescription-service] [traceId=e79901b1] c.m.prescription.aop.LoggingAspect - [CONTROLLER][e79901b1] --> PrescriptionController.getAll() | args: []
2026-05-11 12:53:40.473 INFO  [prescription-service] [traceId=e79901b1] c.m.prescription.aop.LoggingAspect - [SERVICE][e79901b1] --> PrescriptionService.getAllPrescriptions() | args: []
2026-05-11 12:53:40.484 INFO  [prescription-service] [traceId=e79901b1] c.m.p.service.PrescriptionService - getAllPrescriptions called by role: SUPER_ADMIN
2026-05-11 12:53:41.279 INFO  [prescription-service] [traceId=e79901b1] c.m.prescription.aop.LoggingAspect - [SERVICE][e79901b1] <-- PrescriptionService.getAllPrescriptions() | 806ms | result: [com.meditrack.prescription.entity.Prescription@18c89ca4, com.meditrack.prescription.entity.Prescription@49c3e8e4]
2026-05-11 12:53:41.280 INFO  [prescription-service] [traceId=none] c.m.prescription.aop.LoggingAspect - [CONTROLLER][e79901b1] <-- PrescriptionController.getAll() | 888ms | result: <200 OK OK,[com.meditrack.prescription.entity.Prescription@18c89ca4, com.meditrack.prescription.entity.Prescription@49c3e8e4],[]>
2026-05-11 12:53:41.407 INFO  [prescription-service] [traceId=6f879b1f] c.m.prescription.aop.LoggingAspect - [CONTROLLER][6f879b1f] --> PrescriptionController.getAll() | args: []
2026-05-11 12:53:41.407 INFO  [prescription-service] [traceId=6f879b1f] c.m.prescription.aop.LoggingAspect - [SERVICE][6f879b1f] --> PrescriptionService.getAllPrescriptions() | args: []
2026-05-11 12:53:41.407 INFO  [prescription-service] [traceId=6f879b1f] c.m.p.service.PrescriptionService - getAllPrescriptions called by role: SUPER_ADMIN
2026-05-11 12:53:41.436 INFO  [prescription-service] [traceId=6f879b1f] c.m.prescription.aop.LoggingAspect - [SERVICE][6f879b1f] <-- PrescriptionService.getAllPrescriptions() | 29ms | result: [com.meditrack.prescription.entity.Prescription@3469781c, com.meditrack.prescription.entity.Prescription@16207662]
2026-05-11 12:53:41.437 INFO  [prescription-service] [traceId=none] c.m.prescription.aop.LoggingAspect - [CONTROLLER][6f879b1f] <-- PrescriptionController.getAll() | 30ms | result: <200 OK OK,[com.meditrack.prescription.entity.Prescription@3469781c, com.meditrack.prescription.entity.Prescription@16207662],[]>
2026-05-11 12:58:34.497 INFO  [prescription-service] [traceId=3efd107d] c.m.prescription.aop.LoggingAspect - [CONTROLLER][3efd107d] --> PrescriptionController.getByDoctor(..) | args: [4]
2026-05-11 12:58:34.518 INFO  [prescription-service] [traceId=3efd107d] c.m.prescription.aop.LoggingAspect - [SERVICE][3efd107d] --> PrescriptionService.getPrescriptionsByDoctor(..) | args: [4]
2026-05-11 12:58:35.189 INFO  [prescription-service] [traceId=3efd107d] c.m.prescription.aop.LoggingAspect - [SERVICE][3efd107d] <-- PrescriptionService.getPrescriptionsByDoctor(..) | 671ms | result: []
2026-05-11 12:58:35.189 INFO  [prescription-service] [traceId=none] c.m.prescription.aop.LoggingAspect - [CONTROLLER][3efd107d] <-- PrescriptionController.getByDoctor(..) | 694ms | result: <200 OK OK,[],[]>
2026-05-11 12:58:35.231 INFO  [prescription-service] [traceId=d9346995] c.m.prescription.aop.LoggingAspect - [CONTROLLER][d9346995] --> PrescriptionController.getByDoctor(..) | args: [4]
2026-05-11 12:58:35.233 INFO  [prescription-service] [traceId=d9346995] c.m.prescription.aop.LoggingAspect - [SERVICE][d9346995] --> PrescriptionService.getPrescriptionsByDoctor(..) | args: [4]
2026-05-11 12:58:35.243 INFO  [prescription-service] [traceId=d9346995] c.m.prescription.aop.LoggingAspect - [SERVICE][d9346995] <-- PrescriptionService.getPrescriptionsByDoctor(..) | 10ms | result: []
2026-05-11 12:58:35.243 INFO  [prescription-service] [traceId=none] c.m.prescription.aop.LoggingAspect - [CONTROLLER][d9346995] <-- PrescriptionController.getByDoctor(..) | 12ms | result: <200 OK OK,[],[]>
2026-05-11 13:02:17.401 INFO  [prescription-service] [traceId=626201ca] c.m.prescription.aop.LoggingAspect - [CONTROLLER][626201ca] --> PrescriptionController.getByDoctor(..) | args: [4]
2026-05-11 13:02:17.590 INFO  [prescription-service] [traceId=626201ca] c.m.prescription.aop.LoggingAspect - [SERVICE][626201ca] --> PrescriptionService.getPrescriptionsByDoctor(..) | args: [4]
2026-05-11 13:02:18.314 INFO  [prescription-service] [traceId=626201ca] c.m.prescription.aop.LoggingAspect - [SERVICE][626201ca] <-- PrescriptionService.getPrescriptionsByDoctor(..) | 724ms | result: []
2026-05-11 13:02:18.316 INFO  [prescription-service] [traceId=none] c.m.prescription.aop.LoggingAspect - [CONTROLLER][626201ca] <-- PrescriptionController.getByDoctor(..) | 934ms | result: <200 OK OK,[],[]>
2026-05-11 13:15:13.740 INFO  [prescription-service] [traceId=0bd10471] c.m.prescription.aop.LoggingAspect - [CONTROLLER][0bd10471] --> PrescriptionController.getByDoctor(..) | args: [4]
2026-05-11 13:15:14.038 INFO  [prescription-service] [traceId=0bd10471] c.m.prescription.aop.LoggingAspect - [SERVICE][0bd10471] --> PrescriptionService.getPrescriptionsByDoctor(..) | args: [4]
2026-05-11 13:15:14.572 INFO  [prescription-service] [traceId=0bd10471] c.m.prescription.aop.LoggingAspect - [SERVICE][0bd10471] <-- PrescriptionService.getPrescriptionsByDoctor(..) | 534ms | result: []
2026-05-11 13:15:14.573 INFO  [prescription-service] [traceId=none] c.m.prescription.aop.LoggingAspect - [CONTROLLER][0bd10471] <-- PrescriptionController.getByDoctor(..) | 850ms | result: <200 OK OK,[],[]>
2026-05-11 13:16:18.864 INFO  [prescription-service] [traceId=5b8d33fe] c.m.prescription.aop.LoggingAspect - [CONTROLLER][5b8d33fe] --> PrescriptionController.getByDoctor(..) | args: [4]
2026-05-11 13:16:18.869 INFO  [prescription-service] [traceId=5b8d33fe] c.m.prescription.aop.LoggingAspect - [SERVICE][5b8d33fe] --> PrescriptionService.getPrescriptionsByDoctor(..) | args: [4]
2026-05-11 13:16:18.913 INFO  [prescription-service] [traceId=5b8d33fe] c.m.prescription.aop.LoggingAspect - [SERVICE][5b8d33fe] <-- PrescriptionService.getPrescriptionsByDoctor(..) | 44ms | result: []
2026-05-11 13:16:18.915 INFO  [prescription-service] [traceId=none] c.m.prescription.aop.LoggingAspect - [CONTROLLER][5b8d33fe] <-- PrescriptionController.getByDoctor(..) | 52ms | result: <200 OK OK,[],[]>
2026-05-11 13:16:47.267 INFO  [prescription-service] [traceId=3a77ff36] c.m.prescription.aop.LoggingAspect - [CONTROLLER][3a77ff36] --> PrescriptionController.getByDoctor(..) | args: [4]
2026-05-11 13:16:47.267 INFO  [prescription-service] [traceId=3a77ff36] c.m.prescription.aop.LoggingAspect - [SERVICE][3a77ff36] --> PrescriptionService.getPrescriptionsByDoctor(..) | args: [4]
2026-05-11 13:16:47.280 INFO  [prescription-service] [traceId=3a77ff36] c.m.prescription.aop.LoggingAspect - [SERVICE][3a77ff36] <-- PrescriptionService.getPrescriptionsByDoctor(..) | 13ms | result: []
2026-05-11 13:16:47.284 INFO  [prescription-service] [traceId=none] c.m.prescription.aop.LoggingAspect - [CONTROLLER][3a77ff36] <-- PrescriptionController.getByDoctor(..) | 16ms | result: <200 OK OK,[],[]>
2026-05-11 13:37:50.911 INFO  [prescription-service] [traceId=5fc80b4a] c.m.prescription.aop.LoggingAspect - [CONTROLLER][5fc80b4a] --> PrescriptionController.getByDoctor(..) | args: [4]
2026-05-11 13:37:50.941 INFO  [prescription-service] [traceId=5fc80b4a] c.m.prescription.aop.LoggingAspect - [SERVICE][5fc80b4a] --> PrescriptionService.getPrescriptionsByDoctor(..) | args: [4]
2026-05-11 13:37:51.135 INFO  [prescription-service] [traceId=5fc80b4a] c.m.prescription.aop.LoggingAspect - [SERVICE][5fc80b4a] <-- PrescriptionService.getPrescriptionsByDoctor(..) | 194ms | result: []
2026-05-11 13:37:51.136 INFO  [prescription-service] [traceId=none] c.m.prescription.aop.LoggingAspect - [CONTROLLER][5fc80b4a] <-- PrescriptionController.getByDoctor(..) | 225ms | result: <200 OK OK,[],[]>
2026-05-11 13:37:51.225 INFO  [prescription-service] [traceId=af7ccc96] c.m.prescription.aop.LoggingAspect - [CONTROLLER][af7ccc96] --> PrescriptionController.getByDoctor(..) | args: [4]
2026-05-11 13:37:51.226 INFO  [prescription-service] [traceId=af7ccc96] c.m.prescription.aop.LoggingAspect - [SERVICE][af7ccc96] --> PrescriptionService.getPrescriptionsByDoctor(..) | args: [4]
2026-05-11 13:37:51.240 INFO  [prescription-service] [traceId=af7ccc96] c.m.prescription.aop.LoggingAspect - [SERVICE][af7ccc96] <-- PrescriptionService.getPrescriptionsByDoctor(..) | 14ms | result: []
2026-05-11 13:37:51.240 INFO  [prescription-service] [traceId=none] c.m.prescription.aop.LoggingAspect - [CONTROLLER][af7ccc96] <-- PrescriptionController.getByDoctor(..) | 15ms | result: <200 OK OK,[],[]>
2026-05-11 15:12:33.416 INFO  [prescription-service] [traceId=7f38f2d9] c.m.prescription.aop.LoggingAspect - [CONTROLLER][7f38f2d9] --> PrescriptionController.getByDoctor(..) | args: [4]
2026-05-11 15:12:33.462 INFO  [prescription-service] [traceId=7f38f2d9] c.m.prescription.aop.LoggingAspect - [SERVICE][7f38f2d9] --> PrescriptionService.getPrescriptionsByDoctor(..) | args: [4]
2026-05-11 15:12:33.853 INFO  [prescription-service] [traceId=7f38f2d9] c.m.prescription.aop.LoggingAspect - [SERVICE][7f38f2d9] <-- PrescriptionService.getPrescriptionsByDoctor(..) | 391ms | result: []
2026-05-11 15:12:33.859 INFO  [prescription-service] [traceId=none] c.m.prescription.aop.LoggingAspect - [CONTROLLER][7f38f2d9] <-- PrescriptionController.getByDoctor(..) | 449ms | result: <200 OK OK,[],[]>
2026-05-11 15:12:33.994 INFO  [prescription-service] [traceId=94193bea] c.m.prescription.aop.LoggingAspect - [CONTROLLER][94193bea] --> PrescriptionController.getByDoctor(..) | args: [4]
2026-05-11 15:12:33.997 INFO  [prescription-service] [traceId=94193bea] c.m.prescription.aop.LoggingAspect - [SERVICE][94193bea] --> PrescriptionService.getPrescriptionsByDoctor(..) | args: [4]
2026-05-11 15:12:34.004 INFO  [prescription-service] [traceId=94193bea] c.m.prescription.aop.LoggingAspect - [SERVICE][94193bea] <-- PrescriptionService.getPrescriptionsByDoctor(..) | 7ms | result: []
2026-05-11 15:12:34.005 INFO  [prescription-service] [traceId=none] c.m.prescription.aop.LoggingAspect - [CONTROLLER][94193bea] <-- PrescriptionController.getByDoctor(..) | 11ms | result: <200 OK OK,[],[]>
2026-05-11 15:29:21.495 INFO  [prescription-service] [traceId=b960b969] c.m.prescription.aop.LoggingAspect - [CONTROLLER][b960b969] --> PrescriptionController.getByDoctor(..) | args: [4]
2026-05-11 15:29:21.542 INFO  [prescription-service] [traceId=b960b969] c.m.prescription.aop.LoggingAspect - [SERVICE][b960b969] --> PrescriptionService.getPrescriptionsByDoctor(..) | args: [4]
2026-05-11 15:29:21.995 INFO  [prescription-service] [traceId=b960b969] c.m.prescription.aop.LoggingAspect - [SERVICE][b960b969] <-- PrescriptionService.getPrescriptionsByDoctor(..) | 453ms | result: []
2026-05-11 15:29:21.999 INFO  [prescription-service] [traceId=none] c.m.prescription.aop.LoggingAspect - [CONTROLLER][b960b969] <-- PrescriptionController.getByDoctor(..) | 509ms | result: <200 OK OK,[],[]>
2026-05-11 15:29:22.135 INFO  [prescription-service] [traceId=671cd2f8] c.m.prescription.aop.LoggingAspect - [CONTROLLER][671cd2f8] --> PrescriptionController.getByDoctor(..) | args: [4]
2026-05-11 15:29:22.136 INFO  [prescription-service] [traceId=671cd2f8] c.m.prescription.aop.LoggingAspect - [SERVICE][671cd2f8] --> PrescriptionService.getPrescriptionsByDoctor(..) | args: [4]
2026-05-11 15:29:22.143 INFO  [prescription-service] [traceId=671cd2f8] c.m.prescription.aop.LoggingAspect - [SERVICE][671cd2f8] <-- PrescriptionService.getPrescriptionsByDoctor(..) | 7ms | result: []
2026-05-11 15:29:22.144 INFO  [prescription-service] [traceId=none] c.m.prescription.aop.LoggingAspect - [CONTROLLER][671cd2f8] <-- PrescriptionController.getByDoctor(..) | 9ms | result: <200 OK OK,[],[]>
2026-05-11 15:31:48.831 INFO  [prescription-service] [traceId=e2c39f08] c.m.prescription.aop.LoggingAspect - [CONTROLLER][e2c39f08] --> PrescriptionController.getByDoctor(..) | args: [4]
2026-05-11 15:31:48.850 INFO  [prescription-service] [traceId=e2c39f08] c.m.prescription.aop.LoggingAspect - [SERVICE][e2c39f08] --> PrescriptionService.getPrescriptionsByDoctor(..) | args: [4]
2026-05-11 15:31:49.074 INFO  [prescription-service] [traceId=e2c39f08] c.m.prescription.aop.LoggingAspect - [SERVICE][e2c39f08] <-- PrescriptionService.getPrescriptionsByDoctor(..) | 224ms | result: []
2026-05-11 15:31:49.076 INFO  [prescription-service] [traceId=none] c.m.prescription.aop.LoggingAspect - [CONTROLLER][e2c39f08] <-- PrescriptionController.getByDoctor(..) | 249ms | result: <200 OK OK,[],[]>
2026-05-11 15:32:09.934 INFO  [prescription-service] [traceId=d85e1b0c] c.m.prescription.aop.LoggingAspect - [CONTROLLER][d85e1b0c] --> PrescriptionController.addPrescription(..) | args: [com.meditrack.prescription.entity.Prescription@4f45875]
2026-05-11 15:32:09.996 INFO  [prescription-service] [traceId=d85e1b0c] c.m.prescription.aop.LoggingAspect - [SERVICE][d85e1b0c] --> PrescriptionService.addPrescription(..) | args: [com.meditrack.prescription.entity.Prescription@4f45875]
2026-05-11 15:32:13.809 INFO  [prescription-service] [traceId=d85e1b0c] c.m.p.service.PrescriptionService - Prescription created successfully for appointmentId=3
2026-05-11 15:32:17.519 INFO  [prescription-service] [traceId=d85e1b0c] c.m.prescription.aop.LoggingAspect - [SERVICE][d85e1b0c] <-- PrescriptionService.addPrescription(..) | 7523ms | result: com.meditrack.prescription.entity.Prescription@4f45875
2026-05-11 15:32:17.598 INFO  [prescription-service] [traceId=none] c.m.prescription.aop.LoggingAspect - [CONTROLLER][d85e1b0c] <-- PrescriptionController.addPrescription(..) | 7664ms | result: <200 OK OK,com.meditrack.prescription.entity.Prescription@4f45875,[]>
2026-05-11 15:33:29.144 INFO  [prescription-service] [traceId=c4187414] c.m.prescription.aop.LoggingAspect - [CONTROLLER][c4187414] --> PrescriptionController.getByDoctor(..) | args: [4]
2026-05-11 15:33:29.147 INFO  [prescription-service] [traceId=c4187414] c.m.prescription.aop.LoggingAspect - [SERVICE][c4187414] --> PrescriptionService.getPrescriptionsByDoctor(..) | args: [4]
2026-05-11 15:33:29.275 INFO  [prescription-service] [traceId=c4187414] c.m.prescription.aop.LoggingAspect - [SERVICE][c4187414] <-- PrescriptionService.getPrescriptionsByDoctor(..) | 128ms | result: [com.meditrack.prescription.entity.Prescription@ba7eabb]
2026-05-11 15:33:29.277 INFO  [prescription-service] [traceId=none] c.m.prescription.aop.LoggingAspect - [CONTROLLER][c4187414] <-- PrescriptionController.getByDoctor(..) | 133ms | result: <200 OK OK,[com.meditrack.prescription.entity.Prescription@ba7eabb],[]>
2026-05-11 15:33:29.349 INFO  [prescription-service] [traceId=6dbefd80] c.m.prescription.aop.LoggingAspect - [CONTROLLER][6dbefd80] --> PrescriptionController.getByDoctor(..) | args: [4]
2026-05-11 15:33:29.350 INFO  [prescription-service] [traceId=6dbefd80] c.m.prescription.aop.LoggingAspect - [SERVICE][6dbefd80] --> PrescriptionService.getPrescriptionsByDoctor(..) | args: [4]
2026-05-11 15:33:29.356 INFO  [prescription-service] [traceId=6dbefd80] c.m.prescription.aop.LoggingAspect - [SERVICE][6dbefd80] <-- PrescriptionService.getPrescriptionsByDoctor(..) | 6ms | result: [com.meditrack.prescription.entity.Prescription@17f4e875]
2026-05-11 15:33:29.356 INFO  [prescription-service] [traceId=none] c.m.prescription.aop.LoggingAspect - [CONTROLLER][6dbefd80] <-- PrescriptionController.getByDoctor(..) | 7ms | result: <200 OK OK,[com.meditrack.prescription.entity.Prescription@17f4e875],[]>
2026-05-11 15:33:48.000 INFO  [prescription-service] [traceId=e1924ca8] c.m.prescription.aop.LoggingAspect - [CONTROLLER][e1924ca8] --> PrescriptionController.getByDoctor(..) | args: [4]
2026-05-11 15:33:48.002 INFO  [prescription-service] [traceId=e1924ca8] c.m.prescription.aop.LoggingAspect - [SERVICE][e1924ca8] --> PrescriptionService.getPrescriptionsByDoctor(..) | args: [4]
2026-05-11 15:33:48.011 INFO  [prescription-service] [traceId=e1924ca8] c.m.prescription.aop.LoggingAspect - [SERVICE][e1924ca8] <-- PrescriptionService.getPrescriptionsByDoctor(..) | 9ms | result: [com.meditrack.prescription.entity.Prescription@20679a9e]
2026-05-11 15:33:48.012 INFO  [prescription-service] [traceId=none] c.m.prescription.aop.LoggingAspect - [CONTROLLER][e1924ca8] <-- PrescriptionController.getByDoctor(..) | 12ms | result: <200 OK OK,[com.meditrack.prescription.entity.Prescription@20679a9e],[]>
2026-05-11 15:33:48.043 INFO  [prescription-service] [traceId=ac9fb64d] c.m.prescription.aop.LoggingAspect - [CONTROLLER][ac9fb64d] --> PrescriptionController.getByDoctor(..) | args: [4]
2026-05-11 15:33:48.044 INFO  [prescription-service] [traceId=ac9fb64d] c.m.prescription.aop.LoggingAspect - [SERVICE][ac9fb64d] --> PrescriptionService.getPrescriptionsByDoctor(..) | args: [4]
2026-05-11 15:33:48.058 INFO  [prescription-service] [traceId=ac9fb64d] c.m.prescription.aop.LoggingAspect - [SERVICE][ac9fb64d] <-- PrescriptionService.getPrescriptionsByDoctor(..) | 14ms | result: [com.meditrack.prescription.entity.Prescription@41283971]
2026-05-11 15:33:48.058 INFO  [prescription-service] [traceId=none] c.m.prescription.aop.LoggingAspect - [CONTROLLER][ac9fb64d] <-- PrescriptionController.getByDoctor(..) | 15ms | result: <200 OK OK,[com.meditrack.prescription.entity.Prescription@41283971],[]>
2026-05-11 15:40:15.719 INFO  [prescription-service] [traceId=76c59aff] c.m.prescription.aop.LoggingAspect - [CONTROLLER][76c59aff] --> PrescriptionController.getByDoctor(..) | args: [4]
2026-05-11 15:40:15.785 INFO  [prescription-service] [traceId=76c59aff] c.m.prescription.aop.LoggingAspect - [SERVICE][76c59aff] --> PrescriptionService.getPrescriptionsByDoctor(..) | args: [4]
2026-05-11 15:40:16.424 INFO  [prescription-service] [traceId=76c59aff] c.m.prescription.aop.LoggingAspect - [SERVICE][76c59aff] <-- PrescriptionService.getPrescriptionsByDoctor(..) | 639ms | result: [com.meditrack.prescription.entity.Prescription@396d08a9]
2026-05-11 15:40:16.430 INFO  [prescription-service] [traceId=none] c.m.prescription.aop.LoggingAspect - [CONTROLLER][76c59aff] <-- PrescriptionController.getByDoctor(..) | 718ms | result: <200 OK OK,[com.meditrack.prescription.entity.Prescription@396d08a9],[]>
2026-05-11 15:40:16.713 INFO  [prescription-service] [traceId=6bdb8226] c.m.prescription.aop.LoggingAspect - [CONTROLLER][6bdb8226] --> PrescriptionController.getByDoctor(..) | args: [4]
2026-05-11 15:40:16.715 INFO  [prescription-service] [traceId=6bdb8226] c.m.prescription.aop.LoggingAspect - [SERVICE][6bdb8226] --> PrescriptionService.getPrescriptionsByDoctor(..) | args: [4]
2026-05-11 15:40:16.728 INFO  [prescription-service] [traceId=6bdb8226] c.m.prescription.aop.LoggingAspect - [SERVICE][6bdb8226] <-- PrescriptionService.getPrescriptionsByDoctor(..) | 13ms | result: [com.meditrack.prescription.entity.Prescription@5009321c]
2026-05-11 15:40:16.729 INFO  [prescription-service] [traceId=none] c.m.prescription.aop.LoggingAspect - [CONTROLLER][6bdb8226] <-- PrescriptionController.getByDoctor(..) | 16ms | result: <200 OK OK,[com.meditrack.prescription.entity.Prescription@5009321c],[]>
2026-05-11 15:41:25.314 INFO  [prescription-service] [traceId=7c72f8c8] c.m.prescription.aop.LoggingAspect - [CONTROLLER][7c72f8c8] --> PrescriptionController.addPrescription(..) | args: [com.meditrack.prescription.entity.Prescription@365c5cba]
2026-05-11 15:41:25.427 INFO  [prescription-service] [traceId=7c72f8c8] c.m.prescription.aop.LoggingAspect - [SERVICE][7c72f8c8] --> PrescriptionService.addPrescription(..) | args: [com.meditrack.prescription.entity.Prescription@365c5cba]
2026-05-11 15:41:28.719 INFO  [prescription-service] [traceId=7c72f8c8] c.m.p.service.PrescriptionService - Prescription created successfully for appointmentId=5
2026-05-11 15:41:29.173 INFO  [prescription-service] [traceId=7c72f8c8] c.m.prescription.aop.LoggingAspect - [SERVICE][7c72f8c8] <-- PrescriptionService.addPrescription(..) | 3746ms | result: com.meditrack.prescription.entity.Prescription@365c5cba
2026-05-11 15:41:29.201 INFO  [prescription-service] [traceId=none] c.m.prescription.aop.LoggingAspect - [CONTROLLER][7c72f8c8] <-- PrescriptionController.addPrescription(..) | 3907ms | result: <200 OK OK,com.meditrack.prescription.entity.Prescription@365c5cba,[]>
2026-05-11 15:41:55.003 INFO  [prescription-service] [traceId=0654441c] c.m.prescription.aop.LoggingAspect - [CONTROLLER][0654441c] --> PrescriptionController.updatePrescription(..) | args: [4, com.meditrack.prescription.dto.PrescriptionUpdateRequest@7780e4a3]
2026-05-11 15:41:55.009 INFO  [prescription-service] [traceId=0654441c] c.m.prescription.aop.LoggingAspect - [SERVICE][0654441c] --> PrescriptionService.updatePrescription(..) | args: [4, com.meditrack.prescription.dto.PrescriptionUpdateRequest@7780e4a3]
2026-05-11 15:41:55.155 INFO  [prescription-service] [traceId=0654441c] c.m.p.service.PrescriptionService - Prescription updated for id=4
2026-05-11 15:41:55.196 INFO  [prescription-service] [traceId=0654441c] c.m.prescription.aop.LoggingAspect - [SERVICE][0654441c] <-- PrescriptionService.updatePrescription(..) | 187ms | result: com.meditrack.prescription.entity.Prescription@2bf93d12
2026-05-11 15:41:55.200 INFO  [prescription-service] [traceId=none] c.m.prescription.aop.LoggingAspect - [CONTROLLER][0654441c] <-- PrescriptionController.updatePrescription(..) | 197ms | result: <200 OK OK,com.meditrack.prescription.entity.Prescription@2bf93d12,[]>
2026-05-11 15:42:19.124 INFO  [prescription-service] [traceId=2c352675] c.m.prescription.aop.LoggingAspect - [CONTROLLER][2c352675] --> PrescriptionController.getByDoctor(..) | args: [4]
2026-05-11 15:42:19.125 INFO  [prescription-service] [traceId=2c352675] c.m.prescription.aop.LoggingAspect - [SERVICE][2c352675] --> PrescriptionService.getPrescriptionsByDoctor(..) | args: [4]
2026-05-11 15:42:19.141 INFO  [prescription-service] [traceId=2c352675] c.m.prescription.aop.LoggingAspect - [SERVICE][2c352675] <-- PrescriptionService.getPrescriptionsByDoctor(..) | 16ms | result: [com.meditrack.prescription.entity.Prescription@469abc39, com.meditrack.prescription.entity.Prescription@6965af0b]
2026-05-11 15:42:19.142 INFO  [prescription-service] [traceId=none] c.m.prescription.aop.LoggingAspect - [CONTROLLER][2c352675] <-- PrescriptionController.getByDoctor(..) | 18ms | result: <200 OK OK,[com.meditrack.prescription.entity.Prescription@469abc39, com.meditrack.prescription.entity.Prescription@6965af0b],[]>
2026-05-11 15:42:19.175 INFO  [prescription-service] [traceId=e0038b9e] c.m.prescription.aop.LoggingAspect - [CONTROLLER][e0038b9e] --> PrescriptionController.getByDoctor(..) | args: [4]
2026-05-11 15:42:19.175 INFO  [prescription-service] [traceId=e0038b9e] c.m.prescription.aop.LoggingAspect - [SERVICE][e0038b9e] --> PrescriptionService.getPrescriptionsByDoctor(..) | args: [4]
2026-05-11 15:42:19.186 INFO  [prescription-service] [traceId=e0038b9e] c.m.prescription.aop.LoggingAspect - [SERVICE][e0038b9e] <-- PrescriptionService.getPrescriptionsByDoctor(..) | 11ms | result: [com.meditrack.prescription.entity.Prescription@26bc3768, com.meditrack.prescription.entity.Prescription@40a61f57]
2026-05-11 15:42:19.187 INFO  [prescription-service] [traceId=none] c.m.prescription.aop.LoggingAspect - [CONTROLLER][e0038b9e] <-- PrescriptionController.getByDoctor(..) | 12ms | result: <200 OK OK,[com.meditrack.prescription.entity.Prescription@26bc3768, com.meditrack.prescription.entity.Prescription@40a61f57],[]>
2026-05-11 15:44:19.622 INFO  [prescription-service] [traceId=a1137d03] c.m.prescription.aop.LoggingAspect - [CONTROLLER][a1137d03] --> PrescriptionController.addPrescription(..) | args: [com.meditrack.prescription.entity.Prescription@18267a8e]
2026-05-11 15:44:19.660 INFO  [prescription-service] [traceId=a1137d03] c.m.prescription.aop.LoggingAspect - [SERVICE][a1137d03] --> PrescriptionService.addPrescription(..) | args: [com.meditrack.prescription.entity.Prescription@18267a8e]
2026-05-11 15:44:20.118 INFO  [prescription-service] [traceId=a1137d03] c.m.p.service.PrescriptionService - Prescription created successfully for appointmentId=11
2026-05-11 15:44:20.272 INFO  [prescription-service] [traceId=a1137d03] c.m.prescription.aop.LoggingAspect - [SERVICE][a1137d03] <-- PrescriptionService.addPrescription(..) | 612ms | result: com.meditrack.prescription.entity.Prescription@18267a8e
2026-05-11 15:44:20.284 INFO  [prescription-service] [traceId=none] c.m.prescription.aop.LoggingAspect - [CONTROLLER][a1137d03] <-- PrescriptionController.addPrescription(..) | 663ms | result: <200 OK OK,com.meditrack.prescription.entity.Prescription@18267a8e,[]>
2026-05-11 15:48:39.668 INFO  [prescription-service] [traceId=0e2372e1] c.m.prescription.aop.LoggingAspect - [CONTROLLER][0e2372e1] --> PrescriptionController.getByDoctor(..) | args: [4]
2026-05-11 15:48:39.703 INFO  [prescription-service] [traceId=0e2372e1] c.m.prescription.aop.LoggingAspect - [SERVICE][0e2372e1] --> PrescriptionService.getPrescriptionsByDoctor(..) | args: [4]
2026-05-11 15:48:40.278 INFO  [prescription-service] [traceId=0e2372e1] c.m.prescription.aop.LoggingAspect - [SERVICE][0e2372e1] <-- PrescriptionService.getPrescriptionsByDoctor(..) | 575ms | result: [com.meditrack.prescription.entity.Prescription@6d6649a8, com.meditrack.prescription.entity.Prescription@68feeb45, com.meditrack.prescription.entity.Prescription@73c6fa82]
2026-05-11 15:48:40.280 INFO  [prescription-service] [traceId=none] c.m.prescription.aop.LoggingAspect - [CONTROLLER][0e2372e1] <-- PrescriptionController.getByDoctor(..) | 625ms | result: <200 OK OK,[com.meditrack.prescription.entity.Prescription@6d6649a8, com.meditrack.prescription.entity.Prescription@68feeb45, com.meditrack.prescription.entity.Prescription@73c6fa82],[]>
2026-05-11 15:48:40.355 INFO  [prescription-service] [traceId=2eb3ef92] c.m.prescription.aop.LoggingAspect - [CONTROLLER][2eb3ef92] --> PrescriptionController.getByDoctor(..) | args: [4]
2026-05-11 15:48:40.355 INFO  [prescription-service] [traceId=2eb3ef92] c.m.prescription.aop.LoggingAspect - [SERVICE][2eb3ef92] --> PrescriptionService.getPrescriptionsByDoctor(..) | args: [4]
2026-05-11 15:48:40.366 INFO  [prescription-service] [traceId=2eb3ef92] c.m.prescription.aop.LoggingAspect - [SERVICE][2eb3ef92] <-- PrescriptionService.getPrescriptionsByDoctor(..) | 11ms | result: [com.meditrack.prescription.entity.Prescription@6a769ad8, com.meditrack.prescription.entity.Prescription@568fc1f1, com.meditrack.prescription.entity.Prescription@4e0dca8b]
2026-05-11 15:48:40.366 INFO  [prescription-service] [traceId=none] c.m.prescription.aop.LoggingAspect - [CONTROLLER][2eb3ef92] <-- PrescriptionController.getByDoctor(..) | 11ms | result: <200 OK OK,[com.meditrack.prescription.entity.Prescription@6a769ad8, com.meditrack.prescription.entity.Prescription@568fc1f1, com.meditrack.prescription.entity.Prescription@4e0dca8b],[]>
2026-05-11 15:50:39.930 INFO  [prescription-service] [traceId=7b33f80e] c.m.prescription.aop.LoggingAspect - [CONTROLLER][7b33f80e] --> PrescriptionController.getByDoctor(..) | args: [4]
2026-05-11 15:50:39.954 INFO  [prescription-service] [traceId=7b33f80e] c.m.prescription.aop.LoggingAspect - [SERVICE][7b33f80e] --> PrescriptionService.getPrescriptionsByDoctor(..) | args: [4]
2026-05-11 15:50:40.294 INFO  [prescription-service] [traceId=7b33f80e] c.m.prescription.aop.LoggingAspect - [SERVICE][7b33f80e] <-- PrescriptionService.getPrescriptionsByDoctor(..) | 340ms | result: [com.meditrack.prescription.entity.Prescription@764246ce, com.meditrack.prescription.entity.Prescription@314e4bd1, com.meditrack.prescription.entity.Prescription@1724337b]
2026-05-11 15:50:40.295 INFO  [prescription-service] [traceId=none] c.m.prescription.aop.LoggingAspect - [CONTROLLER][7b33f80e] <-- PrescriptionController.getByDoctor(..) | 369ms | result: <200 OK OK,[com.meditrack.prescription.entity.Prescription@764246ce, com.meditrack.prescription.entity.Prescription@314e4bd1, com.meditrack.prescription.entity.Prescription@1724337b],[]>
2026-05-11 15:50:57.832 INFO  [prescription-service] [traceId=e00ba0b9] c.m.prescription.aop.LoggingAspect - [CONTROLLER][e00ba0b9] --> PrescriptionController.getByDoctor(..) | args: [4]
2026-05-11 15:50:57.832 INFO  [prescription-service] [traceId=e00ba0b9] c.m.prescription.aop.LoggingAspect - [SERVICE][e00ba0b9] --> PrescriptionService.getPrescriptionsByDoctor(..) | args: [4]
2026-05-11 15:50:57.852 INFO  [prescription-service] [traceId=e00ba0b9] c.m.prescription.aop.LoggingAspect - [SERVICE][e00ba0b9] <-- PrescriptionService.getPrescriptionsByDoctor(..) | 20ms | result: [com.meditrack.prescription.entity.Prescription@5bf21023, com.meditrack.prescription.entity.Prescription@3e05f039, com.meditrack.prescription.entity.Prescription@7588e93]
2026-05-11 15:50:57.852 INFO  [prescription-service] [traceId=none] c.m.prescription.aop.LoggingAspect - [CONTROLLER][e00ba0b9] <-- PrescriptionController.getByDoctor(..) | 20ms | result: <200 OK OK,[com.meditrack.prescription.entity.Prescription@5bf21023, com.meditrack.prescription.entity.Prescription@3e05f039, com.meditrack.prescription.entity.Prescription@7588e93],[]>
2026-05-11 15:51:48.490 INFO  [prescription-service] [traceId=1c522414] c.m.prescription.aop.LoggingAspect - [CONTROLLER][1c522414] --> PrescriptionController.getByDoctor(..) | args: [4]
2026-05-11 15:51:48.497 INFO  [prescription-service] [traceId=1c522414] c.m.prescription.aop.LoggingAspect - [SERVICE][1c522414] --> PrescriptionService.getPrescriptionsByDoctor(..) | args: [4]
2026-05-11 15:51:48.629 INFO  [prescription-service] [traceId=1c522414] c.m.prescription.aop.LoggingAspect - [SERVICE][1c522414] <-- PrescriptionService.getPrescriptionsByDoctor(..) | 132ms | result: [com.meditrack.prescription.entity.Prescription@4a37527b, com.meditrack.prescription.entity.Prescription@1f14f132, com.meditrack.prescription.entity.Prescription@3dc97e2f]
2026-05-11 15:51:48.629 INFO  [prescription-service] [traceId=none] c.m.prescription.aop.LoggingAspect - [CONTROLLER][1c522414] <-- PrescriptionController.getByDoctor(..) | 144ms | result: <200 OK OK,[com.meditrack.prescription.entity.Prescription@4a37527b, com.meditrack.prescription.entity.Prescription@1f14f132, com.meditrack.prescription.entity.Prescription@3dc97e2f],[]>
2026-05-11 15:54:55.837 INFO  [prescription-service] [traceId=353e2ee1] c.m.prescription.aop.LoggingAspect - [CONTROLLER][353e2ee1] --> PrescriptionController.getByDoctor(..) | args: [4]
2026-05-11 15:54:55.857 INFO  [prescription-service] [traceId=353e2ee1] c.m.prescription.aop.LoggingAspect - [SERVICE][353e2ee1] --> PrescriptionService.getPrescriptionsByDoctor(..) | args: [4]
2026-05-11 15:54:56.149 INFO  [prescription-service] [traceId=353e2ee1] c.m.prescription.aop.LoggingAspect - [SERVICE][353e2ee1] <-- PrescriptionService.getPrescriptionsByDoctor(..) | 292ms | result: [com.meditrack.prescription.entity.Prescription@49c756f2, com.meditrack.prescription.entity.Prescription@2b648768, com.meditrack.prescription.entity.Prescription@14a3267d]
2026-05-11 15:54:56.150 INFO  [prescription-service] [traceId=none] c.m.prescription.aop.LoggingAspect - [CONTROLLER][353e2ee1] <-- PrescriptionController.getByDoctor(..) | 315ms | result: <200 OK OK,[com.meditrack.prescription.entity.Prescription@49c756f2, com.meditrack.prescription.entity.Prescription@2b648768, com.meditrack.prescription.entity.Prescription@14a3267d],[]>
2026-05-11 15:58:34.328 INFO  [prescription-service] [traceId=e826aded] c.m.prescription.aop.LoggingAspect - [CONTROLLER][e826aded] --> PrescriptionController.getByPatient(..) | args: [4]
2026-05-11 15:58:34.342 INFO  [prescription-service] [traceId=e826aded] c.m.prescription.aop.LoggingAspect - [SERVICE][e826aded] --> PrescriptionService.getPrescriptionsByPatient(..) | args: [4]
2026-05-11 15:58:35.488 INFO  [prescription-service] [traceId=e826aded] c.m.prescription.aop.LoggingAspect - [SERVICE][e826aded] <-- PrescriptionService.getPrescriptionsByPatient(..) | 1146ms | result: [com.meditrack.prescription.entity.Prescription@7be0ea96]
2026-05-11 15:58:35.490 INFO  [prescription-service] [traceId=none] c.m.prescription.aop.LoggingAspect - [CONTROLLER][e826aded] <-- PrescriptionController.getByPatient(..) | 1165ms | result: <200 OK OK,[com.meditrack.prescription.entity.Prescription@7be0ea96],[]>
2026-05-11 15:58:35.558 INFO  [prescription-service] [traceId=2ef963aa] c.m.prescription.aop.LoggingAspect - [CONTROLLER][2ef963aa] --> PrescriptionController.getByPatient(..) | args: [4]
2026-05-11 15:58:35.558 INFO  [prescription-service] [traceId=2ef963aa] c.m.prescription.aop.LoggingAspect - [SERVICE][2ef963aa] --> PrescriptionService.getPrescriptionsByPatient(..) | args: [4]
2026-05-11 15:58:35.621 INFO  [prescription-service] [traceId=2ef963aa] c.m.prescription.aop.LoggingAspect - [SERVICE][2ef963aa] <-- PrescriptionService.getPrescriptionsByPatient(..) | 63ms | result: [com.meditrack.prescription.entity.Prescription@45ed1e30]
2026-05-11 15:58:35.621 INFO  [prescription-service] [traceId=none] c.m.prescription.aop.LoggingAspect - [CONTROLLER][2ef963aa] <-- PrescriptionController.getByPatient(..) | 64ms | result: <200 OK OK,[com.meditrack.prescription.entity.Prescription@45ed1e30],[]>
2026-05-11 15:59:06.694 INFO  [prescription-service] [traceId=03b9a8f6] c.m.prescription.aop.LoggingAspect - [CONTROLLER][03b9a8f6] --> PrescriptionController.getByPatient(..) | args: [4]
2026-05-11 15:59:06.694 INFO  [prescription-service] [traceId=03b9a8f6] c.m.prescription.aop.LoggingAspect - [SERVICE][03b9a8f6] --> PrescriptionService.getPrescriptionsByPatient(..) | args: [4]
2026-05-11 15:59:06.835 INFO  [prescription-service] [traceId=03b9a8f6] c.m.prescription.aop.LoggingAspect - [SERVICE][03b9a8f6] <-- PrescriptionService.getPrescriptionsByPatient(..) | 141ms | result: [com.meditrack.prescription.entity.Prescription@7306bfdd]
2026-05-11 15:59:06.835 INFO  [prescription-service] [traceId=none] c.m.prescription.aop.LoggingAspect - [CONTROLLER][03b9a8f6] <-- PrescriptionController.getByPatient(..) | 142ms | result: <200 OK OK,[com.meditrack.prescription.entity.Prescription@7306bfdd],[]>
2026-05-11 15:59:06.870 INFO  [prescription-service] [traceId=6358018a] c.m.prescription.aop.LoggingAspect - [CONTROLLER][6358018a] --> PrescriptionController.getByPatient(..) | args: [4]
2026-05-11 15:59:06.870 INFO  [prescription-service] [traceId=6358018a] c.m.prescription.aop.LoggingAspect - [SERVICE][6358018a] --> PrescriptionService.getPrescriptionsByPatient(..) | args: [4]
2026-05-11 15:59:06.926 INFO  [prescription-service] [traceId=6358018a] c.m.prescription.aop.LoggingAspect - [SERVICE][6358018a] <-- PrescriptionService.getPrescriptionsByPatient(..) | 56ms | result: [com.meditrack.prescription.entity.Prescription@4c348e10]
2026-05-11 15:59:06.926 INFO  [prescription-service] [traceId=none] c.m.prescription.aop.LoggingAspect - [CONTROLLER][6358018a] <-- PrescriptionController.getByPatient(..) | 56ms | result: <200 OK OK,[com.meditrack.prescription.entity.Prescription@4c348e10],[]>
2026-05-11 16:50:32.808 WARN  [prescription-service] [traceId=none] com.zaxxer.hikari.pool.HikariPool - HikariPool-1 - Thread starvation or clock leap detected (housekeeper delta=1m36s511ms792µs300ns).
