2026-05-10 17:00:43.596 INFO  [patient-service] [traceId=none] o.h.validator.internal.util.Version - HV000001: Hibernate Validator 8.0.3.Final
2026-05-10 17:00:43.668 INFO  [patient-service] [traceId=none] c.m.p.PatientServiceApplication - Starting PatientServiceApplication using Java 20.0.2 with PID 30208 (C:\Users\Aishu\C_MediTrack\MediTrack\patient-service\target\classes started by Aishu in C:\Users\Aishu\C_MediTrack\MediTrack\patient-service)
2026-05-10 17:00:43.669 INFO  [patient-service] [traceId=none] c.m.p.PatientServiceApplication - No active profile set, falling back to 1 default profile: "default"
2026-05-10 17:00:44.931 INFO  [patient-service] [traceId=none] o.s.d.r.c.RepositoryConfigurationDelegate - Bootstrapping Spring Data JPA repositories in DEFAULT mode.
2026-05-10 17:00:45.153 INFO  [patient-service] [traceId=none] o.s.d.r.c.RepositoryConfigurationDelegate - Finished Spring Data repository scanning in 206 ms. Found 1 JPA repository interface.
2026-05-10 17:00:45.514 INFO  [patient-service] [traceId=none] o.s.cloud.context.scope.GenericScope - BeanFactory id=21da2f07-95f3-3cc0-9b20-5633a7eb8d92
2026-05-10 17:00:46.292 INFO  [patient-service] [traceId=none] o.s.b.w.e.tomcat.TomcatWebServer - Tomcat initialized with port 8082 (http)
2026-05-10 17:00:46.311 INFO  [patient-service] [traceId=none] o.a.coyote.http11.Http11NioProtocol - Initializing ProtocolHandler ["http-nio-8082"]
2026-05-10 17:00:46.314 INFO  [patient-service] [traceId=none] o.a.catalina.core.StandardService - Starting service [Tomcat]
2026-05-10 17:00:46.314 INFO  [patient-service] [traceId=none] o.a.catalina.core.StandardEngine - Starting Servlet engine: [Apache Tomcat/10.1.53]
2026-05-10 17:00:46.434 INFO  [patient-service] [traceId=none] o.a.c.c.C.[Tomcat].[localhost].[/] - Initializing Spring embedded WebApplicationContext
2026-05-10 17:00:46.435 INFO  [patient-service] [traceId=none] o.s.b.w.s.c.ServletWebServerApplicationContext - Root WebApplicationContext: initialization completed in 2703 ms
2026-05-10 17:00:46.750 INFO  [patient-service] [traceId=none] o.h.jpa.internal.util.LogHelper - HHH000204: Processing PersistenceUnitInfo [name: default]
2026-05-10 17:00:46.833 INFO  [patient-service] [traceId=none] org.hibernate.Version - HHH000412: Hibernate ORM core version 6.6.45.Final
2026-05-10 17:00:46.883 INFO  [patient-service] [traceId=none] o.h.c.i.RegionFactoryInitiator - HHH000026: Second-level cache disabled
2026-05-10 17:00:47.244 INFO  [patient-service] [traceId=none] o.s.o.j.p.SpringPersistenceUnitInfo - No LoadTimeWeaver setup: ignoring JPA class transformer
2026-05-10 17:00:47.285 INFO  [patient-service] [traceId=none] com.zaxxer.hikari.HikariDataSource - HikariPool-1 - Starting...
2026-05-10 17:00:47.795 INFO  [patient-service] [traceId=none] com.zaxxer.hikari.pool.HikariPool - HikariPool-1 - Added connection com.mysql.cj.jdbc.ConnectionImpl@2ae88712
2026-05-10 17:00:47.797 INFO  [patient-service] [traceId=none] com.zaxxer.hikari.HikariDataSource - HikariPool-1 - Start completed.
2026-05-10 17:00:47.921 INFO  [patient-service] [traceId=none] o.hibernate.orm.connections.pooling - HHH10001005: Database info:
	Database JDBC URL [Connecting through datasource 'HikariDataSource (HikariPool-1)']
	Database driver: undefined/unknown
	Database version: 8.0.45
	Autocommit mode: undefined/unknown
	Isolation level: undefined/unknown
	Minimum pool size: undefined/unknown
	Maximum pool size: undefined/unknown
2026-05-10 17:00:48.996 INFO  [patient-service] [traceId=none] o.h.e.t.j.p.i.JtaPlatformInitiator - HHH000489: No JTA platform available (set 'hibernate.transaction.jta.platform' to enable JTA platform integration)
2026-05-10 17:00:49.154 INFO  [patient-service] [traceId=none] o.s.o.j.LocalContainerEntityManagerFactoryBean - Initialized JPA EntityManagerFactory for persistence unit 'default'
2026-05-10 17:00:49.847 WARN  [patient-service] [traceId=none] o.s.b.a.o.j.JpaBaseConfiguration$JpaWebConfiguration - spring.jpa.open-in-view is enabled by default. Therefore, database queries may be performed during view rendering. Explicitly configure spring.jpa.open-in-view to disable this warning
2026-05-10 17:00:50.213 WARN  [patient-service] [traceId=none] o.s.b.a.s.s.UserDetailsServiceAutoConfiguration - 

Using generated security password: f135d149-670b-4cbb-856b-4552a2651dab

This generated password is for development use only. Your security configuration must be updated before running your application in production.

2026-05-10 17:00:51.320 INFO  [patient-service] [traceId=none] o.s.c.n.e.c.DiscoveryClientOptionalArgsConfiguration - Eureka HTTP Client uses RestTemplate.
2026-05-10 17:00:51.397 WARN  [patient-service] [traceId=none] o.s.c.l.c.LoadBalancerCacheAutoConfiguration$LoadBalancerCaffeineWarnLogger - Spring Cloud LoadBalancer is currently working with the default cache. While this cache implementation is useful for development and tests, it's recommended to use Caffeine cache in production.You can switch to using Caffeine cache, by adding it and org.springframework.cache.caffeine.CaffeineCacheManager to the classpath.
2026-05-10 17:00:51.469 INFO  [patient-service] [traceId=none] o.s.c.n.eureka.InstanceInfoFactory - Setting initial instance status as: STARTING
2026-05-10 17:00:52.144 INFO  [patient-service] [traceId=none] o.s.c.n.e.s.EurekaServiceRegistry - Registering application PATIENT-SERVICE with eureka with status UP
2026-05-10 17:00:52.146 INFO  [patient-service] [traceId=none] o.a.coyote.http11.Http11NioProtocol - Starting ProtocolHandler ["http-nio-8082"]
2026-05-10 17:00:52.194 INFO  [patient-service] [traceId=none] o.s.b.w.e.tomcat.TomcatWebServer - Tomcat started on port 8082 (http) with context path '/'
2026-05-10 17:00:52.196 INFO  [patient-service] [traceId=none] o.s.c.n.e.s.EurekaAutoServiceRegistration - Updating port to 8082
2026-05-10 17:00:52.324 INFO  [patient-service] [traceId=none] c.m.p.PatientServiceApplication - Started PatientServiceApplication in 9.444 seconds (process running for 10.462)
2026-05-10 17:01:05.213 INFO  [patient-service] [traceId=none] o.a.c.c.C.[Tomcat].[localhost].[/] - Initializing Spring DispatcherServlet 'dispatcherServlet'
2026-05-10 17:01:05.213 INFO  [patient-service] [traceId=none] o.s.web.servlet.DispatcherServlet - Initializing Servlet 'dispatcherServlet'
2026-05-10 17:01:05.215 INFO  [patient-service] [traceId=none] o.s.web.servlet.DispatcherServlet - Completed initialization in 1 ms
2026-05-10 17:01:08.570 INFO  [patient-service] [traceId=none] o.s.api.AbstractOpenApiResource - Init duration for springdoc-openapi is: 327 ms
2026-05-10 17:19:33.966 INFO  [patient-service] [traceId=none] o.s.b.a.SpringApplicationAdminMXBeanRegistrar$SpringApplicationAdmin - Application shutdown requested.
2026-05-10 17:19:34.140 INFO  [patient-service] [traceId=none] o.s.c.n.e.s.EurekaServiceRegistry - Unregistering application PATIENT-SERVICE with eureka with status DOWN
2026-05-10 17:19:34.666 INFO  [patient-service] [traceId=none] o.s.b.w.e.tomcat.GracefulShutdown - Commencing graceful shutdown. Waiting for active requests to complete
2026-05-10 17:19:34.818 INFO  [patient-service] [traceId=none] o.a.coyote.http11.Http11NioProtocol - Pausing ProtocolHandler ["http-nio-8082"]
2026-05-10 17:19:34.941 INFO  [patient-service] [traceId=none] o.s.b.w.e.tomcat.GracefulShutdown - Graceful shutdown complete
2026-05-10 17:19:34.994 INFO  [patient-service] [traceId=none] o.a.coyote.http11.Http11NioProtocol - Stopping ProtocolHandler ["http-nio-8082"]
2026-05-10 17:19:35.417 INFO  [patient-service] [traceId=none] o.s.o.j.LocalContainerEntityManagerFactoryBean - Closing JPA EntityManagerFactory for persistence unit 'default'
2026-05-10 17:19:35.843 INFO  [patient-service] [traceId=none] com.zaxxer.hikari.HikariDataSource - HikariPool-1 - Shutdown initiated...
2026-05-10 17:19:36.492 INFO  [patient-service] [traceId=none] com.zaxxer.hikari.HikariDataSource - HikariPool-1 - Shutdown completed.
2026-05-10 17:19:39.644 WARN  [patient-service] [traceId=none] c.n.d.s.t.d.RetryableEurekaHttpClient - Request execution failed with message: I/O error on DELETE request for "http://localhost:8761/eureka/apps/PATIENT-SERVICE/DESKTOP-TE08QKM:patient-service:8082": Connect to http://localhost:8761 failed: Connection refused: no further information
2026-05-10 17:19:39.662 WARN  [patient-service] [traceId=none] c.n.d.s.t.d.RetryableEurekaHttpClient - Request execution failed with message: I/O error on DELETE request for "http://localhost:8761/eureka/apps/PATIENT-SERVICE/DESKTOP-TE08QKM:patient-service:8082": Connect to http://localhost:8761 failed: Connection refused: no further information
2026-05-10 17:19:39.662 ERROR [patient-service] [traceId=none] c.netflix.discovery.DiscoveryClient - DiscoveryClient_PATIENT-SERVICE/DESKTOP-TE08QKM:patient-service:8082 - de-registration failedCannot execute request on any known server
com.netflix.discovery.shared.transport.TransportException: Cannot execute request on any known server
	at com.netflix.discovery.shared.transport.decorator.RetryableEurekaHttpClient.execute(RetryableEurekaHttpClient.java:112)
	at com.netflix.discovery.shared.transport.decorator.EurekaHttpClientDecorator.cancel(EurekaHttpClientDecorator.java:71)
	at com.netflix.discovery.shared.transport.decorator.EurekaHttpClientDecorator$2.execute(EurekaHttpClientDecorator.java:74)
	at com.netflix.discovery.shared.transport.decorator.SessionedEurekaHttpClient.execute(SessionedEurekaHttpClient.java:76)
	at com.netflix.discovery.shared.transport.decorator.EurekaHttpClientDecorator.cancel(EurekaHttpClientDecorator.java:71)
	at com.netflix.discovery.DiscoveryClient.unregister(DiscoveryClient.java:934)
	at com.netflix.discovery.DiscoveryClient.shutdown(DiscoveryClient.java:915)
	at java.base/jdk.internal.reflect.DirectMethodHandleAccessor.invoke(DirectMethodHandleAccessor.java:104)
	at java.base/java.lang.reflect.Method.invoke(Method.java:578)
	at org.springframework.beans.factory.annotation.InitDestroyAnnotationBeanPostProcessor$LifecycleMethod.invoke(InitDestroyAnnotationBeanPostProcessor.java:457)
	at org.springframework.beans.factory.annotation.InitDestroyAnnotationBeanPostProcessor$LifecycleMetadata.invokeDestroyMethods(InitDestroyAnnotationBeanPostProcessor.java:415)
	at org.springframework.beans.factory.annotation.InitDestroyAnnotationBeanPostProcessor.postProcessBeforeDestruction(InitDestroyAnnotationBeanPostProcessor.java:239)
	at org.springframework.beans.factory.support.DisposableBeanAdapter.destroy(DisposableBeanAdapter.java:203)
	at org.springframework.beans.factory.support.DisposableBeanAdapter.run(DisposableBeanAdapter.java:196)
	at org.springframework.cloud.context.scope.GenericScope$BeanLifecycleWrapper.destroy(GenericScope.java:387)
	at org.springframework.cloud.context.scope.GenericScope.destroy(GenericScope.java:134)
	at org.springframework.beans.factory.support.DisposableBeanAdapter.destroy(DisposableBeanAdapter.java:212)
	at org.springframework.beans.factory.support.DefaultSingletonBeanRegistry.destroyBean(DefaultSingletonBeanRegistry.java:798)
	at org.springframework.beans.factory.support.DefaultSingletonBeanRegistry.destroySingleton(DefaultSingletonBeanRegistry.java:748)
	at org.springframework.beans.factory.support.DefaultListableBeanFactory.destroySingleton(DefaultListableBeanFactory.java:1499)
	at org.springframework.beans.factory.support.DefaultSingletonBeanRegistry.destroySingletons(DefaultSingletonBeanRegistry.java:707)
	at org.springframework.beans.factory.support.DefaultListableBeanFactory.destroySingletons(DefaultListableBeanFactory.java:1492)
	at org.springframework.context.support.AbstractApplicationContext.destroyBeans(AbstractApplicationContext.java:1243)
	at org.springframework.context.support.AbstractApplicationContext.doClose(AbstractApplicationContext.java:1204)
	at org.springframework.boot.web.servlet.context.ServletWebServerApplicationContext.doClose(ServletWebServerApplicationContext.java:179)
	at org.springframework.context.support.AbstractApplicationContext.close(AbstractApplicationContext.java:1150)
	at org.springframework.boot.admin.SpringApplicationAdminMXBeanRegistrar$SpringApplicationAdmin.shutdown(SpringApplicationAdminMXBeanRegistrar.java:160)
	at java.base/jdk.internal.reflect.DirectMethodHandleAccessor.invoke(DirectMethodHandleAccessor.java:104)
	at java.base/java.lang.reflect.Method.invoke(Method.java:578)
	at sun.reflect.misc.Trampoline.invoke(MethodUtil.java:64)
	at java.base/jdk.internal.reflect.DirectMethodHandleAccessor.invoke(DirectMethodHandleAccessor.java:104)
	at java.base/java.lang.reflect.Method.invoke(Method.java:578)
	at java.base/sun.reflect.misc.MethodUtil.invoke(MethodUtil.java:97)
	at java.management/com.sun.jmx.mbeanserver.ConvertingMethod.invokeWithOpenReturn(ConvertingMethod.java:193)
	at java.management/com.sun.jmx.mbeanserver.ConvertingMethod.invokeWithOpenReturn(ConvertingMethod.java:175)
	at java.management/com.sun.jmx.mbeanserver.MXBeanIntrospector.invokeM2(MXBeanIntrospector.java:115)
	at java.management/com.sun.jmx.mbeanserver.MXBeanIntrospector.invokeM2(MXBeanIntrospector.java:52)
	at java.management/com.sun.jmx.mbeanserver.MBeanIntrospector.invokeM(MBeanIntrospector.java:236)
	at java.management/com.sun.jmx.mbeanserver.PerInterface.invoke(PerInterface.java:138)
	at java.management/com.sun.jmx.mbeanserver.MBeanSupport.invoke(MBeanSupport.java:252)
	at java.management/com.sun.jmx.interceptor.DefaultMBeanServerInterceptor.invoke(DefaultMBeanServerInterceptor.java:803)
	at java.management/com.sun.jmx.mbeanserver.JmxMBeanServer.invoke(JmxMBeanServer.java:802)
	at java.management.rmi/javax.management.remote.rmi.RMIConnectionImpl.doOperation(RMIConnectionImpl.java:1472)
	at java.management.rmi/javax.management.remote.rmi.RMIConnectionImpl$PrivilegedOperation.run(RMIConnectionImpl.java:1310)
	at java.management.rmi/javax.management.remote.rmi.RMIConnectionImpl.doPrivilegedOperation(RMIConnectionImpl.java:1405)
	at java.management.rmi/javax.management.remote.rmi.RMIConnectionImpl.invoke(RMIConnectionImpl.java:829)
	at java.base/jdk.internal.reflect.DirectMethodHandleAccessor.invoke(DirectMethodHandleAccessor.java:104)
	at java.base/java.lang.reflect.Method.invoke(Method.java:578)
	at java.rmi/sun.rmi.server.UnicastServerRef.dispatch(UnicastServerRef.java:360)
	at java.rmi/sun.rmi.transport.Transport$1.run(Transport.java:200)
	at java.rmi/sun.rmi.transport.Transport$1.run(Transport.java:197)
	at java.base/java.security.AccessController.doPrivileged(AccessController.java:714)
	at java.rmi/sun.rmi.transport.Transport.serviceCall(Transport.java:196)
	at java.rmi/sun.rmi.transport.tcp.TCPTransport.handleMessages(TCPTransport.java:598)
	at java.rmi/sun.rmi.transport.tcp.TCPTransport$ConnectionHandler.run0(TCPTransport.java:844)
	at java.rmi/sun.rmi.transport.tcp.TCPTransport$ConnectionHandler.lambda$run$0(TCPTransport.java:721)
	at java.base/java.security.AccessController.doPrivileged(AccessController.java:400)
	at java.rmi/sun.rmi.transport.tcp.TCPTransport$ConnectionHandler.run(TCPTransport.java:720)
	at java.base/java.util.concurrent.ThreadPoolExecutor.runWorker(ThreadPoolExecutor.java:1144)
	at java.base/java.util.concurrent.ThreadPoolExecutor$Worker.run(ThreadPoolExecutor.java:642)
	at java.base/java.lang.Thread.run(Thread.java:1623)
2026-05-10 17:20:15.762 INFO  [patient-service] [traceId=none] o.h.validator.internal.util.Version - HV000001: Hibernate Validator 8.0.3.Final
2026-05-10 17:20:15.980 INFO  [patient-service] [traceId=none] c.m.p.PatientServiceApplication - Starting PatientServiceApplication using Java 20.0.2 with PID 12336 (C:\Users\Aishu\C_MediTrack\MediTrack\patient-service\target\classes started by Aishu in C:\Users\Aishu\C_MediTrack\MediTrack\patient-service)
2026-05-10 17:20:15.983 INFO  [patient-service] [traceId=none] c.m.p.PatientServiceApplication - No active profile set, falling back to 1 default profile: "default"
2026-05-10 17:20:21.937 INFO  [patient-service] [traceId=none] o.s.d.r.c.RepositoryConfigurationDelegate - Bootstrapping Spring Data JPA repositories in DEFAULT mode.
2026-05-10 17:20:23.335 INFO  [patient-service] [traceId=none] o.s.d.r.c.RepositoryConfigurationDelegate - Finished Spring Data repository scanning in 1297 ms. Found 1 JPA repository interface.
2026-05-10 17:20:24.990 INFO  [patient-service] [traceId=none] o.s.cloud.context.scope.GenericScope - BeanFactory id=21da2f07-95f3-3cc0-9b20-5633a7eb8d92
2026-05-10 17:20:34.911 INFO  [patient-service] [traceId=none] o.s.b.w.e.tomcat.TomcatWebServer - Tomcat initialized with port 8082 (http)
2026-05-10 17:20:34.972 INFO  [patient-service] [traceId=none] o.a.coyote.http11.Http11NioProtocol - Initializing ProtocolHandler ["http-nio-8082"]
2026-05-10 17:20:34.976 INFO  [patient-service] [traceId=none] o.a.catalina.core.StandardService - Starting service [Tomcat]
2026-05-10 17:20:34.977 INFO  [patient-service] [traceId=none] o.a.catalina.core.StandardEngine - Starting Servlet engine: [Apache Tomcat/10.1.53]
2026-05-10 17:20:35.167 INFO  [patient-service] [traceId=none] o.a.c.c.C.[Tomcat].[localhost].[/] - Initializing Spring embedded WebApplicationContext
2026-05-10 17:20:35.168 INFO  [patient-service] [traceId=none] o.s.b.w.s.c.ServletWebServerApplicationContext - Root WebApplicationContext: initialization completed in 18947 ms
2026-05-10 17:20:35.816 INFO  [patient-service] [traceId=none] o.h.jpa.internal.util.LogHelper - HHH000204: Processing PersistenceUnitInfo [name: default]
2026-05-10 17:20:35.974 INFO  [patient-service] [traceId=none] org.hibernate.Version - HHH000412: Hibernate ORM core version 6.6.45.Final
2026-05-10 17:20:36.080 INFO  [patient-service] [traceId=none] o.h.c.i.RegionFactoryInitiator - HHH000026: Second-level cache disabled
2026-05-10 17:20:37.043 INFO  [patient-service] [traceId=none] o.s.o.j.p.SpringPersistenceUnitInfo - No LoadTimeWeaver setup: ignoring JPA class transformer
2026-05-10 17:20:37.148 INFO  [patient-service] [traceId=none] com.zaxxer.hikari.HikariDataSource - HikariPool-1 - Starting...
2026-05-10 17:20:38.299 INFO  [patient-service] [traceId=none] com.zaxxer.hikari.pool.HikariPool - HikariPool-1 - Added connection com.mysql.cj.jdbc.ConnectionImpl@59043741
2026-05-10 17:20:38.302 INFO  [patient-service] [traceId=none] com.zaxxer.hikari.HikariDataSource - HikariPool-1 - Start completed.
2026-05-10 17:20:38.668 INFO  [patient-service] [traceId=none] o.hibernate.orm.connections.pooling - HHH10001005: Database info:
	Database JDBC URL [Connecting through datasource 'HikariDataSource (HikariPool-1)']
	Database driver: undefined/unknown
	Database version: 8.0.45
	Autocommit mode: undefined/unknown
	Isolation level: undefined/unknown
	Minimum pool size: undefined/unknown
	Maximum pool size: undefined/unknown
2026-05-10 17:20:42.320 INFO  [patient-service] [traceId=none] o.h.e.t.j.p.i.JtaPlatformInitiator - HHH000489: No JTA platform available (set 'hibernate.transaction.jta.platform' to enable JTA platform integration)
2026-05-10 17:20:42.850 INFO  [patient-service] [traceId=none] o.s.o.j.LocalContainerEntityManagerFactoryBean - Initialized JPA EntityManagerFactory for persistence unit 'default'
2026-05-10 17:20:45.396 WARN  [patient-service] [traceId=none] o.s.b.a.o.j.JpaBaseConfiguration$JpaWebConfiguration - spring.jpa.open-in-view is enabled by default. Therefore, database queries may be performed during view rendering. Explicitly configure spring.jpa.open-in-view to disable this warning
2026-05-10 17:20:46.881 WARN  [patient-service] [traceId=none] o.s.b.a.s.s.UserDetailsServiceAutoConfiguration - 

Using generated security password: 9b384529-8af8-40cd-a0a2-cbc49ece7b5c

This generated password is for development use only. Your security configuration must be updated before running your application in production.

2026-05-10 17:20:52.555 INFO  [patient-service] [traceId=none] o.s.c.n.e.c.DiscoveryClientOptionalArgsConfiguration - Eureka HTTP Client uses RestTemplate.
2026-05-10 17:20:52.936 WARN  [patient-service] [traceId=none] o.s.c.l.c.LoadBalancerCacheAutoConfiguration$LoadBalancerCaffeineWarnLogger - Spring Cloud LoadBalancer is currently working with the default cache. While this cache implementation is useful for development and tests, it's recommended to use Caffeine cache in production.You can switch to using Caffeine cache, by adding it and org.springframework.cache.caffeine.CaffeineCacheManager to the classpath.
2026-05-10 17:20:53.177 INFO  [patient-service] [traceId=none] o.s.c.n.eureka.InstanceInfoFactory - Setting initial instance status as: STARTING
2026-05-10 17:21:02.836 INFO  [patient-service] [traceId=none] o.s.c.n.e.s.EurekaServiceRegistry - Registering application PATIENT-SERVICE with eureka with status UP
2026-05-10 17:21:02.844 INFO  [patient-service] [traceId=none] o.a.coyote.http11.Http11NioProtocol - Starting ProtocolHandler ["http-nio-8082"]
2026-05-10 17:21:03.091 INFO  [patient-service] [traceId=none] o.s.b.w.e.tomcat.TomcatWebServer - Tomcat started on port 8082 (http) with context path '/'
2026-05-10 17:21:03.095 INFO  [patient-service] [traceId=none] o.s.c.n.e.s.EurekaAutoServiceRegistration - Updating port to 8082
2026-05-10 17:21:03.466 INFO  [patient-service] [traceId=none] c.m.p.PatientServiceApplication - Started PatientServiceApplication in 51.517 seconds (process running for 54.192)
2026-05-10 17:23:55.116 INFO  [patient-service] [traceId=none] o.s.b.a.SpringApplicationAdminMXBeanRegistrar$SpringApplicationAdmin - Application shutdown requested.
2026-05-10 17:23:55.184 INFO  [patient-service] [traceId=none] o.s.c.n.e.s.EurekaServiceRegistry - Unregistering application PATIENT-SERVICE with eureka with status DOWN
2026-05-10 17:23:55.304 INFO  [patient-service] [traceId=none] o.s.b.w.e.tomcat.GracefulShutdown - Commencing graceful shutdown. Waiting for active requests to complete
2026-05-10 17:23:55.322 INFO  [patient-service] [traceId=none] o.a.coyote.http11.Http11NioProtocol - Pausing ProtocolHandler ["http-nio-8082"]
2026-05-10 17:23:55.362 INFO  [patient-service] [traceId=none] o.s.b.w.e.tomcat.GracefulShutdown - Graceful shutdown complete
2026-05-10 17:23:55.372 INFO  [patient-service] [traceId=none] o.a.coyote.http11.Http11NioProtocol - Stopping ProtocolHandler ["http-nio-8082"]
2026-05-10 17:23:55.415 INFO  [patient-service] [traceId=none] o.s.o.j.LocalContainerEntityManagerFactoryBean - Closing JPA EntityManagerFactory for persistence unit 'default'
2026-05-10 17:23:55.463 INFO  [patient-service] [traceId=none] com.zaxxer.hikari.HikariDataSource - HikariPool-1 - Shutdown initiated...
2026-05-10 17:23:55.495 INFO  [patient-service] [traceId=none] com.zaxxer.hikari.HikariDataSource - HikariPool-1 - Shutdown completed.
