2026-05-19 14:48:56.040 INFO  [auth-service] [traceId=none] c.m.auth.AuthServiceApplication - Starting AuthServiceApplication using Java 20.0.2 with PID 40008 (C:\Users\Aishu\C_MediTrack\MediTrack\auth-service\target\classes started by Aishu in C:\Users\Aishu\C_MediTrack\MediTrack\auth-service)
2026-05-19 14:48:55.649 INFO  [auth-service] [traceId=none] o.h.validator.internal.util.Version - HV000001: Hibernate Validator 8.0.3.Final
2026-05-19 14:48:56.211 INFO  [auth-service] [traceId=none] c.m.auth.AuthServiceApplication - No active profile set, falling back to 1 default profile: "default"
2026-05-19 14:49:14.947 INFO  [auth-service] [traceId=none] o.s.d.r.c.RepositoryConfigurationDelegate - Bootstrapping Spring Data JPA repositories in DEFAULT mode.
2026-05-19 14:49:16.033 INFO  [auth-service] [traceId=none] o.s.d.r.c.RepositoryConfigurationDelegate - Finished Spring Data repository scanning in 1055 ms. Found 1 JPA repository interface.
2026-05-19 14:49:17.572 INFO  [auth-service] [traceId=none] o.s.cloud.context.scope.GenericScope - BeanFactory id=330e27bd-679c-391f-90ff-6e2a8a44d098
2026-05-19 14:49:20.427 INFO  [auth-service] [traceId=none] o.s.b.w.e.tomcat.TomcatWebServer - Tomcat initialized with port 8081 (http)
2026-05-19 14:49:20.463 INFO  [auth-service] [traceId=none] o.a.coyote.http11.Http11NioProtocol - Initializing ProtocolHandler ["http-nio-8081"]
2026-05-19 14:49:20.468 INFO  [auth-service] [traceId=none] o.a.catalina.core.StandardService - Starting service [Tomcat]
2026-05-19 14:49:20.469 INFO  [auth-service] [traceId=none] o.a.catalina.core.StandardEngine - Starting Servlet engine: [Apache Tomcat/10.1.53]
2026-05-19 14:49:20.849 INFO  [auth-service] [traceId=none] o.a.c.c.C.[Tomcat].[localhost].[/] - Initializing Spring embedded WebApplicationContext
2026-05-19 14:49:20.867 INFO  [auth-service] [traceId=none] o.s.b.w.s.c.ServletWebServerApplicationContext - Root WebApplicationContext: initialization completed in 24207 ms
2026-05-19 14:49:22.234 INFO  [auth-service] [traceId=none] o.h.jpa.internal.util.LogHelper - HHH000204: Processing PersistenceUnitInfo [name: default]
2026-05-19 14:49:22.518 INFO  [auth-service] [traceId=none] org.hibernate.Version - HHH000412: Hibernate ORM core version 6.6.45.Final
2026-05-19 14:49:22.671 INFO  [auth-service] [traceId=none] o.h.c.i.RegionFactoryInitiator - HHH000026: Second-level cache disabled
2026-05-19 14:49:24.535 INFO  [auth-service] [traceId=none] o.s.o.j.p.SpringPersistenceUnitInfo - No LoadTimeWeaver setup: ignoring JPA class transformer
2026-05-19 14:49:24.886 INFO  [auth-service] [traceId=none] com.zaxxer.hikari.HikariDataSource - HikariPool-1 - Starting...
2026-05-19 14:49:27.234 INFO  [auth-service] [traceId=none] com.zaxxer.hikari.pool.HikariPool - HikariPool-1 - Added connection com.mysql.cj.jdbc.ConnectionImpl@1cc81ea1
2026-05-19 14:49:27.240 INFO  [auth-service] [traceId=none] com.zaxxer.hikari.HikariDataSource - HikariPool-1 - Start completed.
2026-05-19 14:49:27.689 INFO  [auth-service] [traceId=none] o.hibernate.orm.connections.pooling - HHH10001005: Database info:
	Database JDBC URL [Connecting through datasource 'HikariDataSource (HikariPool-1)']
	Database driver: undefined/unknown
	Database version: 8.0.45
	Autocommit mode: undefined/unknown
	Isolation level: undefined/unknown
	Minimum pool size: undefined/unknown
	Maximum pool size: undefined/unknown
2026-05-19 14:49:34.905 INFO  [auth-service] [traceId=none] o.h.e.t.j.p.i.JtaPlatformInitiator - HHH000489: No JTA platform available (set 'hibernate.transaction.jta.platform' to enable JTA platform integration)
2026-05-19 14:49:35.102 INFO  [auth-service] [traceId=none] o.s.o.j.LocalContainerEntityManagerFactoryBean - Initialized JPA EntityManagerFactory for persistence unit 'default'
2026-05-19 14:49:40.442 INFO  [auth-service] [traceId=none] o.s.c.o.FeignClientFactoryBean - For 'patient-service' URL not provided. Will try picking an instance via load-balancing.
2026-05-19 14:49:47.848 INFO  [auth-service] [traceId=none] o.s.c.n.e.c.DiscoveryClientOptionalArgsConfiguration - Eureka HTTP Client uses RestTemplate.
2026-05-19 14:49:48.007 WARN  [auth-service] [traceId=none] o.s.c.l.c.LoadBalancerCacheAutoConfiguration$LoadBalancerCaffeineWarnLogger - Spring Cloud LoadBalancer is currently working with the default cache. While this cache implementation is useful for development and tests, it's recommended to use Caffeine cache in production.You can switch to using Caffeine cache, by adding it and org.springframework.cache.caffeine.CaffeineCacheManager to the classpath.
2026-05-19 14:49:48.218 INFO  [auth-service] [traceId=none] o.s.c.n.eureka.InstanceInfoFactory - Setting initial instance status as: STARTING
2026-05-19 14:49:50.025 INFO  [auth-service] [traceId=none] o.s.c.n.e.s.EurekaServiceRegistry - Registering application AUTH-SERVICE with eureka with status UP
2026-05-19 14:49:50.033 INFO  [auth-service] [traceId=none] o.a.coyote.http11.Http11NioProtocol - Starting ProtocolHandler ["http-nio-8081"]
2026-05-19 14:49:50.307 INFO  [auth-service] [traceId=none] o.s.b.w.e.tomcat.TomcatWebServer - Tomcat started on port 8081 (http) with context path '/'
2026-05-19 14:49:50.309 INFO  [auth-service] [traceId=none] o.s.c.n.e.s.EurekaAutoServiceRegistration - Updating port to 8081
2026-05-19 14:49:50.640 INFO  [auth-service] [traceId=none] c.m.auth.AuthServiceApplication - Started AuthServiceApplication in 63.463 seconds (process running for 77.437)
2026-05-19 15:29:50.333 INFO  [auth-service] [traceId=none] o.a.c.c.C.[Tomcat].[localhost].[/] - Initializing Spring DispatcherServlet 'dispatcherServlet'
2026-05-19 15:29:50.351 INFO  [auth-service] [traceId=none] o.s.web.servlet.DispatcherServlet - Initializing Servlet 'dispatcherServlet'
2026-05-19 15:29:50.565 INFO  [auth-service] [traceId=none] o.s.web.servlet.DispatcherServlet - Completed initialization in 213 ms
2026-05-19 15:29:52.011 INFO  [auth-service] [traceId=b7cd8cfc] c.meditrack.auth.aop.LoggingAspect - [CONTROLLER][b7cd8cfc] --> AuthController.login(..) | args: [com.meditrack.auth.dto.LoginRequest@4e484abd]
2026-05-19 15:29:52.559 INFO  [auth-service] [traceId=b7cd8cfc] c.meditrack.auth.aop.LoggingAspect - [SERVICE][b7cd8cfc] --> AuthService.login(..) | args: [admin@gmail.com, admin123]
2026-05-19 15:29:58.493 INFO  [auth-service] [traceId=b7cd8cfc] c.meditrack.auth.aop.LoggingAspect - [SERVICE][b7cd8cfc] <-- AuthService.login(..) | 5934ms | result: com.meditrack.auth.dto.AuthResponse@1b37eaa2
2026-05-19 15:29:58.494 INFO  [auth-service] [traceId=none] c.meditrack.auth.aop.LoggingAspect - [CONTROLLER][b7cd8cfc] <-- AuthController.login(..) | 6484ms | result: <200 OK OK,com.meditrack.auth.dto.AuthResponse@1b37eaa2,[]>
2026-05-19 15:30:03.999 INFO  [auth-service] [traceId=aaa7284f] c.meditrack.auth.aop.LoggingAspect - [CONTROLLER][aaa7284f] --> AuthController.getAllAdmins() | args: []
2026-05-19 15:30:04.000 INFO  [auth-service] [traceId=aaa7284f] c.meditrack.auth.aop.LoggingAspect - [SERVICE][aaa7284f] --> AuthService.getAllAdmins() | args: []
2026-05-19 15:30:04.070 INFO  [auth-service] [traceId=aaa7284f] c.meditrack.auth.aop.LoggingAspect - [SERVICE][aaa7284f] <-- AuthService.getAllAdmins() | 70ms | result: [com.meditrack.auth.entity.User@440c9b4e, com.meditrack.auth.entity.User@7229a25b]
2026-05-19 15:30:04.071 INFO  [auth-service] [traceId=none] c.meditrack.auth.aop.LoggingAspect - [CONTROLLER][aaa7284f] <-- AuthController.getAllAdmins() | 72ms | result: <200 OK OK,[com.meditrack.auth.entity.User@440c9b4e, com.meditrack.auth.entity.User@7229a25b],[]>
2026-05-19 15:30:04.156 INFO  [auth-service] [traceId=b623c3fe] c.meditrack.auth.aop.LoggingAspect - [CONTROLLER][b623c3fe] --> AuthController.getAllAdmins() | args: []
2026-05-19 15:30:04.157 INFO  [auth-service] [traceId=b623c3fe] c.meditrack.auth.aop.LoggingAspect - [SERVICE][b623c3fe] --> AuthService.getAllAdmins() | args: []
2026-05-19 15:30:04.165 INFO  [auth-service] [traceId=b623c3fe] c.meditrack.auth.aop.LoggingAspect - [SERVICE][b623c3fe] <-- AuthService.getAllAdmins() | 9ms | result: [com.meditrack.auth.entity.User@303bac81, com.meditrack.auth.entity.User@62746b50]
2026-05-19 15:30:04.166 INFO  [auth-service] [traceId=none] c.meditrack.auth.aop.LoggingAspect - [CONTROLLER][b623c3fe] <-- AuthController.getAllAdmins() | 10ms | result: <200 OK OK,[com.meditrack.auth.entity.User@303bac81, com.meditrack.auth.entity.User@62746b50],[]>
2026-05-19 15:31:40.366 INFO  [auth-service] [traceId=365801a8] c.meditrack.auth.aop.LoggingAspect - [CONTROLLER][365801a8] --> AuthController.getAllAdmins() | args: []
2026-05-19 15:31:40.392 INFO  [auth-service] [traceId=365801a8] c.meditrack.auth.aop.LoggingAspect - [SERVICE][365801a8] --> AuthService.getAllAdmins() | args: []
2026-05-19 15:31:40.515 INFO  [auth-service] [traceId=365801a8] c.meditrack.auth.aop.LoggingAspect - [SERVICE][365801a8] <-- AuthService.getAllAdmins() | 123ms | result: [com.meditrack.auth.entity.User@688cd33, com.meditrack.auth.entity.User@51205340]
2026-05-19 15:31:40.516 INFO  [auth-service] [traceId=none] c.meditrack.auth.aop.LoggingAspect - [CONTROLLER][365801a8] <-- AuthController.getAllAdmins() | 152ms | result: <200 OK OK,[com.meditrack.auth.entity.User@688cd33, com.meditrack.auth.entity.User@51205340],[]>
2026-05-19 15:31:40.591 INFO  [auth-service] [traceId=efc5e2e9] c.meditrack.auth.aop.LoggingAspect - [CONTROLLER][efc5e2e9] --> AuthController.getAllAdmins() | args: []
2026-05-19 15:31:40.591 INFO  [auth-service] [traceId=efc5e2e9] c.meditrack.auth.aop.LoggingAspect - [SERVICE][efc5e2e9] --> AuthService.getAllAdmins() | args: []
2026-05-19 15:31:40.597 INFO  [auth-service] [traceId=efc5e2e9] c.meditrack.auth.aop.LoggingAspect - [SERVICE][efc5e2e9] <-- AuthService.getAllAdmins() | 6ms | result: [com.meditrack.auth.entity.User@7ac64c90, com.meditrack.auth.entity.User@6db570f3]
2026-05-19 15:31:40.597 INFO  [auth-service] [traceId=none] c.meditrack.auth.aop.LoggingAspect - [CONTROLLER][efc5e2e9] <-- AuthController.getAllAdmins() | 6ms | result: <200 OK OK,[com.meditrack.auth.entity.User@7ac64c90, com.meditrack.auth.entity.User@6db570f3],[]>
2026-05-19 15:33:31.637 INFO  [auth-service] [traceId=2bdf379e] c.meditrack.auth.aop.LoggingAspect - [CONTROLLER][2bdf379e] --> AuthController.register(..) | args: [com.meditrack.auth.dto.RegisterRequest@19c37ae6]
2026-05-19 15:33:31.646 INFO  [auth-service] [traceId=2bdf379e] c.meditrack.auth.aop.LoggingAspect - [SERVICE][2bdf379e] --> AuthService.register(..) | args: [com.meditrack.auth.dto.RegisterRequest@19c37ae6]
2026-05-19 15:33:38.375 INFO  [auth-service] [traceId=2bdf379e] c.meditrack.auth.aop.LoggingAspect - [SERVICE][2bdf379e] <-- AuthService.register(..) | 6729ms | result: com.meditrack.auth.entity.User@3861fa59
2026-05-19 15:33:38.376 INFO  [auth-service] [traceId=none] c.meditrack.auth.aop.LoggingAspect - [CONTROLLER][2bdf379e] <-- AuthController.register(..) | 6740ms | result: <200 OK OK,com.meditrack.auth.entity.User@3861fa59,[]>
2026-05-19 15:33:51.165 INFO  [auth-service] [traceId=53b158c8] c.meditrack.auth.aop.LoggingAspect - [CONTROLLER][53b158c8] --> AuthController.login(..) | args: [com.meditrack.auth.dto.LoginRequest@3982f752]
2026-05-19 15:33:51.165 INFO  [auth-service] [traceId=53b158c8] c.meditrack.auth.aop.LoggingAspect - [SERVICE][53b158c8] --> AuthService.login(..) | args: [aishwaryaprabhup@gmail.com, komala123]
2026-05-19 15:33:51.340 INFO  [auth-service] [traceId=53b158c8] c.meditrack.auth.aop.LoggingAspect - [SERVICE][53b158c8] <-- AuthService.login(..) | 175ms | result: com.meditrack.auth.dto.AuthResponse@ca4e43d
2026-05-19 15:33:51.341 INFO  [auth-service] [traceId=none] c.meditrack.auth.aop.LoggingAspect - [CONTROLLER][53b158c8] <-- AuthController.login(..) | 176ms | result: <200 OK OK,com.meditrack.auth.dto.AuthResponse@ca4e43d,[]>
2026-05-19 15:35:47.488 INFO  [auth-service] [traceId=90e0c86e] c.meditrack.auth.aop.LoggingAspect - [CONTROLLER][90e0c86e] --> AuthController.login(..) | args: [com.meditrack.auth.dto.LoginRequest@7ce8b9b7]
2026-05-19 15:35:47.507 INFO  [auth-service] [traceId=90e0c86e] c.meditrack.auth.aop.LoggingAspect - [SERVICE][90e0c86e] --> AuthService.login(..) | args: [murthy@gmail.com, murthy123]
2026-05-19 15:35:47.689 ERROR [auth-service] [traceId=90e0c86e] c.meditrack.auth.aop.LoggingAspect - [SERVICE][90e0c86e] !! AuthService.login(..) | 181ms | error: No account found with email: murthy@gmail.com
com.meditrack.auth.exception.UserNotFoundException: No account found with email: murthy@gmail.com
	at com.meditrack.auth.service.AuthService.lambda$0(AuthService.java:86)
	at java.base/java.util.Optional.orElseThrow(Optional.java:403)
	at com.meditrack.auth.service.AuthService.login(AuthService.java:85)
	at java.base/jdk.internal.reflect.DirectMethodHandleAccessor.invoke(DirectMethodHandleAccessor.java:104)
	at java.base/java.lang.reflect.Method.invoke(Method.java:578)
	at org.springframework.aop.support.AopUtils.invokeJoinpointUsingReflection(AopUtils.java:360)
	at org.springframework.aop.framework.ReflectiveMethodInvocation.invokeJoinpoint(ReflectiveMethodInvocation.java:196)
	at org.springframework.aop.framework.ReflectiveMethodInvocation.proceed(ReflectiveMethodInvocation.java:163)
	at org.springframework.aop.aspectj.MethodInvocationProceedingJoinPoint.proceed(MethodInvocationProceedingJoinPoint.java:89)
	at com.meditrack.auth.aop.LoggingAspect.logExecution(LoggingAspect.java:43)
	at com.meditrack.auth.aop.LoggingAspect.logServiceMethods(LoggingAspect.java:21)
	at java.base/jdk.internal.reflect.DirectMethodHandleAccessor.invoke(DirectMethodHandleAccessor.java:104)
	at java.base/java.lang.reflect.Method.invoke(Method.java:578)
	at org.springframework.aop.aspectj.AbstractAspectJAdvice.invokeAdviceMethodWithGivenArgs(AbstractAspectJAdvice.java:649)
	at org.springframework.aop.aspectj.AbstractAspectJAdvice.invokeAdviceMethod(AbstractAspectJAdvice.java:631)
	at org.springframework.aop.aspectj.AspectJAroundAdvice.invoke(AspectJAroundAdvice.java:71)
	at org.springframework.aop.framework.ReflectiveMethodInvocation.proceed(ReflectiveMethodInvocation.java:184)
	at org.springframework.aop.interceptor.ExposeInvocationInterceptor.invoke(ExposeInvocationInterceptor.java:97)
	at org.springframework.aop.framework.ReflectiveMethodInvocation.proceed(ReflectiveMethodInvocation.java:184)
	at org.springframework.aop.framework.CglibAopProxy$DynamicAdvisedInterceptor.intercept(CglibAopProxy.java:728)
	at com.meditrack.auth.service.AuthService$$SpringCGLIB$$0.login(<generated>)
	at com.meditrack.auth.controller.AuthController.login(AuthController.java:44)
	at java.base/jdk.internal.reflect.DirectMethodHandleAccessor.invoke(DirectMethodHandleAccessor.java:104)
	at java.base/java.lang.reflect.Method.invoke(Method.java:578)
	at org.springframework.aop.support.AopUtils.invokeJoinpointUsingReflection(AopUtils.java:360)
	at org.springframework.aop.framework.ReflectiveMethodInvocation.invokeJoinpoint(ReflectiveMethodInvocation.java:196)
	at org.springframework.aop.framework.ReflectiveMethodInvocation.proceed(ReflectiveMethodInvocation.java:163)
	at org.springframework.aop.aspectj.MethodInvocationProceedingJoinPoint.proceed(MethodInvocationProceedingJoinPoint.java:89)
	at com.meditrack.auth.aop.LoggingAspect.logExecution(LoggingAspect.java:43)
	at com.meditrack.auth.aop.LoggingAspect.logControllerMethods(LoggingAspect.java:26)
	at java.base/jdk.internal.reflect.DirectMethodHandleAccessor.invoke(DirectMethodHandleAccessor.java:104)
	at java.base/java.lang.reflect.Method.invoke(Method.java:578)
	at org.springframework.aop.aspectj.AbstractAspectJAdvice.invokeAdviceMethodWithGivenArgs(AbstractAspectJAdvice.java:649)
	at org.springframework.aop.aspectj.AbstractAspectJAdvice.invokeAdviceMethod(AbstractAspectJAdvice.java:631)
	at org.springframework.aop.aspectj.AspectJAroundAdvice.invoke(AspectJAroundAdvice.java:71)
	at org.springframework.aop.framework.ReflectiveMethodInvocation.proceed(ReflectiveMethodInvocation.java:184)
	at org.springframework.aop.interceptor.ExposeInvocationInterceptor.invoke(ExposeInvocationInterceptor.java:97)
	at org.springframework.aop.framework.ReflectiveMethodInvocation.proceed(ReflectiveMethodInvocation.java:184)
	at org.springframework.aop.framework.CglibAopProxy$DynamicAdvisedInterceptor.intercept(CglibAopProxy.java:728)
	at com.meditrack.auth.controller.AuthController$$SpringCGLIB$$0.login(<generated>)
	at java.base/jdk.internal.reflect.DirectMethodHandleAccessor.invoke(DirectMethodHandleAccessor.java:104)
	at java.base/java.lang.reflect.Method.invoke(Method.java:578)
	at org.springframework.web.method.support.InvocableHandlerMethod.doInvoke(InvocableHandlerMethod.java:258)
	at org.springframework.web.method.support.InvocableHandlerMethod.invokeForRequest(InvocableHandlerMethod.java:191)
	at org.springframework.web.servlet.mvc.method.annotation.ServletInvocableHandlerMethod.invokeAndHandle(ServletInvocableHandlerMethod.java:118)
	at org.springframework.web.servlet.mvc.method.annotation.RequestMappingHandlerAdapter.invokeHandlerMethod(RequestMappingHandlerAdapter.java:991)
	at org.springframework.web.servlet.mvc.method.annotation.RequestMappingHandlerAdapter.handleInternal(RequestMappingHandlerAdapter.java:896)
	at org.springframework.web.servlet.mvc.method.AbstractHandlerMethodAdapter.handle(AbstractHandlerMethodAdapter.java:87)
	at org.springframework.web.servlet.DispatcherServlet.doDispatch(DispatcherServlet.java:1089)
	at org.springframework.web.servlet.DispatcherServlet.doService(DispatcherServlet.java:979)
	at org.springframework.web.servlet.FrameworkServlet.processRequest(FrameworkServlet.java:1014)
	at org.springframework.web.servlet.FrameworkServlet.doPost(FrameworkServlet.java:914)
	at jakarta.servlet.http.HttpServlet.service(HttpServlet.java:590)
	at org.springframework.web.servlet.FrameworkServlet.service(FrameworkServlet.java:885)
	at jakarta.servlet.http.HttpServlet.service(HttpServlet.java:658)
	at org.apache.catalina.core.ApplicationFilterChain.internalDoFilter(ApplicationFilterChain.java:193)
	at org.apache.catalina.core.ApplicationFilterChain.doFilter(ApplicationFilterChain.java:138)
	at org.apache.tomcat.websocket.server.WsFilter.doFilter(WsFilter.java:51)
	at org.apache.catalina.core.ApplicationFilterChain.internalDoFilter(ApplicationFilterChain.java:162)
	at org.apache.catalina.core.ApplicationFilterChain.doFilter(ApplicationFilterChain.java:138)
	at org.springframework.web.filter.OncePerRequestFilter.doFilter(OncePerRequestFilter.java:110)
	at org.apache.catalina.core.ApplicationFilterChain.internalDoFilter(ApplicationFilterChain.java:162)
	at org.apache.catalina.core.ApplicationFilterChain.doFilter(ApplicationFilterChain.java:138)
	at org.springframework.web.filter.CompositeFilter$VirtualFilterChain.doFilter(CompositeFilter.java:108)
	at org.springframework.web.filter.CompositeFilter$VirtualFilterChain.doFilter(CompositeFilter.java:108)
	at org.springframework.security.web.FilterChainProxy.lambda$doFilterInternal$3(FilterChainProxy.java:231)
	at org.springframework.security.web.FilterChainProxy$VirtualFilterChain.doFilter(FilterChainProxy.java:365)
	at org.springframework.security.web.access.intercept.AuthorizationFilter.doFilter(AuthorizationFilter.java:101)
	at org.springframework.security.web.FilterChainProxy$VirtualFilterChain.doFilter(FilterChainProxy.java:374)
	at org.springframework.security.web.access.ExceptionTranslationFilter.doFilter(ExceptionTranslationFilter.java:125)
	at org.springframework.security.web.access.ExceptionTranslationFilter.doFilter(ExceptionTranslationFilter.java:119)
	at org.springframework.security.web.FilterChainProxy$VirtualFilterChain.doFilter(FilterChainProxy.java:374)
	at org.springframework.security.web.session.SessionManagementFilter.doFilter(SessionManagementFilter.java:131)
	at org.springframework.security.web.session.SessionManagementFilter.doFilter(SessionManagementFilter.java:85)
	at org.springframework.security.web.FilterChainProxy$VirtualFilterChain.doFilter(FilterChainProxy.java:374)
	at org.springframework.security.web.authentication.AnonymousAuthenticationFilter.doFilter(AnonymousAuthenticationFilter.java:100)
	at org.springframework.security.web.FilterChainProxy$VirtualFilterChain.doFilter(FilterChainProxy.java:374)
	at org.springframework.security.web.servletapi.SecurityContextHolderAwareRequestFilter.doFilter(SecurityContextHolderAwareRequestFilter.java:179)
	at org.springframework.security.web.FilterChainProxy$VirtualFilterChain.doFilter(FilterChainProxy.java:374)
	at org.springframework.security.web.savedrequest.RequestCacheAwareFilter.doFilter(RequestCacheAwareFilter.java:63)
	at org.springframework.security.web.FilterChainProxy$VirtualFilterChain.doFilter(FilterChainProxy.java:374)
	at com.meditrack.auth.filter.JwtFilter.doFilterInternal(JwtFilter.java:49)
	at org.springframework.web.filter.OncePerRequestFilter.doFilter(OncePerRequestFilter.java:116)
	at org.springframework.security.web.FilterChainProxy$VirtualFilterChain.doFilter(FilterChainProxy.java:374)
	at org.springframework.security.web.authentication.logout.LogoutFilter.doFilter(LogoutFilter.java:107)
	at org.springframework.security.web.authentication.logout.LogoutFilter.doFilter(LogoutFilter.java:93)
	at org.springframework.security.web.FilterChainProxy$VirtualFilterChain.doFilter(FilterChainProxy.java:374)
	at org.springframework.security.web.header.HeaderWriterFilter.doHeadersAfter(HeaderWriterFilter.java:90)
	at org.springframework.security.web.header.HeaderWriterFilter.doFilterInternal(HeaderWriterFilter.java:75)
	at org.springframework.web.filter.OncePerRequestFilter.doFilter(OncePerRequestFilter.java:116)
	at org.springframework.security.web.FilterChainProxy$VirtualFilterChain.doFilter(FilterChainProxy.java:374)
	at org.springframework.security.web.context.SecurityContextHolderFilter.doFilter(SecurityContextHolderFilter.java:82)
	at org.springframework.security.web.context.SecurityContextHolderFilter.doFilter(SecurityContextHolderFilter.java:69)
	at org.springframework.security.web.FilterChainProxy$VirtualFilterChain.doFilter(FilterChainProxy.java:374)
	at org.springframework.security.web.context.request.async.WebAsyncManagerIntegrationFilter.doFilterInternal(WebAsyncManagerIntegrationFilter.java:62)
	at org.springframework.web.filter.OncePerRequestFilter.doFilter(OncePerRequestFilter.java:116)
	at org.springframework.security.web.FilterChainProxy$VirtualFilterChain.doFilter(FilterChainProxy.java:374)
	at org.springframework.security.web.session.DisableEncodeUrlFilter.doFilterInternal(DisableEncodeUrlFilter.java:42)
	at org.springframework.web.filter.OncePerRequestFilter.doFilter(OncePerRequestFilter.java:116)
	at org.springframework.security.web.FilterChainProxy$VirtualFilterChain.doFilter(FilterChainProxy.java:374)
	at org.springframework.security.web.FilterChainProxy.doFilterInternal(FilterChainProxy.java:233)
	at org.springframework.security.web.FilterChainProxy.doFilter(FilterChainProxy.java:191)
	at org.springframework.web.filter.CompositeFilter$VirtualFilterChain.doFilter(CompositeFilter.java:113)
	at org.springframework.web.filter.ServletRequestPathFilter.doFilter(ServletRequestPathFilter.java:52)
	at org.springframework.web.filter.CompositeFilter$VirtualFilterChain.doFilter(CompositeFilter.java:113)
	at org.springframework.web.filter.CompositeFilter.doFilter(CompositeFilter.java:74)
	at org.springframework.security.config.annotation.web.configuration.WebSecurityConfiguration$CompositeFilterChainProxy.doFilter(WebSecurityConfiguration.java:319)
	at org.springframework.web.filter.CompositeFilter$VirtualFilterChain.doFilter(CompositeFilter.java:113)
	at org.springframework.web.servlet.handler.HandlerMappingIntrospector.lambda$createCacheFilter$4(HandlerMappingIntrospector.java:267)
	at org.springframework.web.filter.CompositeFilter$VirtualFilterChain.doFilter(CompositeFilter.java:113)
	at org.springframework.web.filter.CompositeFilter.doFilter(CompositeFilter.java:74)
	at org.springframework.security.config.annotation.web.configuration.WebMvcSecurityConfiguration$CompositeFilterChainProxy.doFilter(WebMvcSecurityConfiguration.java:240)
	at org.springframework.web.filter.DelegatingFilterProxy.invokeDelegate(DelegatingFilterProxy.java:362)
	at org.springframework.web.filter.DelegatingFilterProxy.doFilter(DelegatingFilterProxy.java:278)
	at org.apache.catalina.core.ApplicationFilterChain.internalDoFilter(ApplicationFilterChain.java:162)
	at org.apache.catalina.core.ApplicationFilterChain.doFilter(ApplicationFilterChain.java:138)
	at org.springframework.web.filter.RequestContextFilter.doFilterInternal(RequestContextFilter.java:100)
	at org.springframework.web.filter.OncePerRequestFilter.doFilter(OncePerRequestFilter.java:116)
	at org.apache.catalina.core.ApplicationFilterChain.internalDoFilter(ApplicationFilterChain.java:162)
	at org.apache.catalina.core.ApplicationFilterChain.doFilter(ApplicationFilterChain.java:138)
	at org.springframework.web.filter.FormContentFilter.doFilterInternal(FormContentFilter.java:93)
	at org.springframework.web.filter.OncePerRequestFilter.doFilter(OncePerRequestFilter.java:116)
	at org.apache.catalina.core.ApplicationFilterChain.internalDoFilter(ApplicationFilterChain.java:162)
	at org.apache.catalina.core.ApplicationFilterChain.doFilter(ApplicationFilterChain.java:138)
	at org.springframework.web.filter.CharacterEncodingFilter.doFilterInternal(CharacterEncodingFilter.java:201)
	at org.springframework.web.filter.OncePerRequestFilter.doFilter(OncePerRequestFilter.java:116)
	at org.apache.catalina.core.ApplicationFilterChain.internalDoFilter(ApplicationFilterChain.java:162)
	at org.apache.catalina.core.ApplicationFilterChain.doFilter(ApplicationFilterChain.java:138)
	at org.apache.catalina.core.StandardWrapperValve.invoke(StandardWrapperValve.java:165)
	at org.apache.catalina.core.StandardContextValve.invoke(StandardContextValve.java:88)
	at org.apache.catalina.authenticator.AuthenticatorBase.invoke(AuthenticatorBase.java:492)
	at org.apache.catalina.core.StandardHostValve.invoke(StandardHostValve.java:113)
	at org.apache.catalina.valves.ErrorReportValve.invoke(ErrorReportValve.java:83)
	at org.apache.catalina.core.StandardEngineValve.invoke(StandardEngineValve.java:72)
	at org.apache.catalina.connector.CoyoteAdapter.service(CoyoteAdapter.java:342)
	at org.apache.coyote.http11.Http11Processor.service(Http11Processor.java:399)
	at org.apache.coyote.AbstractProcessorLight.process(AbstractProcessorLight.java:63)
	at org.apache.coyote.AbstractProtocol$ConnectionHandler.process(AbstractProtocol.java:903)
	at org.apache.tomcat.util.net.NioEndpoint$SocketProcessor.doRun(NioEndpoint.java:1775)
	at org.apache.tomcat.util.net.SocketProcessorBase.run(SocketProcessorBase.java:52)
	at org.apache.tomcat.util.threads.ThreadPoolExecutor.runWorker(ThreadPoolExecutor.java:973)
	at org.apache.tomcat.util.threads.ThreadPoolExecutor$Worker.run(ThreadPoolExecutor.java:491)
	at org.apache.tomcat.util.threads.TaskThread$WrappingRunnable.run(TaskThread.java:63)
	at java.base/java.lang.Thread.run(Thread.java:1623)
2026-05-19 15:35:47.968 ERROR [auth-service] [traceId=none] c.meditrack.auth.aop.LoggingAspect - [CONTROLLER][90e0c86e] !! AuthController.login(..) | 482ms | error: No account found with email: murthy@gmail.com
com.meditrack.auth.exception.UserNotFoundException: No account found with email: murthy@gmail.com
	at com.meditrack.auth.service.AuthService.lambda$0(AuthService.java:86)
	at java.base/java.util.Optional.orElseThrow(Optional.java:403)
	at com.meditrack.auth.service.AuthService.login(AuthService.java:85)
	at java.base/jdk.internal.reflect.DirectMethodHandleAccessor.invoke(DirectMethodHandleAccessor.java:104)
	at java.base/java.lang.reflect.Method.invoke(Method.java:578)
	at org.springframework.aop.support.AopUtils.invokeJoinpointUsingReflection(AopUtils.java:360)
	at org.springframework.aop.framework.ReflectiveMethodInvocation.invokeJoinpoint(ReflectiveMethodInvocation.java:196)
	at org.springframework.aop.framework.ReflectiveMethodInvocation.proceed(ReflectiveMethodInvocation.java:163)
	at org.springframework.aop.aspectj.MethodInvocationProceedingJoinPoint.proceed(MethodInvocationProceedingJoinPoint.java:89)
	at com.meditrack.auth.aop.LoggingAspect.logExecution(LoggingAspect.java:43)
	at com.meditrack.auth.aop.LoggingAspect.logServiceMethods(LoggingAspect.java:21)
	at java.base/jdk.internal.reflect.DirectMethodHandleAccessor.invoke(DirectMethodHandleAccessor.java:104)
	at java.base/java.lang.reflect.Method.invoke(Method.java:578)
	at org.springframework.aop.aspectj.AbstractAspectJAdvice.invokeAdviceMethodWithGivenArgs(AbstractAspectJAdvice.java:649)
	at org.springframework.aop.aspectj.AbstractAspectJAdvice.invokeAdviceMethod(AbstractAspectJAdvice.java:631)
	at org.springframework.aop.aspectj.AspectJAroundAdvice.invoke(AspectJAroundAdvice.java:71)
	at org.springframework.aop.framework.ReflectiveMethodInvocation.proceed(ReflectiveMethodInvocation.java:184)
	at org.springframework.aop.interceptor.ExposeInvocationInterceptor.invoke(ExposeInvocationInterceptor.java:97)
	at org.springframework.aop.framework.ReflectiveMethodInvocation.proceed(ReflectiveMethodInvocation.java:184)
	at org.springframework.aop.framework.CglibAopProxy$DynamicAdvisedInterceptor.intercept(CglibAopProxy.java:728)
	at com.meditrack.auth.service.AuthService$$SpringCGLIB$$0.login(<generated>)
	at com.meditrack.auth.controller.AuthController.login(AuthController.java:44)
	at java.base/jdk.internal.reflect.DirectMethodHandleAccessor.invoke(DirectMethodHandleAccessor.java:104)
	at java.base/java.lang.reflect.Method.invoke(Method.java:578)
	at org.springframework.aop.support.AopUtils.invokeJoinpointUsingReflection(AopUtils.java:360)
	at org.springframework.aop.framework.ReflectiveMethodInvocation.invokeJoinpoint(ReflectiveMethodInvocation.java:196)
	at org.springframework.aop.framework.ReflectiveMethodInvocation.proceed(ReflectiveMethodInvocation.java:163)
	at org.springframework.aop.aspectj.MethodInvocationProceedingJoinPoint.proceed(MethodInvocationProceedingJoinPoint.java:89)
	at com.meditrack.auth.aop.LoggingAspect.logExecution(LoggingAspect.java:43)
	at com.meditrack.auth.aop.LoggingAspect.logControllerMethods(LoggingAspect.java:26)
	at java.base/jdk.internal.reflect.DirectMethodHandleAccessor.invoke(DirectMethodHandleAccessor.java:104)
	at java.base/java.lang.reflect.Method.invoke(Method.java:578)
	at org.springframework.aop.aspectj.AbstractAspectJAdvice.invokeAdviceMethodWithGivenArgs(AbstractAspectJAdvice.java:649)
	at org.springframework.aop.aspectj.AbstractAspectJAdvice.invokeAdviceMethod(AbstractAspectJAdvice.java:631)
	at org.springframework.aop.aspectj.AspectJAroundAdvice.invoke(AspectJAroundAdvice.java:71)
	at org.springframework.aop.framework.ReflectiveMethodInvocation.proceed(ReflectiveMethodInvocation.java:184)
	at org.springframework.aop.interceptor.ExposeInvocationInterceptor.invoke(ExposeInvocationInterceptor.java:97)
	at org.springframework.aop.framework.ReflectiveMethodInvocation.proceed(ReflectiveMethodInvocation.java:184)
	at org.springframework.aop.framework.CglibAopProxy$DynamicAdvisedInterceptor.intercept(CglibAopProxy.java:728)
	at com.meditrack.auth.controller.AuthController$$SpringCGLIB$$0.login(<generated>)
	at java.base/jdk.internal.reflect.DirectMethodHandleAccessor.invoke(DirectMethodHandleAccessor.java:104)
	at java.base/java.lang.reflect.Method.invoke(Method.java:578)
	at org.springframework.web.method.support.InvocableHandlerMethod.doInvoke(InvocableHandlerMethod.java:258)
	at org.springframework.web.method.support.InvocableHandlerMethod.invokeForRequest(InvocableHandlerMethod.java:191)
	at org.springframework.web.servlet.mvc.method.annotation.ServletInvocableHandlerMethod.invokeAndHandle(ServletInvocableHandlerMethod.java:118)
	at org.springframework.web.servlet.mvc.method.annotation.RequestMappingHandlerAdapter.invokeHandlerMethod(RequestMappingHandlerAdapter.java:991)
	at org.springframework.web.servlet.mvc.method.annotation.RequestMappingHandlerAdapter.handleInternal(RequestMappingHandlerAdapter.java:896)
	at org.springframework.web.servlet.mvc.method.AbstractHandlerMethodAdapter.handle(AbstractHandlerMethodAdapter.java:87)
	at org.springframework.web.servlet.DispatcherServlet.doDispatch(DispatcherServlet.java:1089)
	at org.springframework.web.servlet.DispatcherServlet.doService(DispatcherServlet.java:979)
	at org.springframework.web.servlet.FrameworkServlet.processRequest(FrameworkServlet.java:1014)
	at org.springframework.web.servlet.FrameworkServlet.doPost(FrameworkServlet.java:914)
	at jakarta.servlet.http.HttpServlet.service(HttpServlet.java:590)
	at org.springframework.web.servlet.FrameworkServlet.service(FrameworkServlet.java:885)
	at jakarta.servlet.http.HttpServlet.service(HttpServlet.java:658)
	at org.apache.catalina.core.ApplicationFilterChain.internalDoFilter(ApplicationFilterChain.java:193)
	at org.apache.catalina.core.ApplicationFilterChain.doFilter(ApplicationFilterChain.java:138)
	at org.apache.tomcat.websocket.server.WsFilter.doFilter(WsFilter.java:51)
	at org.apache.catalina.core.ApplicationFilterChain.internalDoFilter(ApplicationFilterChain.java:162)
	at org.apache.catalina.core.ApplicationFilterChain.doFilter(ApplicationFilterChain.java:138)
	at org.springframework.web.filter.OncePerRequestFilter.doFilter(OncePerRequestFilter.java:110)
	at org.apache.catalina.core.ApplicationFilterChain.internalDoFilter(ApplicationFilterChain.java:162)
	at org.apache.catalina.core.ApplicationFilterChain.doFilter(ApplicationFilterChain.java:138)
	at org.springframework.web.filter.CompositeFilter$VirtualFilterChain.doFilter(CompositeFilter.java:108)
	at org.springframework.web.filter.CompositeFilter$VirtualFilterChain.doFilter(CompositeFilter.java:108)
	at org.springframework.security.web.FilterChainProxy.lambda$doFilterInternal$3(FilterChainProxy.java:231)
	at org.springframework.security.web.FilterChainProxy$VirtualFilterChain.doFilter(FilterChainProxy.java:365)
	at org.springframework.security.web.access.intercept.AuthorizationFilter.doFilter(AuthorizationFilter.java:101)
	at org.springframework.security.web.FilterChainProxy$VirtualFilterChain.doFilter(FilterChainProxy.java:374)
	at org.springframework.security.web.access.ExceptionTranslationFilter.doFilter(ExceptionTranslationFilter.java:125)
	at org.springframework.security.web.access.ExceptionTranslationFilter.doFilter(ExceptionTranslationFilter.java:119)
	at org.springframework.security.web.FilterChainProxy$VirtualFilterChain.doFilter(FilterChainProxy.java:374)
	at org.springframework.security.web.session.SessionManagementFilter.doFilter(SessionManagementFilter.java:131)
	at org.springframework.security.web.session.SessionManagementFilter.doFilter(SessionManagementFilter.java:85)
	at org.springframework.security.web.FilterChainProxy$VirtualFilterChain.doFilter(FilterChainProxy.java:374)
	at org.springframework.security.web.authentication.AnonymousAuthenticationFilter.doFilter(AnonymousAuthenticationFilter.java:100)
	at org.springframework.security.web.FilterChainProxy$VirtualFilterChain.doFilter(FilterChainProxy.java:374)
	at org.springframework.security.web.servletapi.SecurityContextHolderAwareRequestFilter.doFilter(SecurityContextHolderAwareRequestFilter.java:179)
	at org.springframework.security.web.FilterChainProxy$VirtualFilterChain.doFilter(FilterChainProxy.java:374)
	at org.springframework.security.web.savedrequest.RequestCacheAwareFilter.doFilter(RequestCacheAwareFilter.java:63)
	at org.springframework.security.web.FilterChainProxy$VirtualFilterChain.doFilter(FilterChainProxy.java:374)
	at com.meditrack.auth.filter.JwtFilter.doFilterInternal(JwtFilter.java:49)
	at org.springframework.web.filter.OncePerRequestFilter.doFilter(OncePerRequestFilter.java:116)
	at org.springframework.security.web.FilterChainProxy$VirtualFilterChain.doFilter(FilterChainProxy.java:374)
	at org.springframework.security.web.authentication.logout.LogoutFilter.doFilter(LogoutFilter.java:107)
	at org.springframework.security.web.authentication.logout.LogoutFilter.doFilter(LogoutFilter.java:93)
	at org.springframework.security.web.FilterChainProxy$VirtualFilterChain.doFilter(FilterChainProxy.java:374)
	at org.springframework.security.web.header.HeaderWriterFilter.doHeadersAfter(HeaderWriterFilter.java:90)
	at org.springframework.security.web.header.HeaderWriterFilter.doFilterInternal(HeaderWriterFilter.java:75)
	at org.springframework.web.filter.OncePerRequestFilter.doFilter(OncePerRequestFilter.java:116)
	at org.springframework.security.web.FilterChainProxy$VirtualFilterChain.doFilter(FilterChainProxy.java:374)
	at org.springframework.security.web.context.SecurityContextHolderFilter.doFilter(SecurityContextHolderFilter.java:82)
	at org.springframework.security.web.context.SecurityContextHolderFilter.doFilter(SecurityContextHolderFilter.java:69)
	at org.springframework.security.web.FilterChainProxy$VirtualFilterChain.doFilter(FilterChainProxy.java:374)
	at org.springframework.security.web.context.request.async.WebAsyncManagerIntegrationFilter.doFilterInternal(WebAsyncManagerIntegrationFilter.java:62)
	at org.springframework.web.filter.OncePerRequestFilter.doFilter(OncePerRequestFilter.java:116)
	at org.springframework.security.web.FilterChainProxy$VirtualFilterChain.doFilter(FilterChainProxy.java:374)
	at org.springframework.security.web.session.DisableEncodeUrlFilter.doFilterInternal(DisableEncodeUrlFilter.java:42)
	at org.springframework.web.filter.OncePerRequestFilter.doFilter(OncePerRequestFilter.java:116)
	at org.springframework.security.web.FilterChainProxy$VirtualFilterChain.doFilter(FilterChainProxy.java:374)
	at org.springframework.security.web.FilterChainProxy.doFilterInternal(FilterChainProxy.java:233)
	at org.springframework.security.web.FilterChainProxy.doFilter(FilterChainProxy.java:191)
	at org.springframework.web.filter.CompositeFilter$VirtualFilterChain.doFilter(CompositeFilter.java:113)
	at org.springframework.web.filter.ServletRequestPathFilter.doFilter(ServletRequestPathFilter.java:52)
	at org.springframework.web.filter.CompositeFilter$VirtualFilterChain.doFilter(CompositeFilter.java:113)
	at org.springframework.web.filter.CompositeFilter.doFilter(CompositeFilter.java:74)
	at org.springframework.security.config.annotation.web.configuration.WebSecurityConfiguration$CompositeFilterChainProxy.doFilter(WebSecurityConfiguration.java:319)
	at org.springframework.web.filter.CompositeFilter$VirtualFilterChain.doFilter(CompositeFilter.java:113)
	at org.springframework.web.servlet.handler.HandlerMappingIntrospector.lambda$createCacheFilter$4(HandlerMappingIntrospector.java:267)
	at org.springframework.web.filter.CompositeFilter$VirtualFilterChain.doFilter(CompositeFilter.java:113)
	at org.springframework.web.filter.CompositeFilter.doFilter(CompositeFilter.java:74)
	at org.springframework.security.config.annotation.web.configuration.WebMvcSecurityConfiguration$CompositeFilterChainProxy.doFilter(WebMvcSecurityConfiguration.java:240)
	at org.springframework.web.filter.DelegatingFilterProxy.invokeDelegate(DelegatingFilterProxy.java:362)
	at org.springframework.web.filter.DelegatingFilterProxy.doFilter(DelegatingFilterProxy.java:278)
	at org.apache.catalina.core.ApplicationFilterChain.internalDoFilter(ApplicationFilterChain.java:162)
	at org.apache.catalina.core.ApplicationFilterChain.doFilter(ApplicationFilterChain.java:138)
	at org.springframework.web.filter.RequestContextFilter.doFilterInternal(RequestContextFilter.java:100)
	at org.springframework.web.filter.OncePerRequestFilter.doFilter(OncePerRequestFilter.java:116)
	at org.apache.catalina.core.ApplicationFilterChain.internalDoFilter(ApplicationFilterChain.java:162)
	at org.apache.catalina.core.ApplicationFilterChain.doFilter(ApplicationFilterChain.java:138)
	at org.springframework.web.filter.FormContentFilter.doFilterInternal(FormContentFilter.java:93)
	at org.springframework.web.filter.OncePerRequestFilter.doFilter(OncePerRequestFilter.java:116)
	at org.apache.catalina.core.ApplicationFilterChain.internalDoFilter(ApplicationFilterChain.java:162)
	at org.apache.catalina.core.ApplicationFilterChain.doFilter(ApplicationFilterChain.java:138)
	at org.springframework.web.filter.CharacterEncodingFilter.doFilterInternal(CharacterEncodingFilter.java:201)
	at org.springframework.web.filter.OncePerRequestFilter.doFilter(OncePerRequestFilter.java:116)
	at org.apache.catalina.core.ApplicationFilterChain.internalDoFilter(ApplicationFilterChain.java:162)
	at org.apache.catalina.core.ApplicationFilterChain.doFilter(ApplicationFilterChain.java:138)
	at org.apache.catalina.core.StandardWrapperValve.invoke(StandardWrapperValve.java:165)
	at org.apache.catalina.core.StandardContextValve.invoke(StandardContextValve.java:88)
	at org.apache.catalina.authenticator.AuthenticatorBase.invoke(AuthenticatorBase.java:492)
	at org.apache.catalina.core.StandardHostValve.invoke(StandardHostValve.java:113)
	at org.apache.catalina.valves.ErrorReportValve.invoke(ErrorReportValve.java:83)
	at org.apache.catalina.core.StandardEngineValve.invoke(StandardEngineValve.java:72)
	at org.apache.catalina.connector.CoyoteAdapter.service(CoyoteAdapter.java:342)
	at org.apache.coyote.http11.Http11Processor.service(Http11Processor.java:399)
	at org.apache.coyote.AbstractProcessorLight.process(AbstractProcessorLight.java:63)
	at org.apache.coyote.AbstractProtocol$ConnectionHandler.process(AbstractProtocol.java:903)
	at org.apache.tomcat.util.net.NioEndpoint$SocketProcessor.doRun(NioEndpoint.java:1775)
	at org.apache.tomcat.util.net.SocketProcessorBase.run(SocketProcessorBase.java:52)
	at org.apache.tomcat.util.threads.ThreadPoolExecutor.runWorker(ThreadPoolExecutor.java:973)
	at org.apache.tomcat.util.threads.ThreadPoolExecutor$Worker.run(ThreadPoolExecutor.java:491)
	at org.apache.tomcat.util.threads.TaskThread$WrappingRunnable.run(TaskThread.java:63)
	at java.base/java.lang.Thread.run(Thread.java:1623)
2026-05-19 15:35:58.661 INFO  [auth-service] [traceId=5dca3fab] c.meditrack.auth.aop.LoggingAspect - [CONTROLLER][5dca3fab] --> AuthController.login(..) | args: [com.meditrack.auth.dto.LoginRequest@2b598b65]
2026-05-19 15:35:58.661 INFO  [auth-service] [traceId=5dca3fab] c.meditrack.auth.aop.LoggingAspect - [SERVICE][5dca3fab] --> AuthService.login(..) | args: [murthy@meditrack.in, murthy123]
2026-05-19 15:35:58.827 INFO  [auth-service] [traceId=5dca3fab] c.meditrack.auth.aop.LoggingAspect - [SERVICE][5dca3fab] <-- AuthService.login(..) | 166ms | result: com.meditrack.auth.dto.AuthResponse@b44ebc3
2026-05-19 15:35:58.828 INFO  [auth-service] [traceId=none] c.meditrack.auth.aop.LoggingAspect - [CONTROLLER][5dca3fab] <-- AuthController.login(..) | 168ms | result: <200 OK OK,com.meditrack.auth.dto.AuthResponse@b44ebc3,[]>
2026-05-19 15:37:24.867 INFO  [auth-service] [traceId=f17d44f8] c.meditrack.auth.aop.LoggingAspect - [CONTROLLER][f17d44f8] --> AuthController.login(..) | args: [com.meditrack.auth.dto.LoginRequest@69668d1e]
2026-05-19 15:37:25.514 INFO  [auth-service] [traceId=f17d44f8] c.meditrack.auth.aop.LoggingAspect - [SERVICE][f17d44f8] --> AuthService.login(..) | args: [aishwaryaprabhup@gmail.com, komala123]
2026-05-19 15:37:25.791 INFO  [auth-service] [traceId=f17d44f8] c.meditrack.auth.aop.LoggingAspect - [SERVICE][f17d44f8] <-- AuthService.login(..) | 277ms | result: com.meditrack.auth.dto.AuthResponse@59038cc6
2026-05-19 15:37:25.792 INFO  [auth-service] [traceId=none] c.meditrack.auth.aop.LoggingAspect - [CONTROLLER][f17d44f8] <-- AuthController.login(..) | 925ms | result: <200 OK OK,com.meditrack.auth.dto.AuthResponse@59038cc6,[]>
2026-05-19 15:37:55.763 INFO  [auth-service] [traceId=c3214f1c] c.meditrack.auth.aop.LoggingAspect - [CONTROLLER][c3214f1c] --> AuthController.getUserByEmail(..) | args: [aishwaryaprabhup@gmail.com]
2026-05-19 15:37:55.817 INFO  [auth-service] [traceId=c3214f1c] c.meditrack.auth.aop.LoggingAspect - [CONTROLLER][c3214f1c] <-- AuthController.getUserByEmail(..) | 54ms | result: <200 OK OK,com.meditrack.auth.dto.UserResponse@2305b98a,[]>
2026-05-19 15:40:53.338 INFO  [auth-service] [traceId=a4efb0f8] c.meditrack.auth.aop.LoggingAspect - [CONTROLLER][a4efb0f8] --> AuthController.login(..) | args: [com.meditrack.auth.dto.LoginRequest@6cf5de5d]
2026-05-19 15:40:53.349 INFO  [auth-service] [traceId=a4efb0f8] c.meditrack.auth.aop.LoggingAspect - [SERVICE][a4efb0f8] --> AuthService.login(..) | args: [aishwaryaprabhup@gmail.com, komala123]
2026-05-19 15:40:53.811 INFO  [auth-service] [traceId=a4efb0f8] c.meditrack.auth.aop.LoggingAspect - [SERVICE][a4efb0f8] <-- AuthService.login(..) | 462ms | result: com.meditrack.auth.dto.AuthResponse@26238dee
2026-05-19 15:40:53.812 INFO  [auth-service] [traceId=none] c.meditrack.auth.aop.LoggingAspect - [CONTROLLER][a4efb0f8] <-- AuthController.login(..) | 476ms | result: <200 OK OK,com.meditrack.auth.dto.AuthResponse@26238dee,[]>
2026-05-19 15:47:11.802 WARN  [auth-service] [traceId=none] c.n.d.s.t.d.RetryableEurekaHttpClient - Request execution failed with message: I/O error on PUT request for "http://localhost:8761/eureka/apps/AUTH-SERVICE/DESKTOP-TE08QKM:auth-service:8081": Connect to http://localhost:8761 failed: Connection refused: no further information
2026-05-19 15:47:11.802 WARN  [auth-service] [traceId=none] c.n.d.s.t.d.RetryableEurekaHttpClient - Request execution failed with message: I/O error on GET request for "http://localhost:8761/eureka/apps/delta": Connect to http://localhost:8761 failed: Connection refused: no further information
2026-05-19 15:47:11.963 WARN  [auth-service] [traceId=none] c.n.d.s.t.d.RetryableEurekaHttpClient - Request execution failed with message: I/O error on PUT request for "http://localhost:8761/eureka/apps/AUTH-SERVICE/DESKTOP-TE08QKM:auth-service:8081": Connect to http://localhost:8761 failed: Connection refused: no further information
2026-05-19 15:47:11.965 ERROR [auth-service] [traceId=none] c.netflix.discovery.DiscoveryClient - DiscoveryClient_AUTH-SERVICE/DESKTOP-TE08QKM:auth-service:8081 - was unable to send heartbeat!
com.netflix.discovery.shared.transport.TransportException: Cannot execute request on any known server
	at com.netflix.discovery.shared.transport.decorator.RetryableEurekaHttpClient.execute(RetryableEurekaHttpClient.java:112)
	at com.netflix.discovery.shared.transport.decorator.EurekaHttpClientDecorator.sendHeartBeat(EurekaHttpClientDecorator.java:89)
	at com.netflix.discovery.shared.transport.decorator.EurekaHttpClientDecorator$3.execute(EurekaHttpClientDecorator.java:92)
	at com.netflix.discovery.shared.transport.decorator.SessionedEurekaHttpClient.execute(SessionedEurekaHttpClient.java:76)
	at com.netflix.discovery.shared.transport.decorator.EurekaHttpClientDecorator.sendHeartBeat(EurekaHttpClientDecorator.java:89)
	at com.netflix.discovery.DiscoveryClient.renew(DiscoveryClient.java:845)
	at com.netflix.discovery.DiscoveryClient$HeartbeatThread.run(DiscoveryClient.java:1403)
	at java.base/java.util.concurrent.Executors$RunnableAdapter.call(Executors.java:577)
	at java.base/java.util.concurrent.FutureTask.run(FutureTask.java:317)
	at java.base/java.util.concurrent.ThreadPoolExecutor.runWorker(ThreadPoolExecutor.java:1144)
	at java.base/java.util.concurrent.ThreadPoolExecutor$Worker.run(ThreadPoolExecutor.java:642)
	at java.base/java.lang.Thread.run(Thread.java:1623)
2026-05-19 15:47:11.968 WARN  [auth-service] [traceId=none] c.n.d.s.t.d.RetryableEurekaHttpClient - Request execution failed with message: I/O error on GET request for "http://localhost:8761/eureka/apps/delta": Connect to http://localhost:8761 failed: Connection refused: no further information
2026-05-19 15:47:32.223 INFO  [auth-service] [traceId=none] o.s.b.a.SpringApplicationAdminMXBeanRegistrar$SpringApplicationAdmin - Application shutdown requested.
2026-05-19 15:47:32.223 INFO  [auth-service] [traceId=none] o.s.b.a.SpringApplicationAdminMXBeanRegistrar$SpringApplicationAdmin - Application shutdown requested.
2026-05-19 15:47:32.264 INFO  [auth-service] [traceId=none] o.s.c.n.e.s.EurekaServiceRegistry - Unregistering application AUTH-SERVICE with eureka with status DOWN
2026-05-19 15:47:32.309 WARN  [auth-service] [traceId=none] c.n.d.s.t.d.RetryableEurekaHttpClient - Request execution failed with message: I/O error on POST request for "http://localhost:8761/eureka/apps/AUTH-SERVICE": Connect to http://localhost:8761 failed: Connection refused: no further information
2026-05-19 15:47:32.310 WARN  [auth-service] [traceId=none] c.netflix.discovery.DiscoveryClient - DiscoveryClient_AUTH-SERVICE/DESKTOP-TE08QKM:auth-service:8081 - registration failed Cannot execute request on any known server
com.netflix.discovery.shared.transport.TransportException: Cannot execute request on any known server
	at com.netflix.discovery.shared.transport.decorator.RetryableEurekaHttpClient.execute(RetryableEurekaHttpClient.java:112)
	at com.netflix.discovery.shared.transport.decorator.EurekaHttpClientDecorator.register(EurekaHttpClientDecorator.java:56)
	at com.netflix.discovery.shared.transport.decorator.EurekaHttpClientDecorator$1.execute(EurekaHttpClientDecorator.java:59)
	at com.netflix.discovery.shared.transport.decorator.SessionedEurekaHttpClient.execute(SessionedEurekaHttpClient.java:76)
	at com.netflix.discovery.shared.transport.decorator.EurekaHttpClientDecorator.register(EurekaHttpClientDecorator.java:56)
	at com.netflix.discovery.DiscoveryClient.register(DiscoveryClient.java:828)
	at com.netflix.discovery.InstanceInfoReplicator.run(InstanceInfoReplicator.java:125)
	at com.netflix.discovery.InstanceInfoReplicator$2.run(InstanceInfoReplicator.java:105)
	at java.base/java.util.concurrent.Executors$RunnableAdapter.call(Executors.java:577)
	at java.base/java.util.concurrent.FutureTask.run(FutureTask.java:317)
	at java.base/java.util.concurrent.ScheduledThreadPoolExecutor$ScheduledFutureTask.run(ScheduledThreadPoolExecutor.java:304)
	at java.base/java.util.concurrent.ThreadPoolExecutor.runWorker(ThreadPoolExecutor.java:1144)
	at java.base/java.util.concurrent.ThreadPoolExecutor$Worker.run(ThreadPoolExecutor.java:642)
	at java.base/java.lang.Thread.run(Thread.java:1623)
2026-05-19 15:47:32.311 WARN  [auth-service] [traceId=none] c.n.discovery.InstanceInfoReplicator - There was a problem with the instance info replicator
com.netflix.discovery.shared.transport.TransportException: Cannot execute request on any known server
	at com.netflix.discovery.shared.transport.decorator.RetryableEurekaHttpClient.execute(RetryableEurekaHttpClient.java:112)
	at com.netflix.discovery.shared.transport.decorator.EurekaHttpClientDecorator.register(EurekaHttpClientDecorator.java:56)
	at com.netflix.discovery.shared.transport.decorator.EurekaHttpClientDecorator$1.execute(EurekaHttpClientDecorator.java:59)
	at com.netflix.discovery.shared.transport.decorator.SessionedEurekaHttpClient.execute(SessionedEurekaHttpClient.java:76)
	at com.netflix.discovery.shared.transport.decorator.EurekaHttpClientDecorator.register(EurekaHttpClientDecorator.java:56)
	at com.netflix.discovery.DiscoveryClient.register(DiscoveryClient.java:828)
	at com.netflix.discovery.InstanceInfoReplicator.run(InstanceInfoReplicator.java:125)
	at com.netflix.discovery.InstanceInfoReplicator$2.run(InstanceInfoReplicator.java:105)
	at java.base/java.util.concurrent.Executors$RunnableAdapter.call(Executors.java:577)
	at java.base/java.util.concurrent.FutureTask.run(FutureTask.java:317)
	at java.base/java.util.concurrent.ScheduledThreadPoolExecutor$ScheduledFutureTask.run(ScheduledThreadPoolExecutor.java:304)
	at java.base/java.util.concurrent.ThreadPoolExecutor.runWorker(ThreadPoolExecutor.java:1144)
	at java.base/java.util.concurrent.ThreadPoolExecutor$Worker.run(ThreadPoolExecutor.java:642)
	at java.base/java.lang.Thread.run(Thread.java:1623)
2026-05-19 15:47:32.338 INFO  [auth-service] [traceId=none] o.s.b.w.e.tomcat.GracefulShutdown - Commencing graceful shutdown. Waiting for active requests to complete
2026-05-19 15:47:32.356 INFO  [auth-service] [traceId=none] o.a.coyote.http11.Http11NioProtocol - Pausing ProtocolHandler ["http-nio-8081"]
2026-05-19 15:47:32.413 INFO  [auth-service] [traceId=none] o.s.b.w.e.tomcat.GracefulShutdown - Graceful shutdown complete
2026-05-19 15:47:32.417 INFO  [auth-service] [traceId=none] o.a.coyote.http11.Http11NioProtocol - Stopping ProtocolHandler ["http-nio-8081"]
2026-05-19 15:47:32.469 INFO  [auth-service] [traceId=none] o.s.o.j.LocalContainerEntityManagerFactoryBean - Closing JPA EntityManagerFactory for persistence unit 'default'
2026-05-19 15:47:32.526 INFO  [auth-service] [traceId=none] com.zaxxer.hikari.HikariDataSource - HikariPool-1 - Shutdown initiated...
2026-05-19 15:47:32.544 INFO  [auth-service] [traceId=none] com.zaxxer.hikari.HikariDataSource - HikariPool-1 - Shutdown completed.
2026-05-19 15:50:20.871 INFO  [auth-service] [traceId=none] o.h.validator.internal.util.Version - HV000001: Hibernate Validator 8.0.3.Final
2026-05-19 15:50:21.117 INFO  [auth-service] [traceId=none] c.m.auth.AuthServiceApplication - Starting AuthServiceApplication using Java 20.0.2 with PID 41056 (C:\Users\Aishu\C_MediTrack\MediTrack\auth-service\target\classes started by Aishu in C:\Users\Aishu\C_MediTrack\MediTrack\auth-service)
2026-05-19 15:50:21.118 INFO  [auth-service] [traceId=none] c.m.auth.AuthServiceApplication - No active profile set, falling back to 1 default profile: "default"
2026-05-19 15:50:25.958 INFO  [auth-service] [traceId=none] o.s.d.r.c.RepositoryConfigurationDelegate - Bootstrapping Spring Data JPA repositories in DEFAULT mode.
2026-05-19 15:50:26.349 INFO  [auth-service] [traceId=none] o.s.d.r.c.RepositoryConfigurationDelegate - Finished Spring Data repository scanning in 372 ms. Found 1 JPA repository interface.
2026-05-19 15:50:27.679 INFO  [auth-service] [traceId=none] o.s.cloud.context.scope.GenericScope - BeanFactory id=330e27bd-679c-391f-90ff-6e2a8a44d098
2026-05-19 15:50:29.663 INFO  [auth-service] [traceId=none] o.s.b.w.e.tomcat.TomcatWebServer - Tomcat initialized with port 8081 (http)
2026-05-19 15:50:29.707 INFO  [auth-service] [traceId=none] o.a.coyote.http11.Http11NioProtocol - Initializing ProtocolHandler ["http-nio-8081"]
2026-05-19 15:50:29.711 INFO  [auth-service] [traceId=none] o.a.catalina.core.StandardService - Starting service [Tomcat]
2026-05-19 15:50:29.712 INFO  [auth-service] [traceId=none] o.a.catalina.core.StandardEngine - Starting Servlet engine: [Apache Tomcat/10.1.53]
2026-05-19 15:50:29.916 INFO  [auth-service] [traceId=none] o.a.c.c.C.[Tomcat].[localhost].[/] - Initializing Spring embedded WebApplicationContext
2026-05-19 15:50:29.917 INFO  [auth-service] [traceId=none] o.s.b.w.s.c.ServletWebServerApplicationContext - Root WebApplicationContext: initialization completed in 8586 ms
2026-05-19 15:50:30.540 INFO  [auth-service] [traceId=none] o.h.jpa.internal.util.LogHelper - HHH000204: Processing PersistenceUnitInfo [name: default]
2026-05-19 15:50:30.643 INFO  [auth-service] [traceId=none] org.hibernate.Version - HHH000412: Hibernate ORM core version 6.6.45.Final
2026-05-19 15:50:30.720 INFO  [auth-service] [traceId=none] o.h.c.i.RegionFactoryInitiator - HHH000026: Second-level cache disabled
2026-05-19 15:50:31.466 INFO  [auth-service] [traceId=none] o.s.o.j.p.SpringPersistenceUnitInfo - No LoadTimeWeaver setup: ignoring JPA class transformer
2026-05-19 15:50:31.581 INFO  [auth-service] [traceId=none] com.zaxxer.hikari.HikariDataSource - HikariPool-1 - Starting...
2026-05-19 15:50:32.775 INFO  [auth-service] [traceId=none] com.zaxxer.hikari.pool.HikariPool - HikariPool-1 - Added connection com.mysql.cj.jdbc.ConnectionImpl@4a68cbc5
2026-05-19 15:50:32.779 INFO  [auth-service] [traceId=none] com.zaxxer.hikari.HikariDataSource - HikariPool-1 - Start completed.
2026-05-19 15:50:32.993 INFO  [auth-service] [traceId=none] o.hibernate.orm.connections.pooling - HHH10001005: Database info:
	Database JDBC URL [Connecting through datasource 'HikariDataSource (HikariPool-1)']
	Database driver: undefined/unknown
	Database version: 8.0.45
	Autocommit mode: undefined/unknown
	Isolation level: undefined/unknown
	Minimum pool size: undefined/unknown
	Maximum pool size: undefined/unknown
2026-05-19 15:50:35.914 INFO  [auth-service] [traceId=none] o.h.e.t.j.p.i.JtaPlatformInitiator - HHH000489: No JTA platform available (set 'hibernate.transaction.jta.platform' to enable JTA platform integration)
2026-05-19 15:50:36.096 INFO  [auth-service] [traceId=none] o.s.o.j.LocalContainerEntityManagerFactoryBean - Initialized JPA EntityManagerFactory for persistence unit 'default'
2026-05-19 15:50:41.491 INFO  [auth-service] [traceId=none] o.s.c.o.FeignClientFactoryBean - For 'patient-service' URL not provided. Will try picking an instance via load-balancing.
2026-05-19 15:50:48.181 INFO  [auth-service] [traceId=none] o.s.c.n.e.c.DiscoveryClientOptionalArgsConfiguration - Eureka HTTP Client uses RestTemplate.
2026-05-19 15:50:48.310 WARN  [auth-service] [traceId=none] o.s.c.l.c.LoadBalancerCacheAutoConfiguration$LoadBalancerCaffeineWarnLogger - Spring Cloud LoadBalancer is currently working with the default cache. While this cache implementation is useful for development and tests, it's recommended to use Caffeine cache in production.You can switch to using Caffeine cache, by adding it and org.springframework.cache.caffeine.CaffeineCacheManager to the classpath.
2026-05-19 15:50:48.542 INFO  [auth-service] [traceId=none] o.s.c.n.eureka.InstanceInfoFactory - Setting initial instance status as: STARTING
2026-05-19 15:50:49.428 INFO  [auth-service] [traceId=none] o.s.c.n.e.s.EurekaServiceRegistry - Registering application AUTH-SERVICE with eureka with status UP
2026-05-19 15:50:49.432 INFO  [auth-service] [traceId=none] o.a.coyote.http11.Http11NioProtocol - Starting ProtocolHandler ["http-nio-8081"]
2026-05-19 15:50:49.516 INFO  [auth-service] [traceId=none] o.s.b.w.e.tomcat.TomcatWebServer - Tomcat started on port 8081 (http) with context path '/'
2026-05-19 15:50:49.518 INFO  [auth-service] [traceId=none] o.s.c.n.e.s.EurekaAutoServiceRegistration - Updating port to 8081
2026-05-19 15:50:49.899 INFO  [auth-service] [traceId=none] c.m.auth.AuthServiceApplication - Started AuthServiceApplication in 31.381 seconds (process running for 33.852)
2026-05-19 15:51:58.118 INFO  [auth-service] [traceId=none] o.a.c.c.C.[Tomcat].[localhost].[/] - Initializing Spring DispatcherServlet 'dispatcherServlet'
2026-05-19 15:51:58.140 INFO  [auth-service] [traceId=none] o.s.web.servlet.DispatcherServlet - Initializing Servlet 'dispatcherServlet'
2026-05-19 15:51:58.512 INFO  [auth-service] [traceId=none] o.s.web.servlet.DispatcherServlet - Completed initialization in 370 ms
2026-05-19 15:52:00.615 INFO  [auth-service] [traceId=7cb6a644] c.meditrack.auth.aop.LoggingAspect - [CONTROLLER][7cb6a644] --> AuthController.login(..) | args: [com.meditrack.auth.dto.LoginRequest@3d263245]
2026-05-19 15:52:00.626 INFO  [auth-service] [traceId=7cb6a644] c.meditrack.auth.aop.LoggingAspect - [SERVICE][7cb6a644] --> AuthService.login(..) | args: [aishwaryaprabhup@gmail.com, komala123]
2026-05-19 15:52:02.370 INFO  [auth-service] [traceId=7cb6a644] c.meditrack.auth.aop.LoggingAspect - [SERVICE][7cb6a644] <-- AuthService.login(..) | 1744ms | result: com.meditrack.auth.dto.AuthResponse@71ef6338
2026-05-19 15:52:02.373 INFO  [auth-service] [traceId=none] c.meditrack.auth.aop.LoggingAspect - [CONTROLLER][7cb6a644] <-- AuthController.login(..) | 1759ms | result: <200 OK OK,com.meditrack.auth.dto.AuthResponse@71ef6338,[]>
2026-05-19 15:53:38.753 INFO  [auth-service] [traceId=c9d1fe9f] c.meditrack.auth.aop.LoggingAspect - [CONTROLLER][c9d1fe9f] --> AuthController.login(..) | args: [com.meditrack.auth.dto.LoginRequest@11b6a7c0]
2026-05-19 15:53:38.754 INFO  [auth-service] [traceId=c9d1fe9f] c.meditrack.auth.aop.LoggingAspect - [SERVICE][c9d1fe9f] --> AuthService.login(..) | args: [murthy@meditrack.in, murthy123]
2026-05-19 15:53:38.874 INFO  [auth-service] [traceId=c9d1fe9f] c.meditrack.auth.aop.LoggingAspect - [SERVICE][c9d1fe9f] <-- AuthService.login(..) | 120ms | result: com.meditrack.auth.dto.AuthResponse@2fe6aea
2026-05-19 15:53:38.874 INFO  [auth-service] [traceId=none] c.meditrack.auth.aop.LoggingAspect - [CONTROLLER][c9d1fe9f] <-- AuthController.login(..) | 121ms | result: <200 OK OK,com.meditrack.auth.dto.AuthResponse@2fe6aea,[]>
2026-05-19 15:55:55.827 INFO  [auth-service] [traceId=7485298d] c.meditrack.auth.aop.LoggingAspect - [CONTROLLER][7485298d] --> AuthController.login(..) | args: [com.meditrack.auth.dto.LoginRequest@34022d70]
2026-05-19 15:55:55.835 INFO  [auth-service] [traceId=7485298d] c.meditrack.auth.aop.LoggingAspect - [SERVICE][7485298d] --> AuthService.login(..) | args: [aishwaryaprabhup@gmail.com, komala123]
2026-05-19 15:55:56.041 INFO  [auth-service] [traceId=7485298d] c.meditrack.auth.aop.LoggingAspect - [SERVICE][7485298d] <-- AuthService.login(..) | 206ms | result: com.meditrack.auth.dto.AuthResponse@1dd7dbbc
2026-05-19 15:55:56.042 INFO  [auth-service] [traceId=none] c.meditrack.auth.aop.LoggingAspect - [CONTROLLER][7485298d] <-- AuthController.login(..) | 217ms | result: <200 OK OK,com.meditrack.auth.dto.AuthResponse@1dd7dbbc,[]>
2026-05-19 16:06:23.060 INFO  [auth-service] [traceId=788c4e10] c.meditrack.auth.aop.LoggingAspect - [CONTROLLER][788c4e10] --> AuthController.login(..) | args: [com.meditrack.auth.dto.LoginRequest@59d3ed96]
2026-05-19 16:06:23.069 INFO  [auth-service] [traceId=788c4e10] c.meditrack.auth.aop.LoggingAspect - [SERVICE][788c4e10] --> AuthService.login(..) | args: [aishwaryaprabhup@gmail.com, komala123]
2026-05-19 16:06:23.312 INFO  [auth-service] [traceId=788c4e10] c.meditrack.auth.aop.LoggingAspect - [SERVICE][788c4e10] <-- AuthService.login(..) | 243ms | result: com.meditrack.auth.dto.AuthResponse@5224c727
2026-05-19 16:06:23.312 INFO  [auth-service] [traceId=none] c.meditrack.auth.aop.LoggingAspect - [CONTROLLER][788c4e10] <-- AuthController.login(..) | 254ms | result: <200 OK OK,com.meditrack.auth.dto.AuthResponse@5224c727,[]>
2026-05-19 16:07:22.762 WARN  [auth-service] [traceId=none] c.n.d.s.t.d.RetryableEurekaHttpClient - Request execution failed with message: I/O error on PUT request for "http://localhost:8761/eureka/apps/AUTH-SERVICE/DESKTOP-TE08QKM:auth-service:8081": Connect to http://localhost:8761 failed: Connection refused: no further information
2026-05-19 16:07:22.975 WARN  [auth-service] [traceId=none] c.n.d.s.t.d.RetryableEurekaHttpClient - Request execution failed with message: I/O error on GET request for "http://localhost:8761/eureka/apps/delta": Connect to http://localhost:8761 failed: Connection refused: no further information
2026-05-19 16:07:22.983 WARN  [auth-service] [traceId=none] c.n.d.s.t.d.RetryableEurekaHttpClient - Request execution failed with message: I/O error on PUT request for "http://localhost:8761/eureka/apps/AUTH-SERVICE/DESKTOP-TE08QKM:auth-service:8081": Connect to http://localhost:8761 failed: Connection refused: no further information
2026-05-19 16:07:23.020 WARN  [auth-service] [traceId=none] c.n.d.s.t.d.RetryableEurekaHttpClient - Request execution failed with message: I/O error on GET request for "http://localhost:8761/eureka/apps/delta": Connect to http://localhost:8761 failed: Connection refused: no further information
2026-05-19 16:07:22.986 ERROR [auth-service] [traceId=none] c.netflix.discovery.DiscoveryClient - DiscoveryClient_AUTH-SERVICE/DESKTOP-TE08QKM:auth-service:8081 - was unable to send heartbeat!
com.netflix.discovery.shared.transport.TransportException: Cannot execute request on any known server
	at com.netflix.discovery.shared.transport.decorator.RetryableEurekaHttpClient.execute(RetryableEurekaHttpClient.java:112)
	at com.netflix.discovery.shared.transport.decorator.EurekaHttpClientDecorator.sendHeartBeat(EurekaHttpClientDecorator.java:89)
	at com.netflix.discovery.shared.transport.decorator.EurekaHttpClientDecorator$3.execute(EurekaHttpClientDecorator.java:92)
	at com.netflix.discovery.shared.transport.decorator.SessionedEurekaHttpClient.execute(SessionedEurekaHttpClient.java:76)
	at com.netflix.discovery.shared.transport.decorator.EurekaHttpClientDecorator.sendHeartBeat(EurekaHttpClientDecorator.java:89)
	at com.netflix.discovery.DiscoveryClient.renew(DiscoveryClient.java:845)
	at com.netflix.discovery.DiscoveryClient$HeartbeatThread.run(DiscoveryClient.java:1403)
	at java.base/java.util.concurrent.Executors$RunnableAdapter.call(Executors.java:577)
	at java.base/java.util.concurrent.FutureTask.run(FutureTask.java:317)
	at java.base/java.util.concurrent.ThreadPoolExecutor.runWorker(ThreadPoolExecutor.java:1144)
	at java.base/java.util.concurrent.ThreadPoolExecutor$Worker.run(ThreadPoolExecutor.java:642)
	at java.base/java.lang.Thread.run(Thread.java:1623)
2026-05-19 16:07:45.020 INFO  [auth-service] [traceId=none] o.s.b.a.SpringApplicationAdminMXBeanRegistrar$SpringApplicationAdmin - Application shutdown requested.
2026-05-19 16:07:45.089 INFO  [auth-service] [traceId=none] o.s.c.n.e.s.EurekaServiceRegistry - Unregistering application AUTH-SERVICE with eureka with status DOWN
2026-05-19 16:07:45.157 INFO  [auth-service] [traceId=none] o.s.b.a.SpringApplicationAdminMXBeanRegistrar$SpringApplicationAdmin - Application shutdown requested.
2026-05-19 16:07:45.161 WARN  [auth-service] [traceId=none] c.n.d.s.t.d.RetryableEurekaHttpClient - Request execution failed with message: I/O error on POST request for "http://localhost:8761/eureka/apps/AUTH-SERVICE": Connect to http://localhost:8761 failed: Connection refused: no further information
2026-05-19 16:07:45.162 WARN  [auth-service] [traceId=none] c.netflix.discovery.DiscoveryClient - DiscoveryClient_AUTH-SERVICE/DESKTOP-TE08QKM:auth-service:8081 - registration failed Cannot execute request on any known server
com.netflix.discovery.shared.transport.TransportException: Cannot execute request on any known server
	at com.netflix.discovery.shared.transport.decorator.RetryableEurekaHttpClient.execute(RetryableEurekaHttpClient.java:112)
	at com.netflix.discovery.shared.transport.decorator.EurekaHttpClientDecorator.register(EurekaHttpClientDecorator.java:56)
	at com.netflix.discovery.shared.transport.decorator.EurekaHttpClientDecorator$1.execute(EurekaHttpClientDecorator.java:59)
	at com.netflix.discovery.shared.transport.decorator.SessionedEurekaHttpClient.execute(SessionedEurekaHttpClient.java:76)
	at com.netflix.discovery.shared.transport.decorator.EurekaHttpClientDecorator.register(EurekaHttpClientDecorator.java:56)
	at com.netflix.discovery.DiscoveryClient.register(DiscoveryClient.java:828)
	at com.netflix.discovery.InstanceInfoReplicator.run(InstanceInfoReplicator.java:125)
	at com.netflix.discovery.InstanceInfoReplicator$2.run(InstanceInfoReplicator.java:105)
	at java.base/java.util.concurrent.Executors$RunnableAdapter.call(Executors.java:577)
	at java.base/java.util.concurrent.FutureTask.run(FutureTask.java:317)
	at java.base/java.util.concurrent.ScheduledThreadPoolExecutor$ScheduledFutureTask.run(ScheduledThreadPoolExecutor.java:304)
	at java.base/java.util.concurrent.ThreadPoolExecutor.runWorker(ThreadPoolExecutor.java:1144)
	at java.base/java.util.concurrent.ThreadPoolExecutor$Worker.run(ThreadPoolExecutor.java:642)
	at java.base/java.lang.Thread.run(Thread.java:1623)
2026-05-19 16:07:45.163 WARN  [auth-service] [traceId=none] c.n.discovery.InstanceInfoReplicator - There was a problem with the instance info replicator
com.netflix.discovery.shared.transport.TransportException: Cannot execute request on any known server
	at com.netflix.discovery.shared.transport.decorator.RetryableEurekaHttpClient.execute(RetryableEurekaHttpClient.java:112)
	at com.netflix.discovery.shared.transport.decorator.EurekaHttpClientDecorator.register(EurekaHttpClientDecorator.java:56)
	at com.netflix.discovery.shared.transport.decorator.EurekaHttpClientDecorator$1.execute(EurekaHttpClientDecorator.java:59)
	at com.netflix.discovery.shared.transport.decorator.SessionedEurekaHttpClient.execute(SessionedEurekaHttpClient.java:76)
	at com.netflix.discovery.shared.transport.decorator.EurekaHttpClientDecorator.register(EurekaHttpClientDecorator.java:56)
	at com.netflix.discovery.DiscoveryClient.register(DiscoveryClient.java:828)
	at com.netflix.discovery.InstanceInfoReplicator.run(InstanceInfoReplicator.java:125)
	at com.netflix.discovery.InstanceInfoReplicator$2.run(InstanceInfoReplicator.java:105)
	at java.base/java.util.concurrent.Executors$RunnableAdapter.call(Executors.java:577)
	at java.base/java.util.concurrent.FutureTask.run(FutureTask.java:317)
	at java.base/java.util.concurrent.ScheduledThreadPoolExecutor$ScheduledFutureTask.run(ScheduledThreadPoolExecutor.java:304)
	at java.base/java.util.concurrent.ThreadPoolExecutor.runWorker(ThreadPoolExecutor.java:1144)
	at java.base/java.util.concurrent.ThreadPoolExecutor$Worker.run(ThreadPoolExecutor.java:642)
	at java.base/java.lang.Thread.run(Thread.java:1623)
2026-05-19 16:07:45.250 INFO  [auth-service] [traceId=none] o.s.b.w.e.tomcat.GracefulShutdown - Commencing graceful shutdown. Waiting for active requests to complete
2026-05-19 16:07:45.273 INFO  [auth-service] [traceId=none] o.a.coyote.http11.Http11NioProtocol - Pausing ProtocolHandler ["http-nio-8081"]
2026-05-19 16:07:45.312 INFO  [auth-service] [traceId=none] o.s.b.a.SpringApplicationAdminMXBeanRegistrar$SpringApplicationAdmin - Application shutdown requested.
2026-05-19 16:07:45.355 INFO  [auth-service] [traceId=none] o.s.b.w.e.tomcat.GracefulShutdown - Graceful shutdown complete
2026-05-19 16:07:45.363 INFO  [auth-service] [traceId=none] o.a.coyote.http11.Http11NioProtocol - Stopping ProtocolHandler ["http-nio-8081"]
2026-05-19 16:07:45.427 INFO  [auth-service] [traceId=none] o.s.o.j.LocalContainerEntityManagerFactoryBean - Closing JPA EntityManagerFactory for persistence unit 'default'
2026-05-19 16:07:45.488 INFO  [auth-service] [traceId=none] com.zaxxer.hikari.HikariDataSource - HikariPool-1 - Shutdown initiated...
2026-05-19 16:07:45.543 INFO  [auth-service] [traceId=none] com.zaxxer.hikari.HikariDataSource - HikariPool-1 - Shutdown completed.
2026-05-19 16:09:32.817 INFO  [auth-service] [traceId=none] o.h.validator.internal.util.Version - HV000001: Hibernate Validator 8.0.3.Final
2026-05-19 16:09:32.926 INFO  [auth-service] [traceId=none] c.m.auth.AuthServiceApplication - Starting AuthServiceApplication using Java 20.0.2 with PID 45284 (C:\Users\Aishu\C_MediTrack\MediTrack\auth-service\target\classes started by Aishu in C:\Users\Aishu\C_MediTrack\MediTrack\auth-service)
2026-05-19 16:09:32.928 INFO  [auth-service] [traceId=none] c.m.auth.AuthServiceApplication - No active profile set, falling back to 1 default profile: "default"
2026-05-19 16:09:37.265 INFO  [auth-service] [traceId=none] o.s.d.r.c.RepositoryConfigurationDelegate - Bootstrapping Spring Data JPA repositories in DEFAULT mode.
2026-05-19 16:09:37.767 INFO  [auth-service] [traceId=none] o.s.d.r.c.RepositoryConfigurationDelegate - Finished Spring Data repository scanning in 440 ms. Found 1 JPA repository interface.
2026-05-19 16:09:39.125 INFO  [auth-service] [traceId=none] o.s.cloud.context.scope.GenericScope - BeanFactory id=330e27bd-679c-391f-90ff-6e2a8a44d098
2026-05-19 16:09:42.083 INFO  [auth-service] [traceId=none] o.s.b.w.e.tomcat.TomcatWebServer - Tomcat initialized with port 8081 (http)
2026-05-19 16:09:42.146 INFO  [auth-service] [traceId=none] o.a.coyote.http11.Http11NioProtocol - Initializing ProtocolHandler ["http-nio-8081"]
2026-05-19 16:09:42.168 INFO  [auth-service] [traceId=none] o.a.catalina.core.StandardService - Starting service [Tomcat]
2026-05-19 16:09:42.169 INFO  [auth-service] [traceId=none] o.a.catalina.core.StandardEngine - Starting Servlet engine: [Apache Tomcat/10.1.53]
2026-05-19 16:09:42.651 INFO  [auth-service] [traceId=none] o.a.c.c.C.[Tomcat].[localhost].[/] - Initializing Spring embedded WebApplicationContext
2026-05-19 16:09:42.652 INFO  [auth-service] [traceId=none] o.s.b.w.s.c.ServletWebServerApplicationContext - Root WebApplicationContext: initialization completed in 9569 ms
2026-05-19 16:09:43.943 INFO  [auth-service] [traceId=none] o.h.jpa.internal.util.LogHelper - HHH000204: Processing PersistenceUnitInfo [name: default]
2026-05-19 16:09:44.218 INFO  [auth-service] [traceId=none] org.hibernate.Version - HHH000412: Hibernate ORM core version 6.6.45.Final
2026-05-19 16:09:44.366 INFO  [auth-service] [traceId=none] o.h.c.i.RegionFactoryInitiator - HHH000026: Second-level cache disabled
2026-05-19 16:09:45.467 INFO  [auth-service] [traceId=none] o.s.o.j.p.SpringPersistenceUnitInfo - No LoadTimeWeaver setup: ignoring JPA class transformer
2026-05-19 16:09:45.541 INFO  [auth-service] [traceId=none] com.zaxxer.hikari.HikariDataSource - HikariPool-1 - Starting...
2026-05-19 16:09:46.636 INFO  [auth-service] [traceId=none] com.zaxxer.hikari.pool.HikariPool - HikariPool-1 - Added connection com.mysql.cj.jdbc.ConnectionImpl@498b697
2026-05-19 16:09:46.640 INFO  [auth-service] [traceId=none] com.zaxxer.hikari.HikariDataSource - HikariPool-1 - Start completed.
2026-05-19 16:09:46.845 INFO  [auth-service] [traceId=none] o.hibernate.orm.connections.pooling - HHH10001005: Database info:
	Database JDBC URL [Connecting through datasource 'HikariDataSource (HikariPool-1)']
	Database driver: undefined/unknown
	Database version: 8.0.45
	Autocommit mode: undefined/unknown
	Isolation level: undefined/unknown
	Minimum pool size: undefined/unknown
	Maximum pool size: undefined/unknown
2026-05-19 16:09:50.239 INFO  [auth-service] [traceId=none] o.h.e.t.j.p.i.JtaPlatformInitiator - HHH000489: No JTA platform available (set 'hibernate.transaction.jta.platform' to enable JTA platform integration)
2026-05-19 16:09:50.421 INFO  [auth-service] [traceId=none] o.s.o.j.LocalContainerEntityManagerFactoryBean - Initialized JPA EntityManagerFactory for persistence unit 'default'
2026-05-19 16:09:54.402 INFO  [auth-service] [traceId=none] o.s.c.o.FeignClientFactoryBean - For 'patient-service' URL not provided. Will try picking an instance via load-balancing.
2026-05-19 16:10:00.720 INFO  [auth-service] [traceId=none] o.s.c.n.e.c.DiscoveryClientOptionalArgsConfiguration - Eureka HTTP Client uses RestTemplate.
2026-05-19 16:10:00.863 WARN  [auth-service] [traceId=none] o.s.c.l.c.LoadBalancerCacheAutoConfiguration$LoadBalancerCaffeineWarnLogger - Spring Cloud LoadBalancer is currently working with the default cache. While this cache implementation is useful for development and tests, it's recommended to use Caffeine cache in production.You can switch to using Caffeine cache, by adding it and org.springframework.cache.caffeine.CaffeineCacheManager to the classpath.
2026-05-19 16:10:01.129 INFO  [auth-service] [traceId=none] o.s.c.n.eureka.InstanceInfoFactory - Setting initial instance status as: STARTING
2026-05-19 16:10:02.266 INFO  [auth-service] [traceId=none] o.s.c.n.e.s.EurekaServiceRegistry - Registering application AUTH-SERVICE with eureka with status UP
2026-05-19 16:10:02.270 INFO  [auth-service] [traceId=none] o.a.coyote.http11.Http11NioProtocol - Starting ProtocolHandler ["http-nio-8081"]
2026-05-19 16:10:02.310 INFO  [auth-service] [traceId=none] o.s.b.w.e.tomcat.TomcatWebServer - Tomcat started on port 8081 (http) with context path '/'
2026-05-19 16:10:02.311 INFO  [auth-service] [traceId=none] o.s.c.n.e.s.EurekaAutoServiceRegistration - Updating port to 8081
2026-05-19 16:10:02.544 INFO  [auth-service] [traceId=none] c.m.auth.AuthServiceApplication - Started AuthServiceApplication in 33.37 seconds (process running for 37.787)
2026-05-19 16:11:24.951 INFO  [auth-service] [traceId=none] o.a.c.c.C.[Tomcat].[localhost].[/] - Initializing Spring DispatcherServlet 'dispatcherServlet'
2026-05-19 16:11:24.968 INFO  [auth-service] [traceId=none] o.s.web.servlet.DispatcherServlet - Initializing Servlet 'dispatcherServlet'
2026-05-19 16:11:25.075 INFO  [auth-service] [traceId=none] o.s.web.servlet.DispatcherServlet - Completed initialization in 106 ms
2026-05-19 16:11:25.928 INFO  [auth-service] [traceId=bb4ab6aa] c.meditrack.auth.aop.LoggingAspect - [CONTROLLER][bb4ab6aa] --> AuthController.login(..) | args: [com.meditrack.auth.dto.LoginRequest@2ecc16b1]
2026-05-19 16:11:25.929 INFO  [auth-service] [traceId=bb4ab6aa] c.meditrack.auth.aop.LoggingAspect - [SERVICE][bb4ab6aa] --> AuthService.login(..) | args: [aishwaryaprabhup@gmail.com, komala123]
2026-05-19 16:11:26.566 INFO  [auth-service] [traceId=bb4ab6aa] c.meditrack.auth.aop.LoggingAspect - [SERVICE][bb4ab6aa] <-- AuthService.login(..) | 637ms | result: com.meditrack.auth.dto.AuthResponse@718d853f
2026-05-19 16:11:26.568 INFO  [auth-service] [traceId=none] c.meditrack.auth.aop.LoggingAspect - [CONTROLLER][bb4ab6aa] <-- AuthController.login(..) | 640ms | result: <200 OK OK,com.meditrack.auth.dto.AuthResponse@718d853f,[]>
2026-05-19 16:12:17.915 INFO  [auth-service] [traceId=6884feb4] c.meditrack.auth.aop.LoggingAspect - [CONTROLLER][6884feb4] --> AuthController.getUserByEmail(..) | args: [aishwaryaprabhup@gmail.com]
2026-05-19 16:12:17.968 INFO  [auth-service] [traceId=6884feb4] c.meditrack.auth.aop.LoggingAspect - [CONTROLLER][6884feb4] <-- AuthController.getUserByEmail(..) | 53ms | result: <200 OK OK,com.meditrack.auth.dto.UserResponse@56d1deae,[]>
2026-05-19 16:16:17.255 INFO  [auth-service] [traceId=e45a8e16] c.meditrack.auth.aop.LoggingAspect - [CONTROLLER][e45a8e16] --> AuthController.login(..) | args: [com.meditrack.auth.dto.LoginRequest@67b8bae]
2026-05-19 16:16:17.282 INFO  [auth-service] [traceId=e45a8e16] c.meditrack.auth.aop.LoggingAspect - [SERVICE][e45a8e16] --> AuthService.login(..) | args: [murthy@meditrack.in, murthy123]
2026-05-19 16:16:17.806 INFO  [auth-service] [traceId=e45a8e16] c.meditrack.auth.aop.LoggingAspect - [SERVICE][e45a8e16] <-- AuthService.login(..) | 524ms | result: com.meditrack.auth.dto.AuthResponse@3d205461
2026-05-19 16:16:17.807 INFO  [auth-service] [traceId=none] c.meditrack.auth.aop.LoggingAspect - [CONTROLLER][e45a8e16] <-- AuthController.login(..) | 554ms | result: <200 OK OK,com.meditrack.auth.dto.AuthResponse@3d205461,[]>
2026-05-19 16:17:15.746 INFO  [auth-service] [traceId=91b6a93c] c.meditrack.auth.aop.LoggingAspect - [CONTROLLER][91b6a93c] --> AuthController.login(..) | args: [com.meditrack.auth.dto.LoginRequest@73736ed5]
2026-05-19 16:17:15.746 INFO  [auth-service] [traceId=91b6a93c] c.meditrack.auth.aop.LoggingAspect - [SERVICE][91b6a93c] --> AuthService.login(..) | args: [aishuprabhu2024@gmail.com, aishu123]
2026-05-19 16:17:15.858 INFO  [auth-service] [traceId=91b6a93c] c.meditrack.auth.aop.LoggingAspect - [SERVICE][91b6a93c] <-- AuthService.login(..) | 112ms | result: com.meditrack.auth.dto.AuthResponse@3d4ba86e
2026-05-19 16:17:15.858 INFO  [auth-service] [traceId=none] c.meditrack.auth.aop.LoggingAspect - [CONTROLLER][91b6a93c] <-- AuthController.login(..) | 112ms | result: <200 OK OK,com.meditrack.auth.dto.AuthResponse@3d4ba86e,[]>
2026-05-19 16:40:31.406 WARN  [auth-service] [traceId=none] com.zaxxer.hikari.pool.HikariPool - HikariPool-1 - Thread starvation or clock leap detected (housekeeper delta=12m14s131ms790µs900ns).
2026-05-19 16:42:03.100 WARN  [auth-service] [traceId=none] c.n.d.s.t.d.RetryableEurekaHttpClient - Request execution failed with message: I/O error on GET request for "http://localhost:8761/eureka/apps/delta": Connect to http://localhost:8761 failed: Connection refused: no further information
2026-05-19 16:42:03.100 WARN  [auth-service] [traceId=none] c.n.d.s.t.d.RetryableEurekaHttpClient - Request execution failed with message: I/O error on PUT request for "http://localhost:8761/eureka/apps/AUTH-SERVICE/DESKTOP-TE08QKM:auth-service:8081": Connect to http://localhost:8761 failed: Connection refused: no further information
2026-05-19 16:42:03.221 WARN  [auth-service] [traceId=none] c.n.d.s.t.d.RetryableEurekaHttpClient - Request execution failed with message: I/O error on GET request for "http://localhost:8761/eureka/apps/delta": Connect to http://localhost:8761 failed: Connection refused: no further information
2026-05-19 16:42:03.221 WARN  [auth-service] [traceId=none] c.n.d.s.t.d.RetryableEurekaHttpClient - Request execution failed with message: I/O error on PUT request for "http://localhost:8761/eureka/apps/AUTH-SERVICE/DESKTOP-TE08QKM:auth-service:8081": Connect to http://localhost:8761 failed: Connection refused: no further information
2026-05-19 16:42:03.222 ERROR [auth-service] [traceId=none] c.netflix.discovery.DiscoveryClient - DiscoveryClient_AUTH-SERVICE/DESKTOP-TE08QKM:auth-service:8081 - was unable to send heartbeat!
com.netflix.discovery.shared.transport.TransportException: Cannot execute request on any known server
	at com.netflix.discovery.shared.transport.decorator.RetryableEurekaHttpClient.execute(RetryableEurekaHttpClient.java:112)
	at com.netflix.discovery.shared.transport.decorator.EurekaHttpClientDecorator.sendHeartBeat(EurekaHttpClientDecorator.java:89)
	at com.netflix.discovery.shared.transport.decorator.EurekaHttpClientDecorator$3.execute(EurekaHttpClientDecorator.java:92)
	at com.netflix.discovery.shared.transport.decorator.SessionedEurekaHttpClient.execute(SessionedEurekaHttpClient.java:76)
	at com.netflix.discovery.shared.transport.decorator.EurekaHttpClientDecorator.sendHeartBeat(EurekaHttpClientDecorator.java:89)
	at com.netflix.discovery.DiscoveryClient.renew(DiscoveryClient.java:845)
	at com.netflix.discovery.DiscoveryClient$HeartbeatThread.run(DiscoveryClient.java:1403)
	at java.base/java.util.concurrent.Executors$RunnableAdapter.call(Executors.java:577)
	at java.base/java.util.concurrent.FutureTask.run(FutureTask.java:317)
	at java.base/java.util.concurrent.ThreadPoolExecutor.runWorker(ThreadPoolExecutor.java:1144)
	at java.base/java.util.concurrent.ThreadPoolExecutor$Worker.run(ThreadPoolExecutor.java:642)
	at java.base/java.lang.Thread.run(Thread.java:1623)
2026-05-19 16:42:29.429 INFO  [auth-service] [traceId=none] o.s.b.a.SpringApplicationAdminMXBeanRegistrar$SpringApplicationAdmin - Application shutdown requested.
2026-05-19 16:42:29.505 INFO  [auth-service] [traceId=none] o.s.c.n.e.s.EurekaServiceRegistry - Unregistering application AUTH-SERVICE with eureka with status DOWN
2026-05-19 16:42:29.543 WARN  [auth-service] [traceId=none] c.n.d.s.t.d.RetryableEurekaHttpClient - Request execution failed with message: I/O error on POST request for "http://localhost:8761/eureka/apps/AUTH-SERVICE": Connect to http://localhost:8761 failed: Connection refused: no further information
2026-05-19 16:42:29.544 WARN  [auth-service] [traceId=none] c.netflix.discovery.DiscoveryClient - DiscoveryClient_AUTH-SERVICE/DESKTOP-TE08QKM:auth-service:8081 - registration failed Cannot execute request on any known server
com.netflix.discovery.shared.transport.TransportException: Cannot execute request on any known server
	at com.netflix.discovery.shared.transport.decorator.RetryableEurekaHttpClient.execute(RetryableEurekaHttpClient.java:112)
	at com.netflix.discovery.shared.transport.decorator.EurekaHttpClientDecorator.register(EurekaHttpClientDecorator.java:56)
	at com.netflix.discovery.shared.transport.decorator.EurekaHttpClientDecorator$1.execute(EurekaHttpClientDecorator.java:59)
	at com.netflix.discovery.shared.transport.decorator.SessionedEurekaHttpClient.execute(SessionedEurekaHttpClient.java:76)
	at com.netflix.discovery.shared.transport.decorator.EurekaHttpClientDecorator.register(EurekaHttpClientDecorator.java:56)
	at com.netflix.discovery.DiscoveryClient.register(DiscoveryClient.java:828)
	at com.netflix.discovery.InstanceInfoReplicator.run(InstanceInfoReplicator.java:125)
	at com.netflix.discovery.InstanceInfoReplicator$2.run(InstanceInfoReplicator.java:105)
	at java.base/java.util.concurrent.Executors$RunnableAdapter.call(Executors.java:577)
	at java.base/java.util.concurrent.FutureTask.run(FutureTask.java:317)
	at java.base/java.util.concurrent.ScheduledThreadPoolExecutor$ScheduledFutureTask.run(ScheduledThreadPoolExecutor.java:304)
	at java.base/java.util.concurrent.ThreadPoolExecutor.runWorker(ThreadPoolExecutor.java:1144)
	at java.base/java.util.concurrent.ThreadPoolExecutor$Worker.run(ThreadPoolExecutor.java:642)
	at java.base/java.lang.Thread.run(Thread.java:1623)
2026-05-19 16:42:29.545 WARN  [auth-service] [traceId=none] c.n.discovery.InstanceInfoReplicator - There was a problem with the instance info replicator
com.netflix.discovery.shared.transport.TransportException: Cannot execute request on any known server
	at com.netflix.discovery.shared.transport.decorator.RetryableEurekaHttpClient.execute(RetryableEurekaHttpClient.java:112)
	at com.netflix.discovery.shared.transport.decorator.EurekaHttpClientDecorator.register(EurekaHttpClientDecorator.java:56)
	at com.netflix.discovery.shared.transport.decorator.EurekaHttpClientDecorator$1.execute(EurekaHttpClientDecorator.java:59)
	at com.netflix.discovery.shared.transport.decorator.SessionedEurekaHttpClient.execute(SessionedEurekaHttpClient.java:76)
	at com.netflix.discovery.shared.transport.decorator.EurekaHttpClientDecorator.register(EurekaHttpClientDecorator.java:56)
	at com.netflix.discovery.DiscoveryClient.register(DiscoveryClient.java:828)
	at com.netflix.discovery.InstanceInfoReplicator.run(InstanceInfoReplicator.java:125)
	at com.netflix.discovery.InstanceInfoReplicator$2.run(InstanceInfoReplicator.java:105)
	at java.base/java.util.concurrent.Executors$RunnableAdapter.call(Executors.java:577)
	at java.base/java.util.concurrent.FutureTask.run(FutureTask.java:317)
	at java.base/java.util.concurrent.ScheduledThreadPoolExecutor$ScheduledFutureTask.run(ScheduledThreadPoolExecutor.java:304)
	at java.base/java.util.concurrent.ThreadPoolExecutor.runWorker(ThreadPoolExecutor.java:1144)
	at java.base/java.util.concurrent.ThreadPoolExecutor$Worker.run(ThreadPoolExecutor.java:642)
	at java.base/java.lang.Thread.run(Thread.java:1623)
2026-05-19 16:42:29.622 INFO  [auth-service] [traceId=none] o.s.b.w.e.tomcat.GracefulShutdown - Commencing graceful shutdown. Waiting for active requests to complete
2026-05-19 16:42:29.644 INFO  [auth-service] [traceId=none] o.a.coyote.http11.Http11NioProtocol - Pausing ProtocolHandler ["http-nio-8081"]
2026-05-19 16:42:29.695 INFO  [auth-service] [traceId=none] o.s.b.w.e.tomcat.GracefulShutdown - Graceful shutdown complete
2026-05-19 16:42:29.700 INFO  [auth-service] [traceId=none] o.a.coyote.http11.Http11NioProtocol - Stopping ProtocolHandler ["http-nio-8081"]
2026-05-19 16:42:29.752 INFO  [auth-service] [traceId=none] o.s.o.j.LocalContainerEntityManagerFactoryBean - Closing JPA EntityManagerFactory for persistence unit 'default'
2026-05-19 16:42:29.804 INFO  [auth-service] [traceId=none] com.zaxxer.hikari.HikariDataSource - HikariPool-1 - Shutdown initiated...
2026-05-19 16:42:29.818 INFO  [auth-service] [traceId=none] com.zaxxer.hikari.HikariDataSource - HikariPool-1 - Shutdown completed.
2026-05-19 16:42:32.902 WARN  [auth-service] [traceId=none] c.n.d.s.t.d.RetryableEurekaHttpClient - Request execution failed with message: I/O error on DELETE request for "http://localhost:8761/eureka/apps/AUTH-SERVICE/DESKTOP-TE08QKM:auth-service:8081": Connect to http://localhost:8761 failed: Connection refused: no further information
2026-05-19 16:42:32.902 ERROR [auth-service] [traceId=none] c.netflix.discovery.DiscoveryClient - DiscoveryClient_AUTH-SERVICE/DESKTOP-TE08QKM:auth-service:8081 - de-registration failedCannot execute request on any known server
com.netflix.discovery.shared.transport.TransportException: Cannot execute request on any known server
	at com.netflix.discovery.shared.transport.decorator.RetryableEurekaHttpClient.execute(RetryableEurekaHttpClient.java:112)
	at com.netflix.discovery.shared.transport.decorator.EurekaHttpClientDecorator.cancel(EurekaHttpClientDecorator.java:71)
	at com.netflix.discovery.shared.transport.decorator.EurekaHttpClientDecorator$2.execute(EurekaHttpClientDecorator.java:74)
	at com.netflix.discovery.shared.transport.decorator.SessionedEurekaHttpClient.execute(SessionedEurekaHttpClient.java:76)
	at com.netflix.discovery.shared.transport.decorator.EurekaHttpClientDecorator.cancel(EurekaHttpClientDecorator.java:71)
	at com.netflix.discovery.DiscoveryClient.unregister(DiscoveryClient.java:919)
	at com.netflix.discovery.DiscoveryClient.shutdown(DiscoveryClient.java:900)
	at java.base/jdk.internal.reflect.DirectMethodHandleAccessor.invoke(DirectMethodHandleAccessor.java:104)
	at java.base/java.lang.reflect.Method.invoke(Method.java:578)
	at org.springframework.beans.factory.annotation.InitDestroyAnnotationBeanPostProcessor$LifecycleMethod.invoke(InitDestroyAnnotationBeanPostProcessor.java:457)
	at org.springframework.beans.factory.annotation.InitDestroyAnnotationBeanPostProcessor$LifecycleMetadata.invokeDestroyMethods(InitDestroyAnnotationBeanPostProcessor.java:415)
	at org.springframework.beans.factory.annotation.InitDestroyAnnotationBeanPostProcessor.postProcessBeforeDestruction(InitDestroyAnnotationBeanPostProcessor.java:239)
	at org.springframework.beans.factory.support.DisposableBeanAdapter.destroy(DisposableBeanAdapter.java:203)
	at org.springframework.beans.factory.support.DisposableBeanAdapter.run(DisposableBeanAdapter.java:196)
	at org.springframework.cloud.context.scope.GenericScope$BeanLifecycleWrapper.destroy(GenericScope.java:387)
	at org.springframework.cloud.context.scope.GenericScope.destroy(GenericScope.java:134)
	at org.springframework.beans.factory.support.DisposableBeanAdapter.destroy(DisposableBeanAdapter.java:212)
	at org.springframework.beans.factory.support.DefaultSingletonBeanRegistry.destroyBean(DefaultSingletonBeanRegistry.java:798)
	at org.springframework.beans.factory.support.DefaultSingletonBeanRegistry.destroySingleton(DefaultSingletonBeanRegistry.java:748)
	at org.springframework.beans.factory.support.DefaultListableBeanFactory.destroySingleton(DefaultListableBeanFactory.java:1499)
	at org.springframework.beans.factory.support.DefaultSingletonBeanRegistry.destroySingletons(DefaultSingletonBeanRegistry.java:707)
	at org.springframework.beans.factory.support.DefaultListableBeanFactory.destroySingletons(DefaultListableBeanFactory.java:1492)
	at org.springframework.context.support.AbstractApplicationContext.destroyBeans(AbstractApplicationContext.java:1243)
	at org.springframework.context.support.AbstractApplicationContext.doClose(AbstractApplicationContext.java:1204)
	at org.springframework.boot.web.servlet.context.ServletWebServerApplicationContext.doClose(ServletWebServerApplicationContext.java:179)
	at org.springframework.context.support.AbstractApplicationContext.close(AbstractApplicationContext.java:1150)
	at org.springframework.boot.admin.SpringApplicationAdminMXBeanRegistrar$SpringApplicationAdmin.shutdown(SpringApplicationAdminMXBeanRegistrar.java:160)
	at java.base/jdk.internal.reflect.DirectMethodHandleAccessor.invoke(DirectMethodHandleAccessor.java:104)
	at java.base/java.lang.reflect.Method.invoke(Method.java:578)
	at sun.reflect.misc.Trampoline.invoke(MethodUtil.java:64)
	at java.base/jdk.internal.reflect.DirectMethodHandleAccessor.invoke(DirectMethodHandleAccessor.java:104)
	at java.base/java.lang.reflect.Method.invoke(Method.java:578)
	at java.base/sun.reflect.misc.MethodUtil.invoke(MethodUtil.java:97)
	at java.management/com.sun.jmx.mbeanserver.ConvertingMethod.invokeWithOpenReturn(ConvertingMethod.java:193)
	at java.management/com.sun.jmx.mbeanserver.ConvertingMethod.invokeWithOpenReturn(ConvertingMethod.java:175)
	at java.management/com.sun.jmx.mbeanserver.MXBeanIntrospector.invokeM2(MXBeanIntrospector.java:115)
	at java.management/com.sun.jmx.mbeanserver.MXBeanIntrospector.invokeM2(MXBeanIntrospector.java:52)
	at java.management/com.sun.jmx.mbeanserver.MBeanIntrospector.invokeM(MBeanIntrospector.java:236)
	at java.management/com.sun.jmx.mbeanserver.PerInterface.invoke(PerInterface.java:138)
	at java.management/com.sun.jmx.mbeanserver.MBeanSupport.invoke(MBeanSupport.java:252)
	at java.management/com.sun.jmx.interceptor.DefaultMBeanServerInterceptor.invoke(DefaultMBeanServerInterceptor.java:803)
	at java.management/com.sun.jmx.mbeanserver.JmxMBeanServer.invoke(JmxMBeanServer.java:802)
	at java.management.rmi/javax.management.remote.rmi.RMIConnectionImpl.doOperation(RMIConnectionImpl.java:1472)
	at java.management.rmi/javax.management.remote.rmi.RMIConnectionImpl$PrivilegedOperation.run(RMIConnectionImpl.java:1310)
	at java.management.rmi/javax.management.remote.rmi.RMIConnectionImpl.doPrivilegedOperation(RMIConnectionImpl.java:1405)
	at java.management.rmi/javax.management.remote.rmi.RMIConnectionImpl.invoke(RMIConnectionImpl.java:829)
	at java.base/jdk.internal.reflect.DirectMethodHandleAccessor.invoke(DirectMethodHandleAccessor.java:104)
	at java.base/java.lang.reflect.Method.invoke(Method.java:578)
	at java.rmi/sun.rmi.server.UnicastServerRef.dispatch(UnicastServerRef.java:360)
	at java.rmi/sun.rmi.transport.Transport$1.run(Transport.java:200)
	at java.rmi/sun.rmi.transport.Transport$1.run(Transport.java:197)
	at java.base/java.security.AccessController.doPrivileged(AccessController.java:714)
	at java.rmi/sun.rmi.transport.Transport.serviceCall(Transport.java:196)
	at java.rmi/sun.rmi.transport.tcp.TCPTransport.handleMessages(TCPTransport.java:598)
	at java.rmi/sun.rmi.transport.tcp.TCPTransport$ConnectionHandler.run0(TCPTransport.java:844)
	at java.rmi/sun.rmi.transport.tcp.TCPTransport$ConnectionHandler.lambda$run$0(TCPTransport.java:721)
	at java.base/java.security.AccessController.doPrivileged(AccessController.java:400)
	at java.rmi/sun.rmi.transport.tcp.TCPTransport$ConnectionHandler.run(TCPTransport.java:720)
	at java.base/java.util.concurrent.ThreadPoolExecutor.runWorker(ThreadPoolExecutor.java:1144)
	at java.base/java.util.concurrent.ThreadPoolExecutor$Worker.run(ThreadPoolExecutor.java:642)
	at java.base/java.lang.Thread.run(Thread.java:1623)
