2026-05-19 14:50:04.297 INFO  [api-gateway] [traceId=none] o.h.validator.internal.util.Version - HV000001: Hibernate Validator 8.0.3.Final
2026-05-19 14:50:04.500 INFO  [api-gateway] [traceId=none] c.m.apigateway.ApiGatewayApplication - Starting ApiGatewayApplication using Java 20.0.2 with PID 36704 (C:\Users\Aishu\C_MediTrack\MediTrack\api_gateway\target\classes started by Aishu in C:\Users\Aishu\C_MediTrack\MediTrack\api_gateway)
2026-05-19 14:50:04.501 INFO  [api-gateway] [traceId=none] c.m.apigateway.ApiGatewayApplication - No active profile set, falling back to 1 default profile: "default"
2026-05-19 14:50:06.570 INFO  [api-gateway] [traceId=none] o.s.cloud.context.scope.GenericScope - BeanFactory id=0a685e7a-ee54-35f4-8f22-27fef5837b74
2026-05-19 14:50:08.142 INFO  [api-gateway] [traceId=none] c.m.apigateway.aop.LoggingAspect - [GATEWAY] --> CorsConfig.corsWebFilter()
2026-05-19 14:50:08.156 INFO  [api-gateway] [traceId=none] c.m.apigateway.aop.LoggingAspect - [GATEWAY] <-- CorsConfig.corsWebFilter() | 14ms
2026-05-19 14:50:09.811 INFO  [api-gateway] [traceId=none] o.s.c.g.r.RouteDefinitionRouteLocator - Loaded RoutePredicateFactory [After]
2026-05-19 14:50:09.812 INFO  [api-gateway] [traceId=none] o.s.c.g.r.RouteDefinitionRouteLocator - Loaded RoutePredicateFactory [Before]
2026-05-19 14:50:09.812 INFO  [api-gateway] [traceId=none] o.s.c.g.r.RouteDefinitionRouteLocator - Loaded RoutePredicateFactory [Between]
2026-05-19 14:50:09.812 INFO  [api-gateway] [traceId=none] o.s.c.g.r.RouteDefinitionRouteLocator - Loaded RoutePredicateFactory [Cookie]
2026-05-19 14:50:09.812 INFO  [api-gateway] [traceId=none] o.s.c.g.r.RouteDefinitionRouteLocator - Loaded RoutePredicateFactory [Header]
2026-05-19 14:50:09.812 INFO  [api-gateway] [traceId=none] o.s.c.g.r.RouteDefinitionRouteLocator - Loaded RoutePredicateFactory [Host]
2026-05-19 14:50:09.812 INFO  [api-gateway] [traceId=none] o.s.c.g.r.RouteDefinitionRouteLocator - Loaded RoutePredicateFactory [Method]
2026-05-19 14:50:09.812 INFO  [api-gateway] [traceId=none] o.s.c.g.r.RouteDefinitionRouteLocator - Loaded RoutePredicateFactory [Path]
2026-05-19 14:50:09.812 INFO  [api-gateway] [traceId=none] o.s.c.g.r.RouteDefinitionRouteLocator - Loaded RoutePredicateFactory [Query]
2026-05-19 14:50:09.812 INFO  [api-gateway] [traceId=none] o.s.c.g.r.RouteDefinitionRouteLocator - Loaded RoutePredicateFactory [ReadBody]
2026-05-19 14:50:09.812 INFO  [api-gateway] [traceId=none] o.s.c.g.r.RouteDefinitionRouteLocator - Loaded RoutePredicateFactory [RemoteAddr]
2026-05-19 14:50:09.812 INFO  [api-gateway] [traceId=none] o.s.c.g.r.RouteDefinitionRouteLocator - Loaded RoutePredicateFactory [XForwardedRemoteAddr]
2026-05-19 14:50:09.812 INFO  [api-gateway] [traceId=none] o.s.c.g.r.RouteDefinitionRouteLocator - Loaded RoutePredicateFactory [Weight]
2026-05-19 14:50:09.812 INFO  [api-gateway] [traceId=none] o.s.c.g.r.RouteDefinitionRouteLocator - Loaded RoutePredicateFactory [CloudFoundryRouteService]
2026-05-19 14:50:10.911 INFO  [api-gateway] [traceId=none] o.s.c.n.e.c.DiscoveryClientOptionalArgsConfiguration - Eureka HTTP Client uses RestTemplate.
2026-05-19 14:50:11.419 WARN  [api-gateway] [traceId=none] o.s.c.l.c.LoadBalancerCacheAutoConfiguration$LoadBalancerCaffeineWarnLogger - Spring Cloud LoadBalancer is currently working with the default cache. While this cache implementation is useful for development and tests, it's recommended to use Caffeine cache in production.You can switch to using Caffeine cache, by adding it and org.springframework.cache.caffeine.CaffeineCacheManager to the classpath.
2026-05-19 14:50:11.521 INFO  [api-gateway] [traceId=none] o.s.c.n.eureka.InstanceInfoFactory - Setting initial instance status as: STARTING
2026-05-19 14:50:12.249 INFO  [api-gateway] [traceId=none] o.s.c.n.e.s.EurekaServiceRegistry - Registering application API-GATEWAY with eureka with status UP
2026-05-19 14:50:12.887 INFO  [api-gateway] [traceId=none] o.s.b.w.e.netty.NettyWebServer - Netty started on port 8080 (http)
2026-05-19 14:50:12.891 INFO  [api-gateway] [traceId=none] o.s.c.n.e.s.EurekaAutoServiceRegistration - Updating port to 8080
2026-05-19 14:50:13.415 INFO  [api-gateway] [traceId=none] c.m.apigateway.ApiGatewayApplication - Started ApiGatewayApplication in 10.542 seconds (process running for 12.827)
2026-05-19 15:47:07.044 WARN  [api-gateway] [traceId=none] c.n.d.s.t.d.RetryableEurekaHttpClient - Request execution failed with message: I/O error on PUT request for "http://localhost:8761/eureka/apps/API-GATEWAY/DESKTOP-TE08QKM:api-gateway:8080": Connect to http://localhost:8761 failed: Connection refused: no further information
2026-05-19 15:47:08.739 WARN  [api-gateway] [traceId=none] c.n.d.s.t.d.RetryableEurekaHttpClient - Request execution failed with message: I/O error on PUT request for "http://localhost:8761/eureka/apps/API-GATEWAY/DESKTOP-TE08QKM:api-gateway:8080": Connect to http://localhost:8761 failed: Connection refused: no further information
2026-05-19 15:47:08.744 ERROR [api-gateway] [traceId=none] c.netflix.discovery.DiscoveryClient - DiscoveryClient_API-GATEWAY/DESKTOP-TE08QKM:api-gateway:8080 - was unable to send heartbeat!
com.netflix.discovery.shared.transport.TransportException: Cannot execute request on any known server
	at com.netflix.discovery.shared.transport.decorator.RetryableEurekaHttpClient.execute(RetryableEurekaHttpClient.java:112)
	at com.netflix.discovery.shared.transport.decorator.EurekaHttpClientDecorator.sendHeartBeat(EurekaHttpClientDecorator.java:89)
	at com.netflix.discovery.shared.transport.decorator.EurekaHttpClientDecorator$3.execute(EurekaHttpClientDecorator.java:92)
	at com.netflix.discovery.shared.transport.decorator.SessionedEurekaHttpClient.execute(SessionedEurekaHttpClient.java:76)
	at com.netflix.discovery.shared.transport.decorator.EurekaHttpClientDecorator.sendHeartBeat(EurekaHttpClientDecorator.java:89)
	at com.netflix.discovery.DiscoveryClient.renew(DiscoveryClient.java:845)
	at com.netflix.discovery.DiscoveryClient$HeartbeatThread.run(DiscoveryClient.java:1403)
	at java.base/java.util.concurrent.Executors$RunnableAdapter.call(Executors.java:577)
	at java.base/java.util.concurrent.FutureTask.run(FutureTask.java:317)
	at java.base/java.util.concurrent.ThreadPoolExecutor.runWorker(ThreadPoolExecutor.java:1144)
	at java.base/java.util.concurrent.ThreadPoolExecutor$Worker.run(ThreadPoolExecutor.java:642)
	at java.base/java.lang.Thread.run(Thread.java:1623)
2026-05-19 15:47:23.790 WARN  [api-gateway] [traceId=none] c.n.d.s.t.d.RetryableEurekaHttpClient - Request execution failed with message: I/O error on GET request for "http://localhost:8761/eureka/apps/delta": Connect to http://localhost:8761 failed: Connection refused: no further information
2026-05-19 15:47:23.870 WARN  [api-gateway] [traceId=none] c.n.d.s.t.d.RetryableEurekaHttpClient - Request execution failed with message: I/O error on GET request for "http://localhost:8761/eureka/apps/delta": Connect to http://localhost:8761 failed: Connection refused: no further information
2026-05-19 15:47:25.818 INFO  [api-gateway] [traceId=none] o.s.b.a.SpringApplicationAdminMXBeanRegistrar$SpringApplicationAdmin - Application shutdown requested.
2026-05-19 15:47:25.866 INFO  [api-gateway] [traceId=none] o.s.c.n.e.s.EurekaServiceRegistry - Unregistering application API-GATEWAY with eureka with status DOWN
2026-05-19 15:47:25.890 INFO  [api-gateway] [traceId=none] o.s.b.a.SpringApplicationAdminMXBeanRegistrar$SpringApplicationAdmin - Application shutdown requested.
2026-05-19 15:47:25.928 INFO  [api-gateway] [traceId=none] o.s.b.w.e.netty.GracefulShutdown - Commencing graceful shutdown. Waiting for active requests to complete
2026-05-19 15:47:25.928 WARN  [api-gateway] [traceId=none] c.n.d.s.t.d.RetryableEurekaHttpClient - Request execution failed with message: I/O error on POST request for "http://localhost:8761/eureka/apps/API-GATEWAY": Connect to http://localhost:8761 failed: Connection refused: no further information
2026-05-19 15:47:25.929 WARN  [api-gateway] [traceId=none] c.netflix.discovery.DiscoveryClient - DiscoveryClient_API-GATEWAY/DESKTOP-TE08QKM:api-gateway:8080 - registration failed Cannot execute request on any known server
com.netflix.discovery.shared.transport.TransportException: Cannot execute request on any known server
	at com.netflix.discovery.shared.transport.decorator.RetryableEurekaHttpClient.execute(RetryableEurekaHttpClient.java:112)
	at com.netflix.discovery.shared.transport.decorator.EurekaHttpClientDecorator.register(EurekaHttpClientDecorator.java:56)
	at com.netflix.discovery.shared.transport.decorator.EurekaHttpClientDecorator$1.execute(EurekaHttpClientDecorator.java:59)
	at com.netflix.discovery.shared.transport.decorator.SessionedEurekaHttpClient.execute(SessionedEurekaHttpClient.java:76)
	at com.netflix.discovery.shared.transport.decorator.EurekaHttpClientDecorator.register(EurekaHttpClientDecorator.java:56)
	at com.netflix.discovery.DiscoveryClient.register(DiscoveryClient.java:828)
	at com.netflix.discovery.InstanceInfoReplicator.run(InstanceInfoReplicator.java:125)
	at com.netflix.discovery.InstanceInfoReplicator$2.run(InstanceInfoReplicator.java:105)
	at java.base/java.util.concurrent.Executors$RunnableAdapter.call(Executors.java:577)
	at java.base/java.util.concurrent.FutureTask.run(FutureTask.java:317)
	at java.base/java.util.concurrent.ScheduledThreadPoolExecutor$ScheduledFutureTask.run(ScheduledThreadPoolExecutor.java:304)
	at java.base/java.util.concurrent.ThreadPoolExecutor.runWorker(ThreadPoolExecutor.java:1144)
	at java.base/java.util.concurrent.ThreadPoolExecutor$Worker.run(ThreadPoolExecutor.java:642)
	at java.base/java.lang.Thread.run(Thread.java:1623)
2026-05-19 15:47:25.930 WARN  [api-gateway] [traceId=none] c.n.discovery.InstanceInfoReplicator - There was a problem with the instance info replicator
com.netflix.discovery.shared.transport.TransportException: Cannot execute request on any known server
	at com.netflix.discovery.shared.transport.decorator.RetryableEurekaHttpClient.execute(RetryableEurekaHttpClient.java:112)
	at com.netflix.discovery.shared.transport.decorator.EurekaHttpClientDecorator.register(EurekaHttpClientDecorator.java:56)
	at com.netflix.discovery.shared.transport.decorator.EurekaHttpClientDecorator$1.execute(EurekaHttpClientDecorator.java:59)
	at com.netflix.discovery.shared.transport.decorator.SessionedEurekaHttpClient.execute(SessionedEurekaHttpClient.java:76)
	at com.netflix.discovery.shared.transport.decorator.EurekaHttpClientDecorator.register(EurekaHttpClientDecorator.java:56)
	at com.netflix.discovery.DiscoveryClient.register(DiscoveryClient.java:828)
	at com.netflix.discovery.InstanceInfoReplicator.run(InstanceInfoReplicator.java:125)
	at com.netflix.discovery.InstanceInfoReplicator$2.run(InstanceInfoReplicator.java:105)
	at java.base/java.util.concurrent.Executors$RunnableAdapter.call(Executors.java:577)
	at java.base/java.util.concurrent.FutureTask.run(FutureTask.java:317)
	at java.base/java.util.concurrent.ScheduledThreadPoolExecutor$ScheduledFutureTask.run(ScheduledThreadPoolExecutor.java:304)
	at java.base/java.util.concurrent.ThreadPoolExecutor.runWorker(ThreadPoolExecutor.java:1144)
	at java.base/java.util.concurrent.ThreadPoolExecutor$Worker.run(ThreadPoolExecutor.java:642)
	at java.base/java.lang.Thread.run(Thread.java:1623)
2026-05-19 15:47:25.957 INFO  [api-gateway] [traceId=none] o.s.b.w.e.netty.GracefulShutdown - Graceful shutdown complete
2026-05-19 15:47:26.046 INFO  [api-gateway] [traceId=none] o.s.b.a.SpringApplicationAdminMXBeanRegistrar$SpringApplicationAdmin - Application shutdown requested.
2026-05-19 15:47:26.204 INFO  [api-gateway] [traceId=none] o.s.b.a.SpringApplicationAdminMXBeanRegistrar$SpringApplicationAdmin - Application shutdown requested.
2026-05-19 15:47:26.363 INFO  [api-gateway] [traceId=none] o.s.b.a.SpringApplicationAdminMXBeanRegistrar$SpringApplicationAdmin - Application shutdown requested.
2026-05-19 15:47:26.528 INFO  [api-gateway] [traceId=none] o.s.b.a.SpringApplicationAdminMXBeanRegistrar$SpringApplicationAdmin - Application shutdown requested.
2026-05-19 15:47:26.712 INFO  [api-gateway] [traceId=none] o.s.b.a.SpringApplicationAdminMXBeanRegistrar$SpringApplicationAdmin - Application shutdown requested.
2026-05-19 15:47:26.927 INFO  [api-gateway] [traceId=none] o.s.b.a.SpringApplicationAdminMXBeanRegistrar$SpringApplicationAdmin - Application shutdown requested.
2026-05-19 15:47:27.178 INFO  [api-gateway] [traceId=none] o.s.b.a.SpringApplicationAdminMXBeanRegistrar$SpringApplicationAdmin - Application shutdown requested.
2026-05-19 15:47:27.372 INFO  [api-gateway] [traceId=none] o.s.b.a.SpringApplicationAdminMXBeanRegistrar$SpringApplicationAdmin - Application shutdown requested.
2026-05-19 15:47:27.541 INFO  [api-gateway] [traceId=none] o.s.b.a.SpringApplicationAdminMXBeanRegistrar$SpringApplicationAdmin - Application shutdown requested.
2026-05-19 15:47:27.723 INFO  [api-gateway] [traceId=none] o.s.b.a.SpringApplicationAdminMXBeanRegistrar$SpringApplicationAdmin - Application shutdown requested.
2026-05-19 15:47:27.964 INFO  [api-gateway] [traceId=none] o.s.b.a.SpringApplicationAdminMXBeanRegistrar$SpringApplicationAdmin - Application shutdown requested.
2026-05-19 15:51:00.404 INFO  [api-gateway] [traceId=none] o.h.validator.internal.util.Version - HV000001: Hibernate Validator 8.0.3.Final
2026-05-19 15:51:00.465 INFO  [api-gateway] [traceId=none] c.m.apigateway.ApiGatewayApplication - Starting ApiGatewayApplication using Java 20.0.2 with PID 13832 (C:\Users\Aishu\C_MediTrack\MediTrack\api_gateway\target\classes started by Aishu in C:\Users\Aishu\C_MediTrack\MediTrack\api_gateway)
2026-05-19 15:51:00.466 INFO  [api-gateway] [traceId=none] c.m.apigateway.ApiGatewayApplication - No active profile set, falling back to 1 default profile: "default"
2026-05-19 15:51:01.967 INFO  [api-gateway] [traceId=none] o.s.cloud.context.scope.GenericScope - BeanFactory id=0a685e7a-ee54-35f4-8f22-27fef5837b74
2026-05-19 15:51:02.558 INFO  [api-gateway] [traceId=none] c.m.apigateway.aop.LoggingAspect - [GATEWAY] --> CorsConfig.corsWebFilter()
2026-05-19 15:51:02.566 INFO  [api-gateway] [traceId=none] c.m.apigateway.aop.LoggingAspect - [GATEWAY] <-- CorsConfig.corsWebFilter() | 8ms
2026-05-19 15:51:03.541 INFO  [api-gateway] [traceId=none] o.s.c.g.r.RouteDefinitionRouteLocator - Loaded RoutePredicateFactory [After]
2026-05-19 15:51:03.541 INFO  [api-gateway] [traceId=none] o.s.c.g.r.RouteDefinitionRouteLocator - Loaded RoutePredicateFactory [Before]
2026-05-19 15:51:03.541 INFO  [api-gateway] [traceId=none] o.s.c.g.r.RouteDefinitionRouteLocator - Loaded RoutePredicateFactory [Between]
2026-05-19 15:51:03.541 INFO  [api-gateway] [traceId=none] o.s.c.g.r.RouteDefinitionRouteLocator - Loaded RoutePredicateFactory [Cookie]
2026-05-19 15:51:03.541 INFO  [api-gateway] [traceId=none] o.s.c.g.r.RouteDefinitionRouteLocator - Loaded RoutePredicateFactory [Header]
2026-05-19 15:51:03.541 INFO  [api-gateway] [traceId=none] o.s.c.g.r.RouteDefinitionRouteLocator - Loaded RoutePredicateFactory [Host]
2026-05-19 15:51:03.541 INFO  [api-gateway] [traceId=none] o.s.c.g.r.RouteDefinitionRouteLocator - Loaded RoutePredicateFactory [Method]
2026-05-19 15:51:03.541 INFO  [api-gateway] [traceId=none] o.s.c.g.r.RouteDefinitionRouteLocator - Loaded RoutePredicateFactory [Path]
2026-05-19 15:51:03.541 INFO  [api-gateway] [traceId=none] o.s.c.g.r.RouteDefinitionRouteLocator - Loaded RoutePredicateFactory [Query]
2026-05-19 15:51:03.541 INFO  [api-gateway] [traceId=none] o.s.c.g.r.RouteDefinitionRouteLocator - Loaded RoutePredicateFactory [ReadBody]
2026-05-19 15:51:03.541 INFO  [api-gateway] [traceId=none] o.s.c.g.r.RouteDefinitionRouteLocator - Loaded RoutePredicateFactory [RemoteAddr]
2026-05-19 15:51:03.541 INFO  [api-gateway] [traceId=none] o.s.c.g.r.RouteDefinitionRouteLocator - Loaded RoutePredicateFactory [XForwardedRemoteAddr]
2026-05-19 15:51:03.541 INFO  [api-gateway] [traceId=none] o.s.c.g.r.RouteDefinitionRouteLocator - Loaded RoutePredicateFactory [Weight]
2026-05-19 15:51:03.542 INFO  [api-gateway] [traceId=none] o.s.c.g.r.RouteDefinitionRouteLocator - Loaded RoutePredicateFactory [CloudFoundryRouteService]
2026-05-19 15:51:04.404 INFO  [api-gateway] [traceId=none] o.s.c.n.e.c.DiscoveryClientOptionalArgsConfiguration - Eureka HTTP Client uses RestTemplate.
2026-05-19 15:51:04.699 WARN  [api-gateway] [traceId=none] o.s.c.l.c.LoadBalancerCacheAutoConfiguration$LoadBalancerCaffeineWarnLogger - Spring Cloud LoadBalancer is currently working with the default cache. While this cache implementation is useful for development and tests, it's recommended to use Caffeine cache in production.You can switch to using Caffeine cache, by adding it and org.springframework.cache.caffeine.CaffeineCacheManager to the classpath.
2026-05-19 15:51:04.793 INFO  [api-gateway] [traceId=none] o.s.c.n.eureka.InstanceInfoFactory - Setting initial instance status as: STARTING
2026-05-19 15:51:05.346 INFO  [api-gateway] [traceId=none] o.s.c.n.e.s.EurekaServiceRegistry - Registering application API-GATEWAY with eureka with status UP
2026-05-19 15:51:06.325 INFO  [api-gateway] [traceId=none] o.s.b.w.e.netty.NettyWebServer - Netty started on port 8080 (http)
2026-05-19 15:51:06.326 INFO  [api-gateway] [traceId=none] o.s.c.n.e.s.EurekaAutoServiceRegistration - Updating port to 8080
2026-05-19 15:51:06.623 INFO  [api-gateway] [traceId=none] c.m.apigateway.ApiGatewayApplication - Started ApiGatewayApplication in 7.104 seconds (process running for 8.523)
2026-05-19 16:05:57.697 WARN  [api-gateway] [traceId=none] r.n.http.client.HttpClientConnect - [3db270aa-16, L:/127.0.0.1:10157 ! R:localhost/127.0.0.1:8082] The connection observed an error
reactor.netty.http.client.PrematureCloseException: Connection prematurely closed BEFORE response
2026-05-19 16:05:58.395 ERROR [api-gateway] [traceId=none] o.s.b.a.w.r.e.AbstractErrorWebExceptionHandler - [657b667f-269]  500 Server Error for HTTP GET "/patients/email/aishwaryaprabhup@gmail.com"
reactor.netty.http.client.PrematureCloseException: Connection prematurely closed BEFORE response
	Suppressed: The stacktrace has been enhanced by Reactor, refer to additional information below: 
Error has been observed at the following site(s):
	*__checkpoint ⇢ org.springframework.web.cors.reactive.CorsWebFilter [DefaultWebFilterChain]
	*__checkpoint ⇢ org.springframework.cloud.gateway.filter.WeightCalculatorWebFilter [DefaultWebFilterChain]
	*__checkpoint ⇢ HTTP GET "/patients/email/aishwaryaprabhup@gmail.com" [ExceptionHandlingWebHandler]
Original Stack Trace:
2026-05-19 16:07:12.803 WARN  [api-gateway] [traceId=none] c.n.d.s.t.d.RetryableEurekaHttpClient - Request execution failed with message: I/O error on GET request for "http://localhost:8761/eureka/apps/delta": Connect to http://localhost:8761 failed: Connection refused: no further information
2026-05-19 16:07:13.122 WARN  [api-gateway] [traceId=none] c.n.d.s.t.d.RetryableEurekaHttpClient - Request execution failed with message: I/O error on GET request for "http://localhost:8761/eureka/apps/delta": Connect to http://localhost:8761 failed: Connection refused: no further information
2026-05-19 16:07:14.046 ERROR [api-gateway] [traceId=none] o.s.b.a.w.r.e.AbstractErrorWebExceptionHandler - [74736935-311]  500 Server Error for HTTP GET "/notifications/patient/2"
io.netty.channel.AbstractChannel$AnnotatedConnectException: Connection refused: no further information: localhost/127.0.0.1:8087
	Suppressed: The stacktrace has been enhanced by Reactor, refer to additional information below: 
Error has been observed at the following site(s):
	*__checkpoint ⇢ org.springframework.web.cors.reactive.CorsWebFilter [DefaultWebFilterChain]
	*__checkpoint ⇢ org.springframework.cloud.gateway.filter.WeightCalculatorWebFilter [DefaultWebFilterChain]
	*__checkpoint ⇢ HTTP GET "/notifications/patient/2" [ExceptionHandlingWebHandler]
Original Stack Trace:
Caused by: java.net.ConnectException: Connection refused: no further information
	at java.base/sun.nio.ch.Net.pollConnect(Native Method)
	at java.base/sun.nio.ch.Net.pollConnectNow(Net.java:673)
	at java.base/sun.nio.ch.SocketChannelImpl.finishConnect(SocketChannelImpl.java:973)
	at io.netty.channel.socket.nio.NioSocketChannel.doFinishConnect(NioSocketChannel.java:336)
	at io.netty.channel.nio.AbstractNioChannel$AbstractNioUnsafe.finishConnect(AbstractNioChannel.java:339)
	at io.netty.channel.nio.NioEventLoop.processSelectedKey(NioEventLoop.java:784)
	at io.netty.channel.nio.NioEventLoop.processSelectedKeysOptimized(NioEventLoop.java:732)
	at io.netty.channel.nio.NioEventLoop.processSelectedKeys(NioEventLoop.java:658)
	at io.netty.channel.nio.NioEventLoop.run(NioEventLoop.java:562)
	at io.netty.util.concurrent.SingleThreadEventExecutor$4.run(SingleThreadEventExecutor.java:998)
	at io.netty.util.internal.ThreadExecutorMap$2.run(ThreadExecutorMap.java:74)
	at io.netty.util.concurrent.FastThreadLocalRunnable.run(FastThreadLocalRunnable.java:30)
	at java.base/java.lang.Thread.run(Thread.java:1623)
2026-05-19 16:07:14.894 INFO  [api-gateway] [traceId=none] o.s.b.a.SpringApplicationAdminMXBeanRegistrar$SpringApplicationAdmin - Application shutdown requested.
2026-05-19 16:07:14.894 INFO  [api-gateway] [traceId=none] o.s.b.a.SpringApplicationAdminMXBeanRegistrar$SpringApplicationAdmin - Application shutdown requested.
2026-05-19 16:07:15.148 INFO  [api-gateway] [traceId=none] o.s.b.a.SpringApplicationAdminMXBeanRegistrar$SpringApplicationAdmin - Application shutdown requested.
2026-05-19 16:07:15.205 INFO  [api-gateway] [traceId=none] o.s.c.n.e.s.EurekaServiceRegistry - Unregistering application API-GATEWAY with eureka with status DOWN
2026-05-19 16:07:15.237 INFO  [api-gateway] [traceId=none] o.s.b.a.SpringApplicationAdminMXBeanRegistrar$SpringApplicationAdmin - Application shutdown requested.
2026-05-19 16:07:15.301 WARN  [api-gateway] [traceId=none] c.n.d.s.t.d.RetryableEurekaHttpClient - Request execution failed with message: I/O error on POST request for "http://localhost:8761/eureka/apps/API-GATEWAY": Connect to http://localhost:8761 failed: Connection refused: no further information
2026-05-19 16:07:15.345 WARN  [api-gateway] [traceId=none] c.n.d.s.t.d.RetryableEurekaHttpClient - Request execution failed with message: I/O error on POST request for "http://localhost:8761/eureka/apps/API-GATEWAY": Connect to http://localhost:8761 failed: Connection refused: no further information
2026-05-19 16:07:15.353 WARN  [api-gateway] [traceId=none] c.netflix.discovery.DiscoveryClient - DiscoveryClient_API-GATEWAY/DESKTOP-TE08QKM:api-gateway:8080 - registration failed Cannot execute request on any known server
com.netflix.discovery.shared.transport.TransportException: Cannot execute request on any known server
	at com.netflix.discovery.shared.transport.decorator.RetryableEurekaHttpClient.execute(RetryableEurekaHttpClient.java:112)
	at com.netflix.discovery.shared.transport.decorator.EurekaHttpClientDecorator.register(EurekaHttpClientDecorator.java:56)
	at com.netflix.discovery.shared.transport.decorator.EurekaHttpClientDecorator$1.execute(EurekaHttpClientDecorator.java:59)
	at com.netflix.discovery.shared.transport.decorator.SessionedEurekaHttpClient.execute(SessionedEurekaHttpClient.java:76)
	at com.netflix.discovery.shared.transport.decorator.EurekaHttpClientDecorator.register(EurekaHttpClientDecorator.java:56)
	at com.netflix.discovery.DiscoveryClient.register(DiscoveryClient.java:828)
	at com.netflix.discovery.InstanceInfoReplicator.run(InstanceInfoReplicator.java:125)
	at com.netflix.discovery.InstanceInfoReplicator$2.run(InstanceInfoReplicator.java:105)
	at java.base/java.util.concurrent.Executors$RunnableAdapter.call(Executors.java:577)
	at java.base/java.util.concurrent.FutureTask.run(FutureTask.java:317)
	at java.base/java.util.concurrent.ScheduledThreadPoolExecutor$ScheduledFutureTask.run(ScheduledThreadPoolExecutor.java:304)
	at java.base/java.util.concurrent.ThreadPoolExecutor.runWorker(ThreadPoolExecutor.java:1144)
	at java.base/java.util.concurrent.ThreadPoolExecutor$Worker.run(ThreadPoolExecutor.java:642)
	at java.base/java.lang.Thread.run(Thread.java:1623)
2026-05-19 16:07:15.354 WARN  [api-gateway] [traceId=none] c.n.discovery.InstanceInfoReplicator - There was a problem with the instance info replicator
com.netflix.discovery.shared.transport.TransportException: Cannot execute request on any known server
	at com.netflix.discovery.shared.transport.decorator.RetryableEurekaHttpClient.execute(RetryableEurekaHttpClient.java:112)
	at com.netflix.discovery.shared.transport.decorator.EurekaHttpClientDecorator.register(EurekaHttpClientDecorator.java:56)
	at com.netflix.discovery.shared.transport.decorator.EurekaHttpClientDecorator$1.execute(EurekaHttpClientDecorator.java:59)
	at com.netflix.discovery.shared.transport.decorator.SessionedEurekaHttpClient.execute(SessionedEurekaHttpClient.java:76)
	at com.netflix.discovery.shared.transport.decorator.EurekaHttpClientDecorator.register(EurekaHttpClientDecorator.java:56)
	at com.netflix.discovery.DiscoveryClient.register(DiscoveryClient.java:828)
	at com.netflix.discovery.InstanceInfoReplicator.run(InstanceInfoReplicator.java:125)
	at com.netflix.discovery.InstanceInfoReplicator$2.run(InstanceInfoReplicator.java:105)
	at java.base/java.util.concurrent.Executors$RunnableAdapter.call(Executors.java:577)
	at java.base/java.util.concurrent.FutureTask.run(FutureTask.java:317)
	at java.base/java.util.concurrent.ScheduledThreadPoolExecutor$ScheduledFutureTask.run(ScheduledThreadPoolExecutor.java:304)
	at java.base/java.util.concurrent.ThreadPoolExecutor.runWorker(ThreadPoolExecutor.java:1144)
	at java.base/java.util.concurrent.ThreadPoolExecutor$Worker.run(ThreadPoolExecutor.java:642)
	at java.base/java.lang.Thread.run(Thread.java:1623)
2026-05-19 16:07:15.436 INFO  [api-gateway] [traceId=none] o.s.b.a.SpringApplicationAdminMXBeanRegistrar$SpringApplicationAdmin - Application shutdown requested.
2026-05-19 16:07:15.471 INFO  [api-gateway] [traceId=none] o.s.b.w.e.netty.GracefulShutdown - Commencing graceful shutdown. Waiting for active requests to complete
2026-05-19 16:07:15.520 INFO  [api-gateway] [traceId=none] o.s.b.w.e.netty.GracefulShutdown - Graceful shutdown complete
2026-05-19 16:07:15.623 INFO  [api-gateway] [traceId=none] o.s.b.a.SpringApplicationAdminMXBeanRegistrar$SpringApplicationAdmin - Application shutdown requested.
2026-05-19 16:07:15.778 INFO  [api-gateway] [traceId=none] o.s.b.a.SpringApplicationAdminMXBeanRegistrar$SpringApplicationAdmin - Application shutdown requested.
2026-05-19 16:07:15.959 INFO  [api-gateway] [traceId=none] o.s.b.a.SpringApplicationAdminMXBeanRegistrar$SpringApplicationAdmin - Application shutdown requested.
2026-05-19 16:07:16.137 INFO  [api-gateway] [traceId=none] o.s.b.a.SpringApplicationAdminMXBeanRegistrar$SpringApplicationAdmin - Application shutdown requested.
2026-05-19 16:07:16.344 INFO  [api-gateway] [traceId=none] o.s.b.a.SpringApplicationAdminMXBeanRegistrar$SpringApplicationAdmin - Application shutdown requested.
2026-05-19 16:07:16.524 INFO  [api-gateway] [traceId=none] o.s.b.a.SpringApplicationAdminMXBeanRegistrar$SpringApplicationAdmin - Application shutdown requested.
2026-05-19 16:07:16.714 INFO  [api-gateway] [traceId=none] o.s.b.a.SpringApplicationAdminMXBeanRegistrar$SpringApplicationAdmin - Application shutdown requested.
2026-05-19 16:07:16.885 INFO  [api-gateway] [traceId=none] o.s.b.a.SpringApplicationAdminMXBeanRegistrar$SpringApplicationAdmin - Application shutdown requested.
2026-05-19 16:07:17.092 INFO  [api-gateway] [traceId=none] o.s.b.a.SpringApplicationAdminMXBeanRegistrar$SpringApplicationAdmin - Application shutdown requested.
2026-05-19 16:07:17.292 INFO  [api-gateway] [traceId=none] o.s.b.a.SpringApplicationAdminMXBeanRegistrar$SpringApplicationAdmin - Application shutdown requested.
2026-05-19 16:07:17.486 INFO  [api-gateway] [traceId=none] o.s.b.a.SpringApplicationAdminMXBeanRegistrar$SpringApplicationAdmin - Application shutdown requested.
2026-05-19 16:09:30.064 INFO  [api-gateway] [traceId=none] o.h.validator.internal.util.Version - HV000001: Hibernate Validator 8.0.3.Final
2026-05-19 16:09:30.284 INFO  [api-gateway] [traceId=none] c.m.apigateway.ApiGatewayApplication - Starting ApiGatewayApplication using Java 20.0.2 with PID 42644 (C:\Users\Aishu\C_MediTrack\MediTrack\api_gateway\target\classes started by Aishu in C:\Users\Aishu\C_MediTrack\MediTrack\api_gateway)
2026-05-19 16:09:30.286 INFO  [api-gateway] [traceId=none] c.m.apigateway.ApiGatewayApplication - No active profile set, falling back to 1 default profile: "default"
2026-05-19 16:09:36.201 INFO  [api-gateway] [traceId=none] o.s.cloud.context.scope.GenericScope - BeanFactory id=0a685e7a-ee54-35f4-8f22-27fef5837b74
2026-05-19 16:09:38.338 INFO  [api-gateway] [traceId=none] c.m.apigateway.aop.LoggingAspect - [GATEWAY] --> CorsConfig.corsWebFilter()
2026-05-19 16:09:38.396 INFO  [api-gateway] [traceId=none] c.m.apigateway.aop.LoggingAspect - [GATEWAY] <-- CorsConfig.corsWebFilter() | 58ms
2026-05-19 16:09:43.939 INFO  [api-gateway] [traceId=none] o.s.c.g.r.RouteDefinitionRouteLocator - Loaded RoutePredicateFactory [After]
2026-05-19 16:09:43.939 INFO  [api-gateway] [traceId=none] o.s.c.g.r.RouteDefinitionRouteLocator - Loaded RoutePredicateFactory [Before]
2026-05-19 16:09:43.940 INFO  [api-gateway] [traceId=none] o.s.c.g.r.RouteDefinitionRouteLocator - Loaded RoutePredicateFactory [Between]
2026-05-19 16:09:43.949 INFO  [api-gateway] [traceId=none] o.s.c.g.r.RouteDefinitionRouteLocator - Loaded RoutePredicateFactory [Cookie]
2026-05-19 16:09:43.956 INFO  [api-gateway] [traceId=none] o.s.c.g.r.RouteDefinitionRouteLocator - Loaded RoutePredicateFactory [Header]
2026-05-19 16:09:43.959 INFO  [api-gateway] [traceId=none] o.s.c.g.r.RouteDefinitionRouteLocator - Loaded RoutePredicateFactory [Host]
2026-05-19 16:09:43.959 INFO  [api-gateway] [traceId=none] o.s.c.g.r.RouteDefinitionRouteLocator - Loaded RoutePredicateFactory [Method]
2026-05-19 16:09:43.960 INFO  [api-gateway] [traceId=none] o.s.c.g.r.RouteDefinitionRouteLocator - Loaded RoutePredicateFactory [Path]
2026-05-19 16:09:43.960 INFO  [api-gateway] [traceId=none] o.s.c.g.r.RouteDefinitionRouteLocator - Loaded RoutePredicateFactory [Query]
2026-05-19 16:09:43.960 INFO  [api-gateway] [traceId=none] o.s.c.g.r.RouteDefinitionRouteLocator - Loaded RoutePredicateFactory [ReadBody]
2026-05-19 16:09:44.016 INFO  [api-gateway] [traceId=none] o.s.c.g.r.RouteDefinitionRouteLocator - Loaded RoutePredicateFactory [RemoteAddr]
2026-05-19 16:09:44.016 INFO  [api-gateway] [traceId=none] o.s.c.g.r.RouteDefinitionRouteLocator - Loaded RoutePredicateFactory [XForwardedRemoteAddr]
2026-05-19 16:09:44.016 INFO  [api-gateway] [traceId=none] o.s.c.g.r.RouteDefinitionRouteLocator - Loaded RoutePredicateFactory [Weight]
2026-05-19 16:09:44.017 INFO  [api-gateway] [traceId=none] o.s.c.g.r.RouteDefinitionRouteLocator - Loaded RoutePredicateFactory [CloudFoundryRouteService]
2026-05-19 16:09:47.141 INFO  [api-gateway] [traceId=none] o.s.c.n.e.c.DiscoveryClientOptionalArgsConfiguration - Eureka HTTP Client uses RestTemplate.
2026-05-19 16:09:49.430 WARN  [api-gateway] [traceId=none] o.s.c.l.c.LoadBalancerCacheAutoConfiguration$LoadBalancerCaffeineWarnLogger - Spring Cloud LoadBalancer is currently working with the default cache. While this cache implementation is useful for development and tests, it's recommended to use Caffeine cache in production.You can switch to using Caffeine cache, by adding it and org.springframework.cache.caffeine.CaffeineCacheManager to the classpath.
2026-05-19 16:09:49.632 INFO  [api-gateway] [traceId=none] o.s.c.n.eureka.InstanceInfoFactory - Setting initial instance status as: STARTING
2026-05-19 16:09:51.567 INFO  [api-gateway] [traceId=none] o.s.c.n.e.s.EurekaServiceRegistry - Registering application API-GATEWAY with eureka with status UP
2026-05-19 16:09:53.235 INFO  [api-gateway] [traceId=none] o.s.b.w.e.netty.NettyWebServer - Netty started on port 8080 (http)
2026-05-19 16:09:53.242 INFO  [api-gateway] [traceId=none] o.s.c.n.e.s.EurekaAutoServiceRegistration - Updating port to 8080
2026-05-19 16:09:54.821 INFO  [api-gateway] [traceId=none] c.m.apigateway.ApiGatewayApplication - Started ApiGatewayApplication in 27.668 seconds (process running for 30.966)
2026-05-19 16:42:05.187 WARN  [api-gateway] [traceId=none] c.n.d.s.t.d.RetryableEurekaHttpClient - Request execution failed with message: I/O error on GET request for "http://localhost:8761/eureka/apps/delta": Connect to http://localhost:8761 failed: Connection refused: no further information
2026-05-19 16:42:05.340 WARN  [api-gateway] [traceId=none] c.n.d.s.t.d.RetryableEurekaHttpClient - Request execution failed with message: I/O error on GET request for "http://localhost:8761/eureka/apps/delta": Connect to http://localhost:8761 failed: Connection refused: no further information
2026-05-19 16:42:05.776 WARN  [api-gateway] [traceId=none] c.n.d.s.t.d.RetryableEurekaHttpClient - Request execution failed with message: I/O error on PUT request for "http://localhost:8761/eureka/apps/API-GATEWAY/DESKTOP-TE08QKM:api-gateway:8080": Connect to http://localhost:8761 failed: Connection refused: no further information
2026-05-19 16:42:05.838 WARN  [api-gateway] [traceId=none] c.n.d.s.t.d.RetryableEurekaHttpClient - Request execution failed with message: I/O error on PUT request for "http://localhost:8761/eureka/apps/API-GATEWAY/DESKTOP-TE08QKM:api-gateway:8080": Connect to http://localhost:8761 failed: Connection refused: no further information
2026-05-19 16:42:05.838 ERROR [api-gateway] [traceId=none] c.netflix.discovery.DiscoveryClient - DiscoveryClient_API-GATEWAY/DESKTOP-TE08QKM:api-gateway:8080 - was unable to send heartbeat!
com.netflix.discovery.shared.transport.TransportException: Cannot execute request on any known server
	at com.netflix.discovery.shared.transport.decorator.RetryableEurekaHttpClient.execute(RetryableEurekaHttpClient.java:112)
	at com.netflix.discovery.shared.transport.decorator.EurekaHttpClientDecorator.sendHeartBeat(EurekaHttpClientDecorator.java:89)
	at com.netflix.discovery.shared.transport.decorator.EurekaHttpClientDecorator$3.execute(EurekaHttpClientDecorator.java:92)
	at com.netflix.discovery.shared.transport.decorator.SessionedEurekaHttpClient.execute(SessionedEurekaHttpClient.java:76)
	at com.netflix.discovery.shared.transport.decorator.EurekaHttpClientDecorator.sendHeartBeat(EurekaHttpClientDecorator.java:89)
	at com.netflix.discovery.DiscoveryClient.renew(DiscoveryClient.java:845)
	at com.netflix.discovery.DiscoveryClient$HeartbeatThread.run(DiscoveryClient.java:1403)
	at java.base/java.util.concurrent.Executors$RunnableAdapter.call(Executors.java:577)
	at java.base/java.util.concurrent.FutureTask.run(FutureTask.java:317)
	at java.base/java.util.concurrent.ThreadPoolExecutor.runWorker(ThreadPoolExecutor.java:1144)
	at java.base/java.util.concurrent.ThreadPoolExecutor$Worker.run(ThreadPoolExecutor.java:642)
	at java.base/java.lang.Thread.run(Thread.java:1623)
2026-05-19 16:42:33.625 INFO  [api-gateway] [traceId=none] o.s.b.a.SpringApplicationAdminMXBeanRegistrar$SpringApplicationAdmin - Application shutdown requested.
2026-05-19 16:42:33.661 INFO  [api-gateway] [traceId=none] o.s.c.n.e.s.EurekaServiceRegistry - Unregistering application API-GATEWAY with eureka with status DOWN
2026-05-19 16:42:33.701 INFO  [api-gateway] [traceId=none] o.s.b.w.e.netty.GracefulShutdown - Commencing graceful shutdown. Waiting for active requests to complete
2026-05-19 16:42:33.707 WARN  [api-gateway] [traceId=none] c.n.d.s.t.d.RetryableEurekaHttpClient - Request execution failed with message: I/O error on POST request for "http://localhost:8761/eureka/apps/API-GATEWAY": Connect to http://localhost:8761 failed: Connection refused: no further information
2026-05-19 16:42:33.707 WARN  [api-gateway] [traceId=none] c.netflix.discovery.DiscoveryClient - DiscoveryClient_API-GATEWAY/DESKTOP-TE08QKM:api-gateway:8080 - registration failed Cannot execute request on any known server
com.netflix.discovery.shared.transport.TransportException: Cannot execute request on any known server
	at com.netflix.discovery.shared.transport.decorator.RetryableEurekaHttpClient.execute(RetryableEurekaHttpClient.java:112)
	at com.netflix.discovery.shared.transport.decorator.EurekaHttpClientDecorator.register(EurekaHttpClientDecorator.java:56)
	at com.netflix.discovery.shared.transport.decorator.EurekaHttpClientDecorator$1.execute(EurekaHttpClientDecorator.java:59)
	at com.netflix.discovery.shared.transport.decorator.SessionedEurekaHttpClient.execute(SessionedEurekaHttpClient.java:76)
	at com.netflix.discovery.shared.transport.decorator.EurekaHttpClientDecorator.register(EurekaHttpClientDecorator.java:56)
	at com.netflix.discovery.DiscoveryClient.register(DiscoveryClient.java:828)
	at com.netflix.discovery.InstanceInfoReplicator.run(InstanceInfoReplicator.java:125)
	at com.netflix.discovery.InstanceInfoReplicator$2.run(InstanceInfoReplicator.java:105)
	at java.base/java.util.concurrent.Executors$RunnableAdapter.call(Executors.java:577)
	at java.base/java.util.concurrent.FutureTask.run(FutureTask.java:317)
	at java.base/java.util.concurrent.ScheduledThreadPoolExecutor$ScheduledFutureTask.run(ScheduledThreadPoolExecutor.java:304)
	at java.base/java.util.concurrent.ThreadPoolExecutor.runWorker(ThreadPoolExecutor.java:1144)
	at java.base/java.util.concurrent.ThreadPoolExecutor$Worker.run(ThreadPoolExecutor.java:642)
	at java.base/java.lang.Thread.run(Thread.java:1623)
2026-05-19 16:42:33.708 WARN  [api-gateway] [traceId=none] c.n.discovery.InstanceInfoReplicator - There was a problem with the instance info replicator
com.netflix.discovery.shared.transport.TransportException: Cannot execute request on any known server
	at com.netflix.discovery.shared.transport.decorator.RetryableEurekaHttpClient.execute(RetryableEurekaHttpClient.java:112)
	at com.netflix.discovery.shared.transport.decorator.EurekaHttpClientDecorator.register(EurekaHttpClientDecorator.java:56)
	at com.netflix.discovery.shared.transport.decorator.EurekaHttpClientDecorator$1.execute(EurekaHttpClientDecorator.java:59)
	at com.netflix.discovery.shared.transport.decorator.SessionedEurekaHttpClient.execute(SessionedEurekaHttpClient.java:76)
	at com.netflix.discovery.shared.transport.decorator.EurekaHttpClientDecorator.register(EurekaHttpClientDecorator.java:56)
	at com.netflix.discovery.DiscoveryClient.register(DiscoveryClient.java:828)
	at com.netflix.discovery.InstanceInfoReplicator.run(InstanceInfoReplicator.java:125)
	at com.netflix.discovery.InstanceInfoReplicator$2.run(InstanceInfoReplicator.java:105)
	at java.base/java.util.concurrent.Executors$RunnableAdapter.call(Executors.java:577)
	at java.base/java.util.concurrent.FutureTask.run(FutureTask.java:317)
	at java.base/java.util.concurrent.ScheduledThreadPoolExecutor$ScheduledFutureTask.run(ScheduledThreadPoolExecutor.java:304)
	at java.base/java.util.concurrent.ThreadPoolExecutor.runWorker(ThreadPoolExecutor.java:1144)
	at java.base/java.util.concurrent.ThreadPoolExecutor$Worker.run(ThreadPoolExecutor.java:642)
	at java.base/java.lang.Thread.run(Thread.java:1623)
2026-05-19 16:42:33.721 INFO  [api-gateway] [traceId=none] o.s.b.w.e.netty.GracefulShutdown - Graceful shutdown complete
2026-05-19 16:42:35.373 WARN  [api-gateway] [traceId=none] c.n.d.s.t.d.RetryableEurekaHttpClient - Request execution failed with message: I/O error on GET request for "http://localhost:8761/eureka/apps/delta": Connect to http://localhost:8761 failed: Connection refused: no further information
2026-05-19 16:42:35.910 WARN  [api-gateway] [traceId=none] c.n.d.s.t.d.RetryableEurekaHttpClient - Request execution failed with message: I/O error on PUT request for "http://localhost:8761/eureka/apps/API-GATEWAY/DESKTOP-TE08QKM:api-gateway:8080": Connect to http://localhost:8761 failed: Connection refused: no further information
2026-05-19 16:42:35.910 ERROR [api-gateway] [traceId=none] c.netflix.discovery.DiscoveryClient - DiscoveryClient_API-GATEWAY/DESKTOP-TE08QKM:api-gateway:8080 - was unable to send heartbeat!
com.netflix.discovery.shared.transport.TransportException: Cannot execute request on any known server
	at com.netflix.discovery.shared.transport.decorator.RetryableEurekaHttpClient.execute(RetryableEurekaHttpClient.java:112)
	at com.netflix.discovery.shared.transport.decorator.EurekaHttpClientDecorator.sendHeartBeat(EurekaHttpClientDecorator.java:89)
	at com.netflix.discovery.shared.transport.decorator.EurekaHttpClientDecorator$3.execute(EurekaHttpClientDecorator.java:92)
	at com.netflix.discovery.shared.transport.decorator.SessionedEurekaHttpClient.execute(SessionedEurekaHttpClient.java:76)
	at com.netflix.discovery.shared.transport.decorator.EurekaHttpClientDecorator.sendHeartBeat(EurekaHttpClientDecorator.java:89)
	at com.netflix.discovery.DiscoveryClient.renew(DiscoveryClient.java:845)
	at com.netflix.discovery.DiscoveryClient$HeartbeatThread.run(DiscoveryClient.java:1403)
	at java.base/java.util.concurrent.Executors$RunnableAdapter.call(Executors.java:577)
	at java.base/java.util.concurrent.FutureTask.run(FutureTask.java:317)
	at java.base/java.util.concurrent.ThreadPoolExecutor.runWorker(ThreadPoolExecutor.java:1144)
	at java.base/java.util.concurrent.ThreadPoolExecutor$Worker.run(ThreadPoolExecutor.java:642)
	at java.base/java.lang.Thread.run(Thread.java:1623)
2026-05-19 16:42:38.895 WARN  [api-gateway] [traceId=none] c.n.d.s.t.d.RetryableEurekaHttpClient - Request execution failed with message: I/O error on DELETE request for "http://localhost:8761/eureka/apps/API-GATEWAY/DESKTOP-TE08QKM:api-gateway:8080": Connect to http://localhost:8761 failed: Connection refused: no further information
2026-05-19 16:42:38.895 ERROR [api-gateway] [traceId=none] c.netflix.discovery.DiscoveryClient - DiscoveryClient_API-GATEWAY/DESKTOP-TE08QKM:api-gateway:8080 - de-registration failedCannot execute request on any known server
com.netflix.discovery.shared.transport.TransportException: Cannot execute request on any known server
	at com.netflix.discovery.shared.transport.decorator.RetryableEurekaHttpClient.execute(RetryableEurekaHttpClient.java:112)
	at com.netflix.discovery.shared.transport.decorator.EurekaHttpClientDecorator.cancel(EurekaHttpClientDecorator.java:71)
	at com.netflix.discovery.shared.transport.decorator.EurekaHttpClientDecorator$2.execute(EurekaHttpClientDecorator.java:74)
	at com.netflix.discovery.shared.transport.decorator.SessionedEurekaHttpClient.execute(SessionedEurekaHttpClient.java:76)
	at com.netflix.discovery.shared.transport.decorator.EurekaHttpClientDecorator.cancel(EurekaHttpClientDecorator.java:71)
	at com.netflix.discovery.DiscoveryClient.unregister(DiscoveryClient.java:919)
	at com.netflix.discovery.DiscoveryClient.shutdown(DiscoveryClient.java:900)
	at java.base/jdk.internal.reflect.DirectMethodHandleAccessor.invoke(DirectMethodHandleAccessor.java:104)
	at java.base/java.lang.reflect.Method.invoke(Method.java:578)
	at org.springframework.beans.factory.annotation.InitDestroyAnnotationBeanPostProcessor$LifecycleMethod.invoke(InitDestroyAnnotationBeanPostProcessor.java:457)
	at org.springframework.beans.factory.annotation.InitDestroyAnnotationBeanPostProcessor$LifecycleMetadata.invokeDestroyMethods(InitDestroyAnnotationBeanPostProcessor.java:415)
	at org.springframework.beans.factory.annotation.InitDestroyAnnotationBeanPostProcessor.postProcessBeforeDestruction(InitDestroyAnnotationBeanPostProcessor.java:239)
	at org.springframework.beans.factory.support.DisposableBeanAdapter.destroy(DisposableBeanAdapter.java:203)
	at org.springframework.beans.factory.support.DisposableBeanAdapter.run(DisposableBeanAdapter.java:196)
	at org.springframework.cloud.context.scope.GenericScope$BeanLifecycleWrapper.destroy(GenericScope.java:387)
	at org.springframework.cloud.context.scope.GenericScope.destroy(GenericScope.java:134)
	at org.springframework.beans.factory.support.DisposableBeanAdapter.destroy(DisposableBeanAdapter.java:212)
	at org.springframework.beans.factory.support.DefaultSingletonBeanRegistry.destroyBean(DefaultSingletonBeanRegistry.java:798)
	at org.springframework.beans.factory.support.DefaultSingletonBeanRegistry.destroySingleton(DefaultSingletonBeanRegistry.java:748)
	at org.springframework.beans.factory.support.DefaultListableBeanFactory.destroySingleton(DefaultListableBeanFactory.java:1499)
	at org.springframework.beans.factory.support.DefaultSingletonBeanRegistry.destroySingletons(DefaultSingletonBeanRegistry.java:707)
	at org.springframework.beans.factory.support.DefaultListableBeanFactory.destroySingletons(DefaultListableBeanFactory.java:1492)
	at org.springframework.context.support.AbstractApplicationContext.destroyBeans(AbstractApplicationContext.java:1243)
	at org.springframework.context.support.AbstractApplicationContext.doClose(AbstractApplicationContext.java:1204)
	at org.springframework.boot.web.reactive.context.ReactiveWebServerApplicationContext.doClose(ReactiveWebServerApplicationContext.java:155)
	at org.springframework.context.support.AbstractApplicationContext.close(AbstractApplicationContext.java:1150)
	at org.springframework.boot.admin.SpringApplicationAdminMXBeanRegistrar$SpringApplicationAdmin.shutdown(SpringApplicationAdminMXBeanRegistrar.java:160)
	at java.base/jdk.internal.reflect.DirectMethodHandleAccessor.invoke(DirectMethodHandleAccessor.java:104)
	at java.base/java.lang.reflect.Method.invoke(Method.java:578)
	at sun.reflect.misc.Trampoline.invoke(MethodUtil.java:64)
	at java.base/jdk.internal.reflect.DirectMethodHandleAccessor.invoke(DirectMethodHandleAccessor.java:104)
	at java.base/java.lang.reflect.Method.invoke(Method.java:578)
	at java.base/sun.reflect.misc.MethodUtil.invoke(MethodUtil.java:97)
	at java.management/com.sun.jmx.mbeanserver.ConvertingMethod.invokeWithOpenReturn(ConvertingMethod.java:193)
	at java.management/com.sun.jmx.mbeanserver.ConvertingMethod.invokeWithOpenReturn(ConvertingMethod.java:175)
	at java.management/com.sun.jmx.mbeanserver.MXBeanIntrospector.invokeM2(MXBeanIntrospector.java:115)
	at java.management/com.sun.jmx.mbeanserver.MXBeanIntrospector.invokeM2(MXBeanIntrospector.java:52)
	at java.management/com.sun.jmx.mbeanserver.MBeanIntrospector.invokeM(MBeanIntrospector.java:236)
	at java.management/com.sun.jmx.mbeanserver.PerInterface.invoke(PerInterface.java:138)
	at java.management/com.sun.jmx.mbeanserver.MBeanSupport.invoke(MBeanSupport.java:252)
	at java.management/com.sun.jmx.interceptor.DefaultMBeanServerInterceptor.invoke(DefaultMBeanServerInterceptor.java:803)
	at java.management/com.sun.jmx.mbeanserver.JmxMBeanServer.invoke(JmxMBeanServer.java:802)
	at java.management.rmi/javax.management.remote.rmi.RMIConnectionImpl.doOperation(RMIConnectionImpl.java:1472)
	at java.management.rmi/javax.management.remote.rmi.RMIConnectionImpl$PrivilegedOperation.run(RMIConnectionImpl.java:1310)
	at java.management.rmi/javax.management.remote.rmi.RMIConnectionImpl.doPrivilegedOperation(RMIConnectionImpl.java:1405)
	at java.management.rmi/javax.management.remote.rmi.RMIConnectionImpl.invoke(RMIConnectionImpl.java:829)
	at java.base/jdk.internal.reflect.DirectMethodHandleAccessor.invoke(DirectMethodHandleAccessor.java:104)
	at java.base/java.lang.reflect.Method.invoke(Method.java:578)
	at java.rmi/sun.rmi.server.UnicastServerRef.dispatch(UnicastServerRef.java:360)
	at java.rmi/sun.rmi.transport.Transport$1.run(Transport.java:200)
	at java.rmi/sun.rmi.transport.Transport$1.run(Transport.java:197)
	at java.base/java.security.AccessController.doPrivileged(AccessController.java:714)
	at java.rmi/sun.rmi.transport.Transport.serviceCall(Transport.java:196)
	at java.rmi/sun.rmi.transport.tcp.TCPTransport.handleMessages(TCPTransport.java:598)
	at java.rmi/sun.rmi.transport.tcp.TCPTransport$ConnectionHandler.run0(TCPTransport.java:844)
	at java.rmi/sun.rmi.transport.tcp.TCPTransport$ConnectionHandler.lambda$run$0(TCPTransport.java:721)
	at java.base/java.security.AccessController.doPrivileged(AccessController.java:400)
	at java.rmi/sun.rmi.transport.tcp.TCPTransport$ConnectionHandler.run(TCPTransport.java:720)
	at java.base/java.util.concurrent.ThreadPoolExecutor.runWorker(ThreadPoolExecutor.java:1144)
	at java.base/java.util.concurrent.ThreadPoolExecutor$Worker.run(ThreadPoolExecutor.java:642)
	at java.base/java.lang.Thread.run(Thread.java:1623)
